This is XeTeX, Version 3.141592653-2.6-0.999995 (MiKTeX 23.4) (preloaded format=xelatex 2023.7.1)  12 OCT 2023 11:05
entering extended mode
 restricted \write18 enabled.
 %&-line parsing enabled.
**./book.tex
(book.tex
LaTeX2e <2022-11-01> patch level 1
L3 programming layer <2023-03-30> (C:\CTEX\MiKTeX\tex/latex/base\book.cls
Document Class: book 2022/07/02 v1.4n Standard LaTeX document class
(C:\CTEX\MiKTeX\tex/latex/base\bk11.clo
File: bk11.clo 2022/07/02 v1.4n Standard LaTeX file (size option)
)
\c@part=\count181
\c@chapter=\count182
\c@section=\count183
\c@subsection=\count184
\c@subsubsection=\count185
\c@paragraph=\count186
\c@subparagraph=\count187
\c@figure=\count188
\c@table=\count189
\abovecaptionskip=\skip48
\belowcaptionskip=\skip49
\bibindent=\dimen140
)
(C:\CTEX\MiKTeX\tex/latex/ctex\ctex.sty
(C:\CTEX\MiKTeX\tex/latex/l3kernel\expl3.sty
Package: expl3 2023-03-30 L3 programming layer (loader) 

(C:\CTEX\MiKTeX\tex/latex/l3backend\l3backend-xetex.def
File: l3backend-xetex.def 2023-03-30 L3 backend support: XeTeX
\g__graphics_track_int=\count190
\l__pdf_internal_box=\box51
\g__pdf_backend_object_int=\count191
\g__pdf_backend_annotation_int=\count192
\g__pdf_backend_link_int=\count193
))
Package: ctex 2022/07/14 v2.5.10 Chinese adapter in LaTeX (CTEX)

(C:\CTEX\MiKTeX\tex/latex/ctex\ctexhook.sty
Package: ctexhook 2022/07/14 v2.5.10 Document and package hooks (CTEX)
)
(C:\CTEX\MiKTeX\tex/latex/ctex\ctexpatch.sty
Package: ctexpatch 2022/07/14 v2.5.10 Patching commands (CTEX)
)
(C:\CTEX\MiKTeX\tex/latex/base\fix-cm.sty
Package: fix-cm 2020/11/24 v1.1t fixes to LaTeX

(C:\CTEX\MiKTeX\tex/latex/base\ts1enc.def
File: ts1enc.def 2001/06/05 v3.0e (jk/car/fm) Standard LaTeX file
LaTeX Font Info:    Redeclaring font encoding TS1 on input line 47.
))
\l__ctex_tmp_int=\count194
\l__ctex_tmp_box=\box52
\l__ctex_tmp_dim=\dimen141
\g__ctex_section_depth_int=\count195
\g__ctex_font_size_int=\count196

(C:\CTEX\CTeX\tex/latex/ctex/cfg\ctexopts.cfg)
(C:\CTEX\MiKTeX\tex/latex/ctex/engine\ctex-engine-xetex.def
File: ctex-engine-xetex.def 2022/07/14 v2.5.10 XeLaTeX adapter (CTEX)

(C:\CTEX\MiKTeX\tex/xelatex/xecjk\xeCJK.sty
Package: xeCJK 2022/08/05 v3.9.1 Typesetting CJK scripts with XeLaTeX

(C:\CTEX\MiKTeX\tex/latex/l3packages/xtemplate\xtemplate.sty
Package: xtemplate 2023-02-02 L3 Experimental prototype document functions
\l__xtemplate_tmp_dim=\dimen142
\l__xtemplate_tmp_int=\count197
\l__xtemplate_tmp_muskip=\muskip16
\l__xtemplate_tmp_skip=\skip50
)
\l__xeCJK_tmp_int=\count198
\l__xeCJK_tmp_box=\box53
\l__xeCJK_tmp_dim=\dimen143
\l__xeCJK_tmp_skip=\skip51
\g__xeCJK_space_factor_int=\count199
\l__xeCJK_begin_int=\count266
\l__xeCJK_end_int=\count267
\c__xeCJK_CJK_class_int=\XeTeXcharclass1
\c__xeCJK_FullLeft_class_int=\XeTeXcharclass2
\c__xeCJK_FullRight_class_int=\XeTeXcharclass3
\c__xeCJK_HalfLeft_class_int=\XeTeXcharclass4
\c__xeCJK_HalfRight_class_int=\XeTeXcharclass5
\c__xeCJK_NormalSpace_class_int=\XeTeXcharclass6
\c__xeCJK_CM_class_int=\XeTeXcharclass7
\c__xeCJK_HangulJamo_class_int=\XeTeXcharclass8
\l__xeCJK_last_skip=\skip52
\c__xeCJK_none_node=\count268
\g__xeCJK_node_int=\count269
\c__xeCJK_CJK_node_dim=\dimen144
\c__xeCJK_CJK-space_node_dim=\dimen145
\c__xeCJK_default_node_dim=\dimen146
\c__xeCJK_CJK-widow_node_dim=\dimen147
\c__xeCJK_normalspace_node_dim=\dimen148
\c__xeCJK_default-space_node_skip=\skip53
\l__xeCJK_ccglue_skip=\skip54
\l__xeCJK_ecglue_skip=\skip55
\l__xeCJK_punct_kern_skip=\skip56
\l__xeCJK_indent_box=\box54
\l__xeCJK_last_penalty_int=\count270
\l__xeCJK_last_bound_dim=\dimen149
\l__xeCJK_last_kern_dim=\dimen150
\l__xeCJK_widow_penalty_int=\count271

Package xtemplate Info: Declaring object type 'xeCJK/punctuation' taking 0
(xtemplate)             argument(s) on line 2396.

\l__xeCJK_fixed_punct_width_dim=\dimen151
\l__xeCJK_mixed_punct_width_dim=\dimen152
\l__xeCJK_middle_punct_width_dim=\dimen153
\l__xeCJK_fixed_margin_width_dim=\dimen154
\l__xeCJK_mixed_margin_width_dim=\dimen155
\l__xeCJK_middle_margin_width_dim=\dimen156
\l__xeCJK_bound_punct_width_dim=\dimen157
\l__xeCJK_bound_margin_width_dim=\dimen158
\l__xeCJK_margin_minimum_dim=\dimen159
\l__xeCJK_kerning_total_width_dim=\dimen160
\l__xeCJK_same_align_margin_dim=\dimen161
\l__xeCJK_different_align_margin_dim=\dimen162
\l__xeCJK_kerning_margin_width_dim=\dimen163
\l__xeCJK_kerning_margin_minimum_dim=\dimen164
\l__xeCJK_bound_dim=\dimen165
\l__xeCJK_reverse_bound_dim=\dimen166
\l__xeCJK_margin_dim=\dimen167
\l__xeCJK_minimum_bound_dim=\dimen168
\l__xeCJK_kerning_margin_dim=\dimen169
\g__xeCJK_family_int=\count272
\l__xeCJK_fam_int=\count273
\g__xeCJK_fam_allocation_int=\count274
\l__xeCJK_verb_case_int=\count275
\l__xeCJK_verb_exspace_skip=\skip57

(C:\CTEX\MiKTeX\tex/latex/fontspec\fontspec.sty
(C:\CTEX\MiKTeX\tex/latex/l3packages/xparse\xparse.sty
Package: xparse 2023-02-02 L3 Experimental document command parser
)
Package: fontspec 2022/01/15 v2.8a Font selection for XeLaTeX and LuaLaTeX

(C:\CTEX\MiKTeX\tex/latex/fontspec\fontspec-xetex.sty
Package: fontspec-xetex 2022/01/15 v2.8a Font selection for XeLaTeX and LuaLaTe
X
\l__fontspec_script_int=\count276
\l__fontspec_language_int=\count277
\l__fontspec_strnum_int=\count278
\l__fontspec_tmp_int=\count279
\l__fontspec_tmpa_int=\count280
\l__fontspec_tmpb_int=\count281
\l__fontspec_tmpc_int=\count282
\l__fontspec_em_int=\count283
\l__fontspec_emdef_int=\count284
\l__fontspec_strong_int=\count285
\l__fontspec_strongdef_int=\count286
\l__fontspec_tmpa_dim=\dimen170
\l__fontspec_tmpb_dim=\dimen171
\l__fontspec_tmpc_dim=\dimen172

(C:\CTEX\MiKTeX\tex/latex/base\fontenc.sty
Package: fontenc 2021/04/29 v2.0v Standard LaTeX package
)
(C:\CTEX\MiKTeX\tex/latex/fontspec\fontspec.cfg)))
(C:\CTEX\MiKTeX\tex/xelatex/xecjk\xeCJK.cfg
File: xeCJK.cfg 2022/08/05 v3.9.1 Configuration file for xeCJK package
))
\ccwd=\dimen173
\l__ctex_ccglue_skip=\skip58
)
\l__ctex_ziju_dim=\dimen174

(C:\CTEX\MiKTeX\tex/latex/zhnumber\zhnumber.sty
Package: zhnumber 2022/07/14 v3.0 Typesetting numbers with Chinese glyphs
\l__zhnum_scale_int=\count287
\l__zhnum_tmp_int=\count288

(C:\CTEX\MiKTeX\tex/latex/zhnumber\zhnumber-utf8.cfg
File: zhnumber-utf8.cfg 2022/07/14 v3.0 Chinese numerals with UTF8 encoding
))
(C:\CTEX\MiKTeX\tex/latex/ctex/scheme\ctex-scheme-chinese.def
File: ctex-scheme-chinese.def 2022/07/14 v2.5.10 Chinese scheme for generic (CT
EX)

(C:\CTEX\MiKTeX\tex/latex/ctex/config\ctex-name-utf8.cfg
File: ctex-name-utf8.cfg 2022/07/14 v2.5.10 Caption with encoding UTF-8 (CTEX)
))
(C:\CTEX\MiKTeX\tex/latex/tools\indentfirst.sty
Package: indentfirst 1995/11/23 v1.03 Indent first paragraph (DPC)
)
(C:\CTEX\MiKTeX\tex/latex/ctex/fontset\ctex-fontset-windows.def
File: ctex-fontset-windows.def 2022/07/14 v2.5.10 Windows fonts definition (CTE
X)

Package fontspec Info: Could not resolve font "KaiTi/B" (it probably doesn't
(fontspec)             exist).


Package fontspec Info: Could not resolve font "SimHei/I" (it probably doesn't
(fontspec)             exist).


Package fontspec Info: Could not resolve font "SimSun/BI" (it probably doesn't
(fontspec)             exist).


Package fontspec Info: Font family 'SimSun(0)' created for font 'SimSun' with
(fontspec)             options
(fontspec)             [Script={CJK},BoldFont={SimHei},ItalicFont={KaiTi}].
(fontspec)              
(fontspec)              This font family consists of the following NFSS
(fontspec)             series/shapes:
(fontspec)              
(fontspec)             - 'normal' (m/n) with NFSS spec.:
(fontspec)             <->"SimSun/OT:script=hani;language=dflt;"
(fontspec)             - 'small caps'  (m/sc) with NFSS spec.: 
(fontspec)             - 'bold' (b/n) with NFSS spec.:
(fontspec)             <->"SimHei/OT:script=hani;language=dflt;"
(fontspec)             - 'bold small caps'  (b/sc) with NFSS spec.: 
(fontspec)             - 'italic' (m/it) with NFSS spec.:
(fontspec)             <->"KaiTi/OT:script=hani;language=dflt;"
(fontspec)             - 'italic small caps'  (m/scit) with NFSS spec.: 

))
(C:\CTEX\MiKTeX\tex/latex/ctex/config\ctex.cfg
File: ctex.cfg 2022/07/14 v2.5.10 Configuration file (CTEX)
)
(C:\CTEX\MiKTeX\tex/latex/amsmath\amsmath.sty
Package: amsmath 2022/04/08 v2.17n AMS math features
\@mathmargin=\skip59

For additional information on amsmath, use the `?' option.
(C:\CTEX\MiKTeX\tex/latex/amsmath\amstext.sty
Package: amstext 2021/08/26 v2.01 AMS text

(C:\CTEX\MiKTeX\tex/latex/amsmath\amsgen.sty
File: amsgen.sty 1999/11/30 v2.0 generic functions
\@emptytoks=\toks16
\ex@=\dimen175
))
(C:\CTEX\MiKTeX\tex/latex/amsmath\amsbsy.sty
Package: amsbsy 1999/11/29 v1.2d Bold Symbols
\pmbraise@=\dimen176
)
(C:\CTEX\MiKTeX\tex/latex/amsmath\amsopn.sty
Package: amsopn 2022/04/08 v2.04 operator names
)
\inf@bad=\count289
LaTeX Info: Redefining \frac on input line 234.
\uproot@=\count290
\leftroot@=\count291
LaTeX Info: Redefining \overline on input line 399.
LaTeX Info: Redefining \colon on input line 410.
\classnum@=\count292
\DOTSCASE@=\count293
LaTeX Info: Redefining \ldots on input line 496.
LaTeX Info: Redefining \dots on input line 499.
LaTeX Info: Redefining \cdots on input line 620.
\Mathstrutbox@=\box55
\strutbox@=\box56
LaTeX Info: Redefining \big on input line 722.
LaTeX Info: Redefining \Big on input line 723.
LaTeX Info: Redefining \bigg on input line 724.
LaTeX Info: Redefining \Bigg on input line 725.
\big@size=\dimen177
LaTeX Font Info:    Redeclaring font encoding OML on input line 743.
LaTeX Font Info:    Redeclaring font encoding OMS on input line 744.
\macc@depth=\count294
LaTeX Info: Redefining \bmod on input line 905.
LaTeX Info: Redefining \pmod on input line 910.
LaTeX Info: Redefining \smash on input line 940.
LaTeX Info: Redefining \relbar on input line 970.
LaTeX Info: Redefining \Relbar on input line 971.
\c@MaxMatrixCols=\count295
\dotsspace@=\muskip17
\c@parentequation=\count296
\dspbrk@lvl=\count297
\tag@help=\toks17
\row@=\count298
\column@=\count299
\maxfields@=\count300
\andhelp@=\toks18
\eqnshift@=\dimen178
\alignsep@=\dimen179
\tagshift@=\dimen180
\tagwidth@=\dimen181
\totwidth@=\dimen182
\lineht@=\dimen183
\@envbody=\toks19
\multlinegap=\skip60
\multlinetaggap=\skip61
\mathdisplay@stack=\toks20
LaTeX Info: Redefining \[ on input line 2953.
LaTeX Info: Redefining \] on input line 2954.
)
(C:\CTEX\MiKTeX\tex/latex/amsfonts\amssymb.sty
Package: amssymb 2013/01/14 v3.01 AMS font symbols

(C:\CTEX\MiKTeX\tex/latex/amsfonts\amsfonts.sty
Package: amsfonts 2013/01/14 v3.01 Basic AMSFonts support
\symAMSa=\mathgroup4
\symAMSb=\mathgroup5
LaTeX Font Info:    Redeclaring math symbol \hbar on input line 98.
LaTeX Font Info:    Overwriting math alphabet `\mathfrak' in version `bold'
(Font)                  U/euf/m/n --> U/euf/b/n on input line 106.
))
(C:\CTEX\MiKTeX\tex/latex/base\fontenc.sty
Package: fontenc 2021/04/29 v2.0v Standard LaTeX package
LaTeX Font Info:    Trying to load font information for T1+lmr on input line 11
2.

(C:\CTEX\MiKTeX\tex/latex/lm\t1lmr.fd
File: t1lmr.fd 2015/05/01 v1.6.1 Font defs for Latin Modern
))
(C:\CTEX\MiKTeX\tex/latex/graphics\graphicx.sty
Package: graphicx 2021/09/16 v1.2d Enhanced LaTeX Graphics (DPC,SPQR)

(C:\CTEX\MiKTeX\tex/latex/graphics\keyval.sty
Package: keyval 2022/05/29 v1.15 key=value parser (DPC)
\KV@toks@=\toks21
)
(C:\CTEX\MiKTeX\tex/latex/graphics\graphics.sty
Package: graphics 2022/03/10 v1.4e Standard LaTeX Graphics (DPC,SPQR)

(C:\CTEX\MiKTeX\tex/latex/graphics\trig.sty
Package: trig 2021/08/11 v1.11 sin cos tan (DPC)
)
(C:\CTEX\MiKTeX\tex/latex/graphics-cfg\graphics.cfg
File: graphics.cfg 2016/06/04 v1.11 sample graphics configuration
)
Package graphics Info: Driver file: xetex.def on input line 107.

(C:\CTEX\MiKTeX\tex/latex/graphics-def\xetex.def
File: xetex.def 2022/09/22 v5.0n Graphics/color driver for xetex
))
\Gin@req@height=\dimen184
\Gin@req@width=\dimen185
)
(C:\CTEX\MiKTeX\tex/latex/pgf/frontendlayer\tikz.sty
(C:\CTEX\MiKTeX\tex/latex/pgf/basiclayer\pgf.sty
(C:\CTEX\MiKTeX\tex/latex/pgf/utilities\pgfrcs.sty
(C:\CTEX\MiKTeX\tex/generic/pgf/utilities\pgfutil-common.tex
\pgfutil@everybye=\toks22
\pgfutil@tempdima=\dimen186
\pgfutil@tempdimb=\dimen187
)
(C:\CTEX\MiKTeX\tex/generic/pgf/utilities\pgfutil-latex.def
\pgfutil@abb=\box57
)
(C:\CTEX\MiKTeX\tex/generic/pgf/utilities\pgfrcs.code.tex
(C:\CTEX\MiKTeX\tex/generic/pgf\pgf.revision.tex)
Package: pgfrcs 2023-01-15 v3.1.10 (3.1.10)
))
Package: pgf 2023-01-15 v3.1.10 (3.1.10)

(C:\CTEX\MiKTeX\tex/latex/pgf/basiclayer\pgfcore.sty
(C:\CTEX\MiKTeX\tex/latex/pgf/systemlayer\pgfsys.sty
(C:\CTEX\MiKTeX\tex/generic/pgf/systemlayer\pgfsys.code.tex
Package: pgfsys 2023-01-15 v3.1.10 (3.1.10)

(C:\CTEX\MiKTeX\tex/generic/pgf/utilities\pgfkeys.code.tex
\pgfkeys@pathtoks=\toks23
\pgfkeys@temptoks=\toks24

(C:\CTEX\MiKTeX\tex/generic/pgf/utilities\pgfkeyslibraryfiltered.code.tex
\pgfkeys@tmptoks=\toks25
))
\pgf@x=\dimen188
\pgf@y=\dimen189
\pgf@xa=\dimen190
\pgf@ya=\dimen191
\pgf@xb=\dimen192
\pgf@yb=\dimen193
\pgf@xc=\dimen194
\pgf@yc=\dimen195
\pgf@xd=\dimen196
\pgf@yd=\dimen197
\w@pgf@writea=\write3
\r@pgf@reada=\read2
\c@pgf@counta=\count301
\c@pgf@countb=\count302
\c@pgf@countc=\count303
\c@pgf@countd=\count304
\t@pgf@toka=\toks26
\t@pgf@tokb=\toks27
\t@pgf@tokc=\toks28
\pgf@sys@id@count=\count305

(C:\CTEX\MiKTeX\tex/generic/pgf/systemlayer\pgf.cfg
File: pgf.cfg 2023-01-15 v3.1.10 (3.1.10)
)
Driver file for pgf: pgfsys-xetex.def

(C:\CTEX\MiKTeX\tex/generic/pgf/systemlayer\pgfsys-xetex.def
File: pgfsys-xetex.def 2023-01-15 v3.1.10 (3.1.10)

(C:\CTEX\MiKTeX\tex/generic/pgf/systemlayer\pgfsys-dvipdfmx.def
File: pgfsys-dvipdfmx.def 2023-01-15 v3.1.10 (3.1.10)

(C:\CTEX\MiKTeX\tex/generic/pgf/systemlayer\pgfsys-common-pdf.def
File: pgfsys-common-pdf.def 2023-01-15 v3.1.10 (3.1.10)
)
\pgfsys@objnum=\count306
)))
(C:\CTEX\MiKTeX\tex/generic/pgf/systemlayer\pgfsyssoftpath.code.tex
File: pgfsyssoftpath.code.tex 2023-01-15 v3.1.10 (3.1.10)
\pgfsyssoftpath@smallbuffer@items=\count307
\pgfsyssoftpath@bigbuffer@items=\count308
)
(C:\CTEX\MiKTeX\tex/generic/pgf/systemlayer\pgfsysprotocol.code.tex
File: pgfsysprotocol.code.tex 2023-01-15 v3.1.10 (3.1.10)
))
(C:\CTEX\MiKTeX\tex/latex/xcolor\xcolor.sty
Package: xcolor 2022/06/12 v2.14 LaTeX color extensions (UK)

(C:\CTEX\MiKTeX\tex/latex/graphics-cfg\color.cfg
File: color.cfg 2016/01/02 v1.6 sample color configuration
)
Package xcolor Info: Driver file: xetex.def on input line 227.

(C:\CTEX\MiKTeX\tex/latex/graphics\mathcolor.ltx)
Package xcolor Info: Model `cmy' substituted by `cmy0' on input line 1353.
Package xcolor Info: Model `RGB' extended on input line 1369.
Package xcolor Info: Model `HTML' substituted by `rgb' on input line 1371.
Package xcolor Info: Model `Hsb' substituted by `hsb' on input line 1372.
Package xcolor Info: Model `tHsb' substituted by `hsb' on input line 1373.
Package xcolor Info: Model `HSB' substituted by `hsb' on input line 1374.
Package xcolor Info: Model `Gray' substituted by `gray' on input line 1375.
Package xcolor Info: Model `wave' substituted by `hsb' on input line 1376.
)
(C:\CTEX\MiKTeX\tex/generic/pgf/basiclayer\pgfcore.code.tex
Package: pgfcore 2023-01-15 v3.1.10 (3.1.10)

(C:\CTEX\MiKTeX\tex/generic/pgf/math\pgfmath.code.tex
(C:\CTEX\MiKTeX\tex/generic/pgf/math\pgfmathutil.code.tex)
(C:\CTEX\MiKTeX\tex/generic/pgf/math\pgfmathparser.code.tex
\pgfmath@dimen=\dimen198
\pgfmath@count=\count309
\pgfmath@box=\box58
\pgfmath@toks=\toks29
\pgfmath@stack@operand=\toks30
\pgfmath@stack@operation=\toks31
)
(C:\CTEX\MiKTeX\tex/generic/pgf/math\pgfmathfunctions.code.tex)
(C:\CTEX\MiKTeX\tex/generic/pgf/math\pgfmathfunctions.basic.code.tex)
(C:\CTEX\MiKTeX\tex/generic/pgf/math\pgfmathfunctions.trigonometric.code.tex)
(C:\CTEX\MiKTeX\tex/generic/pgf/math\pgfmathfunctions.random.code.tex)
(C:\CTEX\MiKTeX\tex/generic/pgf/math\pgfmathfunctions.comparison.code.tex)
(C:\CTEX\MiKTeX\tex/generic/pgf/math\pgfmathfunctions.base.code.tex)
(C:\CTEX\MiKTeX\tex/generic/pgf/math\pgfmathfunctions.round.code.tex)
(C:\CTEX\MiKTeX\tex/generic/pgf/math\pgfmathfunctions.misc.code.tex)
(C:\CTEX\MiKTeX\tex/generic/pgf/math\pgfmathfunctions.integerarithmetics.code.t
ex) (C:\CTEX\MiKTeX\tex/generic/pgf/math\pgfmathcalc.code.tex)
(C:\CTEX\MiKTeX\tex/generic/pgf/math\pgfmathfloat.code.tex
\c@pgfmathroundto@lastzeros=\count310
))
(C:\CTEX\MiKTeX\tex/generic/pgf/math\pgfint.code.tex)
(C:\CTEX\MiKTeX\tex/generic/pgf/basiclayer\pgfcorepoints.code.tex
File: pgfcorepoints.code.tex 2023-01-15 v3.1.10 (3.1.10)
\pgf@picminx=\dimen199
\pgf@picmaxx=\dimen256
\pgf@picminy=\dimen257
\pgf@picmaxy=\dimen258
\pgf@pathminx=\dimen259
\pgf@pathmaxx=\dimen260
\pgf@pathminy=\dimen261
\pgf@pathmaxy=\dimen262
\pgf@xx=\dimen263
\pgf@xy=\dimen264
\pgf@yx=\dimen265
\pgf@yy=\dimen266
\pgf@zx=\dimen267
\pgf@zy=\dimen268
)
(C:\CTEX\MiKTeX\tex/generic/pgf/basiclayer\pgfcorepathconstruct.code.tex
File: pgfcorepathconstruct.code.tex 2023-01-15 v3.1.10 (3.1.10)
\pgf@path@lastx=\dimen269
\pgf@path@lasty=\dimen270
)
(C:\CTEX\MiKTeX\tex/generic/pgf/basiclayer\pgfcorepathusage.code.tex
File: pgfcorepathusage.code.tex 2023-01-15 v3.1.10 (3.1.10)
\pgf@shorten@end@additional=\dimen271
\pgf@shorten@start@additional=\dimen272
)
(C:\CTEX\MiKTeX\tex/generic/pgf/basiclayer\pgfcorescopes.code.tex
File: pgfcorescopes.code.tex 2023-01-15 v3.1.10 (3.1.10)
\pgfpic=\box59
\pgf@hbox=\box60
\pgf@layerbox@main=\box61
\pgf@picture@serial@count=\count311
)
(C:\CTEX\MiKTeX\tex/generic/pgf/basiclayer\pgfcoregraphicstate.code.tex
File: pgfcoregraphicstate.code.tex 2023-01-15 v3.1.10 (3.1.10)
\pgflinewidth=\dimen273
)
(C:\CTEX\MiKTeX\tex/generic/pgf/basiclayer\pgfcoretransformations.code.tex
File: pgfcoretransformations.code.tex 2023-01-15 v3.1.10 (3.1.10)
\pgf@pt@x=\dimen274
\pgf@pt@y=\dimen275
\pgf@pt@temp=\dimen276
)
(C:\CTEX\MiKTeX\tex/generic/pgf/basiclayer\pgfcorequick.code.tex
File: pgfcorequick.code.tex 2023-01-15 v3.1.10 (3.1.10)
)
(C:\CTEX\MiKTeX\tex/generic/pgf/basiclayer\pgfcoreobjects.code.tex
File: pgfcoreobjects.code.tex 2023-01-15 v3.1.10 (3.1.10)
)
(C:\CTEX\MiKTeX\tex/generic/pgf/basiclayer\pgfcorepathprocessing.code.tex
File: pgfcorepathprocessing.code.tex 2023-01-15 v3.1.10 (3.1.10)
)
(C:\CTEX\MiKTeX\tex/generic/pgf/basiclayer\pgfcorearrows.code.tex
File: pgfcorearrows.code.tex 2023-01-15 v3.1.10 (3.1.10)
\pgfarrowsep=\dimen277
)
(C:\CTEX\MiKTeX\tex/generic/pgf/basiclayer\pgfcoreshade.code.tex
File: pgfcoreshade.code.tex 2023-01-15 v3.1.10 (3.1.10)
\pgf@max=\dimen278
\pgf@sys@shading@range@num=\count312
\pgf@shadingcount=\count313
)
(C:\CTEX\MiKTeX\tex/generic/pgf/basiclayer\pgfcoreimage.code.tex
File: pgfcoreimage.code.tex 2023-01-15 v3.1.10 (3.1.10)
)
(C:\CTEX\MiKTeX\tex/generic/pgf/basiclayer\pgfcoreexternal.code.tex
File: pgfcoreexternal.code.tex 2023-01-15 v3.1.10 (3.1.10)
\pgfexternal@startupbox=\box62
)
(C:\CTEX\MiKTeX\tex/generic/pgf/basiclayer\pgfcorelayers.code.tex
File: pgfcorelayers.code.tex 2023-01-15 v3.1.10 (3.1.10)
)
(C:\CTEX\MiKTeX\tex/generic/pgf/basiclayer\pgfcoretransparency.code.tex
File: pgfcoretransparency.code.tex 2023-01-15 v3.1.10 (3.1.10)
)
(C:\CTEX\MiKTeX\tex/generic/pgf/basiclayer\pgfcorepatterns.code.tex
File: pgfcorepatterns.code.tex 2023-01-15 v3.1.10 (3.1.10)
)
(C:\CTEX\MiKTeX\tex/generic/pgf/basiclayer\pgfcorerdf.code.tex
File: pgfcorerdf.code.tex 2023-01-15 v3.1.10 (3.1.10)
)))
(C:\CTEX\MiKTeX\tex/generic/pgf/modules\pgfmoduleshapes.code.tex
File: pgfmoduleshapes.code.tex 2023-01-15 v3.1.10 (3.1.10)
\pgfnodeparttextbox=\box63
)
(C:\CTEX\MiKTeX\tex/generic/pgf/modules\pgfmoduleplot.code.tex
File: pgfmoduleplot.code.tex 2023-01-15 v3.1.10 (3.1.10)
)
(C:\CTEX\MiKTeX\tex/latex/pgf/compatibility\pgfcomp-version-0-65.sty
Package: pgfcomp-version-0-65 2023-01-15 v3.1.10 (3.1.10)
\pgf@nodesepstart=\dimen279
\pgf@nodesepend=\dimen280
)
(C:\CTEX\MiKTeX\tex/latex/pgf/compatibility\pgfcomp-version-1-18.sty
Package: pgfcomp-version-1-18 2023-01-15 v3.1.10 (3.1.10)
))
(C:\CTEX\MiKTeX\tex/latex/pgf/utilities\pgffor.sty
(C:\CTEX\MiKTeX\tex/latex/pgf/utilities\pgfkeys.sty
(C:\CTEX\MiKTeX\tex/generic/pgf/utilities\pgfkeys.code.tex))
(C:\CTEX\MiKTeX\tex/latex/pgf/math\pgfmath.sty
(C:\CTEX\MiKTeX\tex/generic/pgf/math\pgfmath.code.tex))
(C:\CTEX\MiKTeX\tex/generic/pgf/utilities\pgffor.code.tex
Package: pgffor 2023-01-15 v3.1.10 (3.1.10)
\pgffor@iter=\dimen281
\pgffor@skip=\dimen282
\pgffor@stack=\toks32
\pgffor@toks=\toks33
))
(C:\CTEX\MiKTeX\tex/generic/pgf/frontendlayer/tikz\tikz.code.tex
Package: tikz 2023-01-15 v3.1.10 (3.1.10)

(C:\CTEX\MiKTeX\tex/generic/pgf/libraries\pgflibraryplothandlers.code.tex
File: pgflibraryplothandlers.code.tex 2023-01-15 v3.1.10 (3.1.10)
\pgf@plot@mark@count=\count314
\pgfplotmarksize=\dimen283
)
\tikz@lastx=\dimen284
\tikz@lasty=\dimen285
\tikz@lastxsaved=\dimen286
\tikz@lastysaved=\dimen287
\tikz@lastmovetox=\dimen288
\tikz@lastmovetoy=\dimen289
\tikzleveldistance=\dimen290
\tikzsiblingdistance=\dimen291
\tikz@figbox=\box64
\tikz@figbox@bg=\box65
\tikz@tempbox=\box66
\tikz@tempbox@bg=\box67
\tikztreelevel=\count315
\tikznumberofchildren=\count316
\tikznumberofcurrentchild=\count317
\tikz@fig@count=\count318

(C:\CTEX\MiKTeX\tex/generic/pgf/modules\pgfmodulematrix.code.tex
File: pgfmodulematrix.code.tex 2023-01-15 v3.1.10 (3.1.10)
\pgfmatrixcurrentrow=\count319
\pgfmatrixcurrentcolumn=\count320
\pgf@matrix@numberofcolumns=\count321
)
\tikz@expandcount=\count322

(C:\CTEX\MiKTeX\tex/generic/pgf/frontendlayer/tikz/libraries\tikzlibrarytopaths
.code.tex
File: tikzlibrarytopaths.code.tex 2023-01-15 v3.1.10 (3.1.10)
))) (C:\CTEX\MiKTeX\tex/latex/geometry\geometry.sty
Package: geometry 2020/01/02 v5.9 Page Geometry

(C:\CTEX\MiKTeX\tex/generic/iftex\ifvtex.sty
Package: ifvtex 2019/10/25 v1.7 ifvtex legacy package. Use iftex instead.

(C:\CTEX\MiKTeX\tex/generic/iftex\iftex.sty
Package: iftex 2022/02/03 v1.0f TeX engine tests
))
\Gm@cnth=\count323
\Gm@cntv=\count324
\c@Gm@tempcnt=\count325
\Gm@bindingoffset=\dimen292
\Gm@wd@mp=\dimen293
\Gm@odd@mp=\dimen294
\Gm@even@mp=\dimen295
\Gm@layoutwidth=\dimen296
\Gm@layoutheight=\dimen297
\Gm@layouthoffset=\dimen298
\Gm@layoutvoffset=\dimen299
\Gm@dimlist=\toks34

(C:\CTEX\MiKTeX\tex/latex/geometry\geometry.cfg))
(C:\CTEX\MiKTeX\tex/latex/minitoc\minitoc.sty
Package: minitoc 2018/07/12 v62 Package minitoc

(C:\CTEX\MiKTeX\tex/latex/minitoc\mtcmess.sty
Package: mtcmess 2006/03/14
)
Package minitoc Info: I0001
(minitoc)             *** minitoc package, version 62 ***.
\tf@mtc=\write4
\mtcindent=\skip62
\mtcskipamount=\skip63
Package minitoc Info: I0005
(minitoc)             compatible with hyperref.
Package minitoc Info: I0023
(minitoc)             part level macros available.
Package minitoc Info: I0003
(minitoc)             chapter level macros available.
\mtc@toks=\toks35
\mtc@strutbox=\box68
\mtc@hstrutbox=\box69
Package minitoc Info: I0002
(minitoc)             Autoconfiguration of extensions.
\openout4 = `book.mtc0'.

\openout4 = `book.mtc'.

 (book.mtc0)
Package minitoc Info: I0012
(minitoc)             Long extensions (Unix-like) will be used.
Package minitoc Info: I0031
(minitoc)             ==> this version is configured for UNIX-like 
(minitoc)                 (long extensions) file names.
\openout4 = `book.mtc'.

\openout4 = `book.mtc0'.

\c@mtc=\count326
\c@minitocdepth=\count327
\c@ptc=\count328
\c@parttocdepth=\count329
\ptcindent=\skip64
Package minitoc Info: I0010
(minitoc)             The english language is selected.
(minitoc)              on input line 4910.

(C:\CTEX\MiKTeX\tex/latex/minitoc\english.mld
File: english.mld 2006/01/13
)
(C:\CTEX\MiKTeX\tex/latex/minitoc\english.mld
File: english.mld 2006/01/13
))
\c@thm=\count330

(C:\CTEX\MiKTeX\tex/latex/hyperref\hyperref.sty
Package: hyperref 2023-02-07 v7.00v Hypertext links for LaTeX

(C:\CTEX\MiKTeX\tex/generic/ltxcmds\ltxcmds.sty
Package: ltxcmds 2020-05-10 v1.25 LaTeX kernel commands for general use (HO)
)
(C:\CTEX\MiKTeX\tex/generic/pdftexcmds\pdftexcmds.sty
Package: pdftexcmds 2020-06-27 v0.33 Utility functions of pdfTeX for LuaTeX (HO
)

(C:\CTEX\MiKTeX\tex/generic/infwarerr\infwarerr.sty
Package: infwarerr 2019/12/03 v1.5 Providing info/warning/error messages (HO)
)
Package pdftexcmds Info: \pdf@primitive is available.
Package pdftexcmds Info: \pdf@ifprimitive is available.
Package pdftexcmds Info: \pdfdraftmode not found.
)
(C:\CTEX\MiKTeX\tex/latex/kvsetkeys\kvsetkeys.sty
Package: kvsetkeys 2022-10-05 v1.19 Key value parser (HO)
)
(C:\CTEX\MiKTeX\tex/generic/kvdefinekeys\kvdefinekeys.sty
Package: kvdefinekeys 2019-12-19 v1.6 Define keys (HO)
)
(C:\CTEX\MiKTeX\tex/generic/pdfescape\pdfescape.sty
Package: pdfescape 2019/12/09 v1.15 Implements pdfTeX's escape features (HO)
)
(C:\CTEX\MiKTeX\tex/latex/hycolor\hycolor.sty
Package: hycolor 2020-01-27 v1.10 Color options for hyperref/bookmark (HO)
)
(C:\CTEX\MiKTeX\tex/latex/letltxmacro\letltxmacro.sty
Package: letltxmacro 2019/12/03 v1.6 Let assignment for LaTeX macros (HO)
)
(C:\CTEX\MiKTeX\tex/latex/auxhook\auxhook.sty
Package: auxhook 2019-12-17 v1.6 Hooks for auxiliary files (HO)
)
(C:\CTEX\MiKTeX\tex/latex/hyperref\nameref.sty
Package: nameref 2022-05-17 v2.50 Cross-referencing by name of section

(C:\CTEX\MiKTeX\tex/latex/refcount\refcount.sty
Package: refcount 2019/12/15 v3.6 Data extraction from label references (HO)
)
(C:\CTEX\MiKTeX\tex/generic/gettitlestring\gettitlestring.sty
Package: gettitlestring 2019/12/15 v1.6 Cleanup title references (HO)

(C:\CTEX\MiKTeX\tex/latex/kvoptions\kvoptions.sty
Package: kvoptions 2022-06-15 v3.15 Key value format for package options (HO)
))
\c@section@level=\count331
)
\@linkdim=\dimen300
\Hy@linkcounter=\count332
\Hy@pagecounter=\count333

(C:\CTEX\MiKTeX\tex/latex/hyperref\pd1enc.def
File: pd1enc.def 2023-02-07 v7.00v Hyperref: PDFDocEncoding definition (HO)
)
(C:\CTEX\MiKTeX\tex/generic/intcalc\intcalc.sty
Package: intcalc 2019/12/15 v1.3 Expandable calculations with integers (HO)
)
(C:\CTEX\MiKTeX\tex/generic/etexcmds\etexcmds.sty
Package: etexcmds 2019/12/15 v1.7 Avoid name clashes with e-TeX commands (HO)
)
\Hy@SavedSpaceFactor=\count334

(C:\CTEX\MiKTeX\tex/latex/hyperref\puenc.def
File: puenc.def 2023-02-07 v7.00v Hyperref: PDF Unicode definition (HO)
)
Package hyperref Info: Option `unicode' set `true' on input line 4060.


Package hyperref Warning: Option `a4paper' is no longer used.

Package hyperref Info: Option `hyperindex' set `true' on input line 4060.
Package hyperref Info: Option `pdfnewwindow' set `true' on input line 4060.
Package hyperref Info: Hyper figures OFF on input line 4177.
Package hyperref Info: Link nesting OFF on input line 4182.
Package hyperref Info: Hyper index ON on input line 4185.
Package hyperref Info: Plain pages OFF on input line 4192.
Package hyperref Info: Backreferencing ON on input line 4195.
Package hyperref Info: Implicit mode ON; LaTeX internals redefined.
Package hyperref Info: Bookmarks ON on input line 4425.
(C:\CTEX\MiKTeX\tex/latex/hyperref\backref.sty
Package: backref 2021/02/04 v1.41 Bibliographical back referencing

(C:\CTEX\MiKTeX\tex/latex/rerunfilecheck\rerunfilecheck.sty
Package: rerunfilecheck 2022-07-10 v1.10 Rerun checks for auxiliary files (HO)

(C:\CTEX\MiKTeX\tex/latex/base\atveryend-ltx.sty
Package: atveryend-ltx 2020/08/19 v1.0a Emulation of the original atveryend pac
kage
with kernel methods
)
(C:\CTEX\MiKTeX\tex/generic/uniquecounter\uniquecounter.sty
Package: uniquecounter 2019/12/15 v1.4 Provide unlimited unique counter (HO)

(C:\CTEX\MiKTeX\tex/generic/bigintcalc\bigintcalc.sty
Package: bigintcalc 2019/12/15 v1.5 Expandable calculations on big integers (HO
)
))
Package uniquecounter Info: New unique counter `rerunfilecheck' on input line 2
85.
))
\c@Hy@tempcnt=\count335

(C:\CTEX\MiKTeX\tex/latex/url\url.sty
\Urlmuskip=\muskip18
Package: url 2013/09/16  ver 3.4  Verb mode for urls, etc.
)
LaTeX Info: Redefining \url on input line 4763.
\XeTeXLinkMargin=\dimen301

(C:\CTEX\MiKTeX\tex/generic/bitset\bitset.sty
Package: bitset 2019/12/09 v1.3 Handle bit-vector datatype (HO)
)
\Fld@menulength=\count336
\Field@Width=\dimen302
\Fld@charsize=\dimen303
Package hyperref Info: Hyper figures OFF on input line 6042.
Package hyperref Info: Link nesting OFF on input line 6047.
Package hyperref Info: Hyper index ON on input line 6050.
Package hyperref Info: backreferencing ON on input line 6055.
Package hyperref Info: Link coloring OFF on input line 6062.
Package hyperref Info: Link coloring with OCG OFF on input line 6067.
Package hyperref Info: PDF/A mode OFF on input line 6072.

(C:\CTEX\MiKTeX\tex/latex/base\atbegshi-ltx.sty
Package: atbegshi-ltx 2021/01/10 v1.0c Emulation of the original atbegshi
package with kernel methods
)
\Hy@abspage=\count337
\c@Item=\count338
\c@Hfootnote=\count339
)
Package hyperref Info: Driver (autodetected): hxetex.

(C:\CTEX\MiKTeX\tex/latex/hyperref\hxetex.def
File: hxetex.def 2023-02-07 v7.00v Hyperref driver for XeTeX

(C:\CTEX\MiKTeX\tex/generic/stringenc\stringenc.sty
Package: stringenc 2019/11/29 v1.12 Convert strings between diff. encodings (HO
)
)
\pdfm@box=\box70
\c@Hy@AnnotLevel=\count340
\HyField@AnnotCount=\count341
\Fld@listcount=\count342
\c@bookmark@seq@number=\count343
\Hy@SectionHShift=\skip65
) (book.aux

LaTeX Warning: Label `theorem2.11' multiply defined.


LaTeX Warning: Label `equation3' multiply defined.


LaTeX Warning: Label `equation4' multiply defined.


LaTeX Warning: Label `equation5' multiply defined.


LaTeX Warning: Label `chap1' multiply defined.


LaTeX Warning: Label `e2' multiply defined.

)
\openout1 = `book.aux'.

LaTeX Font Info:    Checking defaults for OML/cmm/m/it on input line 54.
LaTeX Font Info:    ... okay on input line 54.
LaTeX Font Info:    Checking defaults for OMS/cmsy/m/n on input line 54.
LaTeX Font Info:    ... okay on input line 54.
LaTeX Font Info:    Checking defaults for OT1/cmr/m/n on input line 54.
LaTeX Font Info:    ... okay on input line 54.
LaTeX Font Info:    Checking defaults for T1/cmr/m/n on input line 54.
LaTeX Font Info:    ... okay on input line 54.
LaTeX Font Info:    Checking defaults for TS1/cmr/m/n on input line 54.
LaTeX Font Info:    ... okay on input line 54.
LaTeX Font Info:    Checking defaults for TU/lmr/m/n on input line 54.
LaTeX Font Info:    ... okay on input line 54.
LaTeX Font Info:    Checking defaults for OMX/cmex/m/n on input line 54.
LaTeX Font Info:    ... okay on input line 54.
LaTeX Font Info:    Checking defaults for U/cmr/m/n on input line 54.
LaTeX Font Info:    ... okay on input line 54.
LaTeX Font Info:    Checking defaults for PD1/pdf/m/n on input line 54.
LaTeX Font Info:    ... okay on input line 54.
LaTeX Font Info:    Checking defaults for PU/pdf/m/n on input line 54.
LaTeX Font Info:    ... okay on input line 54.

Package fontspec Info: Adjusting the maths setup (use [no-math] to avoid
(fontspec)             this).

\symlegacymaths=\mathgroup6
LaTeX Font Info:    Overwriting symbol font `legacymaths' in version `bold'
(Font)                  OT1/cmr/m/n --> OT1/cmr/bx/n on input line 54.
LaTeX Font Info:    Redeclaring math accent \acute on input line 54.
LaTeX Font Info:    Redeclaring math accent \grave on input line 54.
LaTeX Font Info:    Redeclaring math accent \ddot on input line 54.
LaTeX Font Info:    Redeclaring math accent \tilde on input line 54.
LaTeX Font Info:    Redeclaring math accent \bar on input line 54.
LaTeX Font Info:    Redeclaring math accent \breve on input line 54.
LaTeX Font Info:    Redeclaring math accent \check on input line 54.
LaTeX Font Info:    Redeclaring math accent \hat on input line 54.
LaTeX Font Info:    Redeclaring math accent \dot on input line 54.
LaTeX Font Info:    Redeclaring math accent \mathring on input line 54.
LaTeX Font Info:    Redeclaring math symbol \Gamma on input line 54.
LaTeX Font Info:    Redeclaring math symbol \Delta on input line 54.
LaTeX Font Info:    Redeclaring math symbol \Theta on input line 54.
LaTeX Font Info:    Redeclaring math symbol \Lambda on input line 54.
LaTeX Font Info:    Redeclaring math symbol \Xi on input line 54.
LaTeX Font Info:    Redeclaring math symbol \Pi on input line 54.
LaTeX Font Info:    Redeclaring math symbol \Sigma on input line 54.
LaTeX Font Info:    Redeclaring math symbol \Upsilon on input line 54.
LaTeX Font Info:    Redeclaring math symbol \Phi on input line 54.
LaTeX Font Info:    Redeclaring math symbol \Psi on input line 54.
LaTeX Font Info:    Redeclaring math symbol \Omega on input line 54.
LaTeX Font Info:    Redeclaring math symbol \mathdollar on input line 54.
LaTeX Font Info:    Redeclaring symbol font `operators' on input line 54.
LaTeX Font Info:    Encoding `OT1' has changed to `TU' for symbol font
(Font)              `operators' in the math version `normal' on input line 54.
LaTeX Font Info:    Overwriting symbol font `operators' in version `normal'
(Font)                  OT1/cmr/m/n --> TU/lmr/m/n on input line 54.
LaTeX Font Info:    Encoding `OT1' has changed to `TU' for symbol font
(Font)              `operators' in the math version `bold' on input line 54.
LaTeX Font Info:    Overwriting symbol font `operators' in version `bold'
(Font)                  OT1/cmr/bx/n --> TU/lmr/m/n on input line 54.
LaTeX Font Info:    Overwriting symbol font `operators' in version `normal'
(Font)                  TU/lmr/m/n --> TU/lmr/m/n on input line 54.
LaTeX Font Info:    Overwriting math alphabet `\mathit' in version `normal'
(Font)                  OT1/cmr/m/it --> TU/lmr/m/it on input line 54.
LaTeX Font Info:    Overwriting math alphabet `\mathbf' in version `normal'
(Font)                  OT1/cmr/bx/n --> TU/lmr/b/n on input line 54.
LaTeX Font Info:    Overwriting math alphabet `\mathsf' in version `normal'
(Font)                  OT1/cmss/m/n --> TU/lmss/m/n on input line 54.
LaTeX Font Info:    Overwriting math alphabet `\mathtt' in version `normal'
(Font)                  OT1/cmtt/m/n --> TU/lmtt/m/n on input line 54.
LaTeX Font Info:    Overwriting symbol font `operators' in version `bold'
(Font)                  TU/lmr/m/n --> TU/lmr/b/n on input line 54.
LaTeX Font Info:    Overwriting math alphabet `\mathit' in version `bold'
(Font)                  OT1/cmr/bx/it --> TU/lmr/b/it on input line 54.
LaTeX Font Info:    Overwriting math alphabet `\mathsf' in version `bold'
(Font)                  OT1/cmss/bx/n --> TU/lmss/b/n on input line 54.
LaTeX Font Info:    Overwriting math alphabet `\mathtt' in version `bold'
(Font)                  OT1/cmtt/m/n --> TU/lmtt/b/n on input line 54.

*geometry* driver: auto-detecting
*geometry* detected driver: xetex
*geometry* verbose mode - [ preamble ] result:
* driver: xetex
* paper: a4paper
* layout: <same size as paper>
* layoutoffset:(h,v)=(0.0pt,0.0pt)
* modes: includehead includefoot twoside 
* h-part:(L,W,R)=(108.405pt, 395.15166pt, 93.95122pt)
* v-part:(T,H,B)=(79.49744pt, 686.05197pt, 79.49744pt)
* \paperwidth=597.50787pt
* \paperheight=845.04684pt
* \textwidth=395.15166pt
* \textheight=625.11522pt
* \oddsidemargin=36.13501pt
* \evensidemargin=21.68123pt
* \topmargin=7.22745pt
* \headheight=13.6pt
* \headsep=19.8738pt
* \topskip=11.0pt
* \footskip=27.46295pt
* \marginparwidth=106.0pt
* \marginparsep=7.0pt
* \columnsep=10.0pt
* \skip\footins=10.0pt plus 4.0pt minus 2.0pt
* \hoffset=0.0pt
* \voffset=0.0pt
* \mag=1000
* \@twocolumnfalse
* \@twosidetrue
* \@mparswitchtrue
* \@reversemarginfalse
* (1in=72.27pt=25.4mm, 1cm=28.453pt)

Package minitoc(hints) Info: I0049
(minitoc(hints))             ==> You requested the hints option. 
(minitoc(hints))             Some hints are eventually given below.

Package minitoc(hints) Warning: W0030
(minitoc(hints))                --- The \part command is altered 
(minitoc(hints))                after minitoc.


Package minitoc(hints) Warning: W0023
(minitoc(hints))                --- It may be the consequence 
(minitoc(hints))                of loading the ``hyperref'' package.


Package minitoc(hints) Warning: W0028
(minitoc(hints))                --- The \chapter command is altered 
(minitoc(hints))                after minitoc.


Package minitoc(hints) Warning: W0023
(minitoc(hints))                --- It may be the consequence 
(minitoc(hints))                of loading the ``hyperref'' package.

Package hyperref Info: Link coloring OFF on input line 54.
(book.out) (book.out)
\@outlinefile=\write5
\openout5 = `book.out'.

 [1


]
Package minitoc Info: I0024
(minitoc)             PREPARING MINITOCS FROM book.toc on input line 71.
Package minitoc Info: I0033
(minitoc)             Writing book.mtc1.
\openout4 = `book.mtc1'.

Package minitoc Info: I0033
(minitoc)             Writing book.mtc2.
\openout4 = `book.mtc2'.

Package minitoc Info: I0033
(minitoc)             Writing book.mtc3.
\openout4 = `book.mtc3'.

Package minitoc Info: I0033
(minitoc)             Writing book.mtc4.
\openout4 = `book.mtc4'.

 (book.toc
LaTeX Font Info:    Trying to load font information for U+msa on input line 2.
 (C:\CTEX\MiKTeX\tex/latex/amsfonts\umsa.fd
File: umsa.fd 2013/01/14 v3.01 AMS symbols A
)
LaTeX Font Info:    Trying to load font information for U+msb on input line 2.
(C:\CTEX\MiKTeX\tex/latex/amsfonts\umsb.fd
File: umsb.fd 2013/01/14 v3.01 AMS symbols B
) [1


])
\tf@toc=\write6
\openout6 = `book.toc'.

LaTeX Font Info:    Font shape `TU/SimSun(0)/m/sl' in size <10.95> not availabl
e
(Font)              Font shape `TU/SimSun(0)/m/it' tried instead on input line 
72.
 [2]
Chapter 1.
\openout4 = `book.mtc'.

\openout4 = `book.mtc'.

(book.mtc1) [1


] [2] [3] [4] [5]

Package amsmath Warning: Foreign command \atop;
(amsmath)                \frac or \genfrac should be used instead
(amsmath)                 on input line 326.


Package amsmath Warning: Foreign command \atopwithdelims;
(amsmath)                \frac or \genfrac should be used instead
(amsmath)                 on input line 327.

[6] [7] [8]
LaTeX Font Info:    Trying to load font information for U+euf on input line 485
.
 (C:\CTEX\MiKTeX\tex/latex/amsfonts\ueuf.fd
File: ueuf.fd 2013/01/14 v3.01 Euler Fraktur
) [9] [10]
Chapter 2.
\openout4 = `book.mtc'.

\openout4 = `book.mtc'.

(book.mtc2) [11

] [12] [13] [14] [15] [16

]
Chapter 3.
\openout4 = `book.mtc'.

\openout4 = `book.mtc'.

(book.mtc3) [17]

LaTeX Warning: \oval, \circle, or \line size unavailable on input line 803.

[18] [19] [20] [21] [22] [23] [24] [25]

LaTeX Warning: Citation `Harper1967' on page 26 undefined on input line 1109.


LaTeX Warning: Citation `Sachkov1997' on page 26 undefined on input line 1144.

[26] [27] [28] [29]
Underfull \hbox (badness 10000) in paragraph at lines 1417--1420

 []


Underfull \hbox (badness 10000) in paragraph at lines 1417--1420

 []

[30

]
Overfull \hbox (1.64397pt too wide) in paragraph at lines 1423--1429
\OML/cmm/m/it/10.95 ^^Y[] [] ^^Y[]$\TU/SimSun(0)/m/n/10.95 ，|  这 里，| $\OMS/cmsy
/m/n/10.95 f\OML/cmm/m/it/10.95 i[]; [] ; i[]\OMS/cmsy/m/n/10.95 g [ f\OML/cmm/
m/it/10.95 j[]; []  ; j[]\OMS/cmsy/m/n/10.95 g \OT1/cmr/m/n/10.95 = [\OML/cmm/m
/it/10.95 n\OT1/cmr/m/n/10.95 ]$ \TU/SimSun(0)/m/n/10.95 且 $\OMS/cmsy/m/n/10.95
 f\OML/cmm/m/it/10.95 i[]; [] ; i[]\OMS/cmsy/m/n/10.95 g \ f\OML/cmm/m/it/10.95
 j[]; []  ; j[]\OMS/cmsy/m/n/10.95 g \OT1/cmr/m/n/10.95 =
 []


Underfull \hbox (badness 10000) in paragraph at lines 1508--1512

 []


Underfull \hbox (badness 10000) in paragraph at lines 1508--1512

 []


Underfull \hbox (badness 10000) in paragraph at lines 1508--1512

 []

[31]
Overfull \hbox (35.79668pt too wide) in paragraph at lines 1561--1569
\T1/lmr/m/n/10.95 path \TU/SimSun(0)/m/n/10.95 对 应 于 $\OMS/cmsy/m/n/10.95 f\OML
/cmm/m/it/10.95 u; d\OMS/cmsy/m/n/10.95 g$ \TU/SimSun(0)/m/n/10.95 上 的 一 个 字。| 
 比 如，|  图 \T1/lmr/m/n/10.95 1 \TU/SimSun(0)/m/n/10.95 中 的 \T1/lmr/m/n/10.95 Dyc
k path \TU/SimSun(0)/m/n/10.95 对 应 于 字 $\OML/cmm/m/it/10.95 uuudduduuddduduudd$
\TU/SimSun(0)/m/n/10.95 。|
 []

[32] [33] [34

]
Chapter 4.
[35]
Underfull \hbox (badness 10000) in paragraph at lines 1666--1688

 []

[36]
Underfull \hbox (badness 10000) in paragraph at lines 1707--1740

 []

[37]
Overfull \hbox (48.51137pt too wide) in paragraph at lines 1783--1788
[]\TU/SimSun(0)/m/n/10.95 对 于 排 列 $\OML/cmm/m/it/10.95 ^^Y \OT1/cmr/m/n/10.95 =
 \OML/cmm/m/it/10.95 ^^Y[]^^Y[] [] ^^Y[]$\T1/lmr/m/n/10.95 , \TU/SimSun(0)/m/n/
10.95 定 义 其 逆 为 其 作 为 映 射 的 逆，|  即 $\OML/cmm/m/it/10.95 ^^Y[] \OT1/cmr/m/n/10.9
5 = \OML/cmm/m/it/10.95 ^^Y[]\OT1/cmr/m/n/10.95 (1)\OML/cmm/m/it/10.95 ^^Y[]\OT
1/cmr/m/n/10.95 (2) [] \OML/cmm/m/it/10.95 ^^Y[]\OT1/cmr/m/n/10.95 (\OML/cmm/m/
it/10.95 n\OT1/cmr/m/n/10.95 )$\T1/lmr/m/n/10.95 ;
 []

[38] [39] [40] [41]

LaTeX Warning: Citation `Graham1994' on page 42 undefined on input line 2013.

[42]
Overfull \hbox (15.52324pt too wide) detected at line 2076
\OML/cmm/m/it/10.95 t[] \OT1/cmr/m/n/10.95 = [] \OML/cmm/m/it/10.95 A\OT1/cmr/m
/n/10.95 (\OML/cmm/m/it/10.95 n; k\OT1/cmr/m/n/10.95 )[] = [] \OML/cmm/m/it/10.
95 A\OT1/cmr/m/n/10.95 (\OML/cmm/m/it/10.95 n; n \OT1/cmr/m/n/10.95 + 1 \OMS/cm
sy/m/n/10.95 ^^@ \OML/cmm/m/it/10.95 k\OT1/cmr/m/n/10.95 )[] = [] \OML/cmm/m/it
/10.95 A\OT1/cmr/m/n/10.95 (\OML/cmm/m/it/10.95 n; k \OT1/cmr/m/n/10.95 + 1)[]
 []

[43] [44] [45] [46] [47]
Overfull \hbox (48.63724pt too wide) in paragraph at lines 2339--2342
\TU/SimSun(0)/m/it/10.95 所 以 $[] [] \OT1/cmr/m/n/10.95 = [] \OML/cmm/m/it/10.95
 ;  [] [] \OT1/cmr/m/n/10.95 = [] \OML/cmm/m/it/10.95 :$ 
 []

[48]

Package amsmath Warning: Foreign command \over;
(amsmath)                \frac or \genfrac should be used instead
(amsmath)                 on input line 2363.


Overfull \hbox (8.76534pt too wide) in paragraph at lines 2386--2393
[]\TU/SimSun(0)/m/n/10.95 设 $[] [] \OT1/cmr/m/n/10.95 = [] \OML/cmm/m/it/10.95 
;$ \TU/SimSun(0)/m/n/10.95 则 $[]\OT1/cmr/m/n/10.95 (\OML/cmm/m/it/10.95 A[]\OT1
/cmr/m/n/10.95 (\OML/cmm/m/it/10.95 r[]\OT1/cmr/m/n/10.95 )) = (\OMS/cmsy/m/n/1
0.95 ^^@\OT1/cmr/m/n/10.95 1)[]\OML/cmm/m/it/10.95 ;$ \TU/SimSun(0)/m/n/10.95 因
 为 $\OML/cmm/m/it/10.95 A[]\OT1/cmr/m/n/10.95 (\OML/cmm/m/it/10.95 t\OT1/cmr/m/
n/10.95 )[]$
 []

[49] [50] [51]
Underfull \hbox (badness 10000) in paragraph at lines 2584--2602

 []


Underfull \hbox (badness 10000) in paragraph at lines 2584--2602

 []


Underfull \hbox (badness 10000) in paragraph at lines 2584--2602

 []


Underfull \hbox (badness 10000) in paragraph at lines 2584--2602

 []


Underfull \hbox (badness 10000) in paragraph at lines 2584--2602

 []


Underfull \hbox (badness 10000) in paragraph at lines 2584--2602

 []


Underfull \hbox (badness 10000) in paragraph at lines 2584--2602

 []


Underfull \hbox (badness 10000) in paragraph at lines 2584--2602

 []


Underfull \hbox (badness 10000) in paragraph at lines 2584--2602

 []


Underfull \hbox (badness 10000) in paragraph at lines 2584--2602

 []


Underfull \hbox (badness 10000) in paragraph at lines 2584--2602

 []


Underfull \hbox (badness 10000) in paragraph at lines 2584--2602

 []


Underfull \hbox (badness 10000) in paragraph at lines 2584--2602

 []


Underfull \hbox (badness 10000) in paragraph at lines 2584--2602

 []


Underfull \hbox (badness 10000) in paragraph at lines 2584--2602

 []


Underfull \hbox (badness 10000) in paragraph at lines 2584--2602

 []


Underfull \hbox (badness 10000) in paragraph at lines 2584--2602

 []


Underfull \hbox (badness 10000) in paragraph at lines 2635--2648

 []


Underfull \hbox (badness 10000) in paragraph at lines 2635--2648

 []


Underfull \hbox (badness 10000) in paragraph at lines 2635--2648

 []


Underfull \hbox (badness 10000) in paragraph at lines 2635--2648

 []


Underfull \hbox (badness 10000) in paragraph at lines 2635--2648

 []


Underfull \hbox (badness 10000) in paragraph at lines 2635--2648

 []


Underfull \hbox (badness 10000) in paragraph at lines 2635--2648

 []


Underfull \hbox (badness 10000) in paragraph at lines 2635--2648

 []


Underfull \hbox (badness 10000) in paragraph at lines 2635--2648

 []


Underfull \hbox (badness 10000) in paragraph at lines 2635--2648

 []

[52] [53]
Overfull \hbox (38.4053pt too wide) in paragraph at lines 2745--2768
\OT1/cmr/m/n/10.95 1$ \TU/SimSun(0)/m/n/10.95 时 此 引 理 成 立，|  并 且 令 $[] \OT1/cmr
/m/n/10.95 = []$\TU/SimSun(0)/m/n/10.95 ，| $[] \OT1/cmr/m/n/10.95 = []$\TU/SimS
un(0)/m/n/10.95 。|
 []


Overfull \hbox (4.42078pt too wide) in paragraph at lines 2745--2768
\OT1/cmr/m/n/10.95 1 \OMS/cmsy/m/n/10.95 ^^T \OML/cmm/m/it/10.95 i \OMS/cmsy/m/
n/10.95 ^^T \OML/cmm/m/it/10.95 e\OT1/cmr/m/n/10.95 (\OML/cmm/m/it/10.95 e \OT1
/cmr/m/n/10.95 = \OML/cmm/m/it/10.95 d \OMS/cmsy/m/n/10.95 ^^@ \OT1/cmr/m/n/10.
95 1$ \TU/SimSun(0)/m/n/10.95 或 $\OML/cmm/m/it/10.95 e \OT1/cmr/m/n/10.95 = \OM
L/cmm/m/it/10.95 d\OT1/cmr/m/n/10.95 )$\TU/SimSun(0)/m/n/10.95 。|  由 归 纳 假 设 易 
知，| $\OML/cmm/m/it/10.95 P\OT1/cmr/m/n/10.95 (\OML/cmm/m/it/10.95 n \OMS/cmsy/m
/n/10.95 ^^@ \OT1/cmr/m/n/10.95 1)$ \TU/SimSun(0)/m/n/10.95 的 第 一 行 是 $[][] [] 
[]$，|
 []


Overfull \hbox (4.05374pt too wide) detected at line 2793
[]
 []


Overfull \hbox (7.24818pt too wide) detected at line 2808
[]
 []

[54] (book.brf)
\tf@brf=\write7
\openout7 = `book.brf'.

 [55] [56

]
Package minitoc Info: I0009
(minitoc)             Listing minitoc auxiliary files. 
(minitoc)             Creating the book.maf file.
\openout4 = `book.maf'.



Package minitoc(hints) Warning: W0024
(minitoc(hints))                Some hints have been written 
(minitoc(hints))                in the book.log file.

[57] (book.aux)

LaTeX Warning: There were undefined references.


LaTeX Warning: There were multiply-defined labels.

Package rerunfilecheck Info: File `book.out' has not changed.
(rerunfilecheck)             Checksum: 6E4B758E790D10928B09EC70C918FB19;4631.
Package rerunfilecheck Info: File `book.brf' has not changed.
(rerunfilecheck)             Checksum: D2C3EEB970D2295204E30F378FAB90EF;346.
 ) 
Here is how much of TeX's memory you used:
 28581 strings out of 411427
 606584 string characters out of 5823213
 1923290 words of memory out of 5000000
 48195 multiletter control sequences out of 15000+600000
 591222 words of font info for 124 fonts, out of 8000000 for 9000
 1348 hyphenation exceptions out of 8191
 89i,18n,97p,506b,459s stack positions out of 10000i,1000n,20000p,200000b,200000s

Output written on book.pdf (60 pages).
