\BOOKMARK [0][-]{chapter.1}{\376\377\127\372\147\054\123\237\164\006}{}% 1
\BOOKMARK [1][-]{section.1.1}{\376\377\122\240\154\325\123\237\164\006\116\016\116\130\154\325\123\237\164\006}{chapter.1}% 2
\BOOKMARK [2][-]{subsection.1.1.1}{\376\377\122\240\154\325\123\237\164\006}{section.1.1}% 3
\BOOKMARK [2][-]{subsection.1.1.2}{\376\377\116\130\154\325\123\237\164\006}{section.1.1}% 4
\BOOKMARK [1][-]{section.1.2}{\376\377\236\075\135\342\123\237\164\006}{chapter.1}% 5
\BOOKMARK [2][-]{subsection.1.2.1}{\376\377\137\025\212\000}{section.1.2}% 6
\BOOKMARK [2][-]{subsection.1.2.2}{\376\377\236\075\135\342\123\237\164\006}{section.1.2}% 7
\BOOKMARK [2][-]{subsection.1.2.3}{\376\377\116\000\202\054\137\142\137\017\166\204\236\075\135\342\123\237\164\006}{section.1.2}% 8
\BOOKMARK [1][-]{section.1.3}{\376\377\133\271\145\245\123\237\164\006}{chapter.1}% 9
\BOOKMARK [2][-]{subsection.1.3.1}{\376\377\133\271\145\245\123\237\164\006}{section.1.3}% 10
\BOOKMARK [2][-]{subsection.1.3.2}{\376\377\225\031\143\222}{section.1.3}% 11
\BOOKMARK [2][-]{subsection.1.3.3}{\376\377\116\013\226\115\226\306}{section.1.3}% 12
\BOOKMARK [0][-]{chapter.2}{\376\377\165\037\142\020\121\375\145\160}{}% 13
\BOOKMARK [1][-]{section.2.1}{\376\377\165\037\142\020\121\375\145\160}{chapter.2}% 14
\BOOKMARK [1][-]{section.2.2}{\376\377\165\037\142\020\121\375\145\160\166\204\213\241\173\227}{chapter.2}% 15
\BOOKMARK [1][-]{section.2.3}{\376\377\165\037\142\020\121\375\145\160\166\204\217\320\165\050}{chapter.2}% 16
\BOOKMARK [0][-]{chapter.3}{\376\377\127\372\147\054\176\304\124\010\145\160}{}% 17
\BOOKMARK [1][-]{section.3.1}{\376\377\116\214\230\171\137\017\174\373\145\160}{chapter.3}% 18
\BOOKMARK [2][-]{subsection.3.1.1}{\376\377\136\025\145\257\123\141\377\010\000P\000a\000s\000c\000a\000l\377\011\121\154\137\017}{section.3.1}% 19
\BOOKMARK [2][-]{subsection.3.1.2}{\376\377\116\214\230\171\137\017\133\232\164\006}{section.3.1}% 20
\BOOKMARK [2][-]{subsection.3.1.3}{\376\377\140\122\173\111\137\017}{section.3.1}% 21
\BOOKMARK [1][-]{section.3.2}{\376\377\000S\000t\000i\000r\000l\000i\000n\000g\145\160}{chapter.3}% 22
\BOOKMARK [2][-]{subsection.3.2.1}{\376\377\000S\000t\000i\000r\000l\000i\000n\000g\000\040\173\200\116\313}{section.3.2}% 23
\BOOKMARK [2][-]{subsection.3.2.2}{\376\377\173\054\116\000\174\173\000S\000t\000i\000r\000l\000i\000n\000g\145\160}{section.3.2}% 24
\BOOKMARK [2][-]{subsection.3.2.3}{\376\377\173\054\116\214\174\173\000S\000t\000i\000r\000l\000i\000n\000g\145\160}{section.3.2}% 25
\BOOKMARK [2][-]{subsection.3.2.4}{\376\377\173\054\116\214\174\173\000S\000t\000i\000r\000l\000i\000n\000g\145\160\166\204\153\143\140\001\122\006\136\003\140\047\215\050}{section.3.2}% 26
\BOOKMARK [1][-]{section.3.3}{\376\377\000C\000a\000t\000a\000l\000a\000n\145\160}{chapter.3}% 27
\BOOKMARK [2][-]{subsection.3.3.1}{\376\377\150\074\215\357}{section.3.3}% 28
\BOOKMARK [2][-]{subsection.3.3.2}{\376\377\147\011\171\201\177\156\143\142}{section.3.3}% 29
\BOOKMARK [2][-]{subsection.3.3.3}{\376\377\000C\000a\000t\000a\000l\000a\000n\000\040\145\160}{section.3.3}% 30
\BOOKMARK [0][-]{chapter.4}{\376\377\143\222\122\027}{}% 31
\BOOKMARK [1][-]{section.4.1}{\376\377\226\306\124\010\166\204\143\222\122\027}{chapter.4}% 32
\BOOKMARK [1][-]{section.4.2}{\376\377\143\222\122\027\166\204\165\037\142\020\173\227\154\325}{chapter.4}% 33
\BOOKMARK [2][-]{subsection.4.2.1}{\376\377\220\022\137\122\154\325}{section.4.2}% 34
\BOOKMARK [2][-]{subsection.4.2.2}{\376\377\166\364\143\245\154\325}{section.4.2}% 35
\BOOKMARK [1][-]{section.4.3}{\376\377\127\372\147\054\176\337\213\241\221\317}{chapter.4}% 36
\BOOKMARK [2][-]{subsection.4.3.1}{\376\377\116\013\226\115\145\160\116\016\200\334\117\115\166\204\173\111\122\006\136\003\140\047\215\050}{section.4.3}% 37
\BOOKMARK [2][-]{subsection.4.3.2}{\376\377\220\006\136\217\145\160\116\016\116\073\143\007\150\007}{section.4.3}% 38
\BOOKMARK [1][-]{section.4.4}{\376\377\153\047\142\311\145\160}{chapter.4}% 39
\BOOKMARK [2][-]{subsection.4.4.1}{\376\377\153\047\142\311\145\160\166\204\133\232\116\111\124\214\140\047\215\050}{section.4.4}% 40
\BOOKMARK [2][-]{subsection.4.4.2}{\376\377\116\016\153\047\142\311\145\160\147\011\121\163\166\204\173\111\137\017}{section.4.4}% 41
\BOOKMARK [1][-]{section.4.5}{\376\377\153\047\142\311\131\032\230\171\137\017}{chapter.4}% 42
\BOOKMARK [1][-]{section.4.6}{\376\377\143\222\122\027\116\016\147\150\210\150\166\204\133\371\136\224}{chapter.4}% 43
\BOOKMARK [2][-]{subsection.4.6.1}{\376\377\147\150\210\150}{section.4.6}% 44
\BOOKMARK [2][-]{subsection.4.6.2}{\376\377\000R\000S\000K\173\227\154\325}{section.4.6}% 45
