This is pdfTeX, Version 3.141592653-2.6-1.40.24 (TeX Live 2022) (preloaded format=pdflatex 2022.5.18)  14 AUG 2022 12:07
entering extended mode
 restricted \write18 enabled.
 %&-line parsing enabled.
**aocChapter4.tex
(./aocChapter4.tex
LaTeX2e <2021-11-15> patch level 1
L3 programming layer <2022-02-24>
(d:/D/ruanjianyingwen/texlive/2022/texmf-dist/tex/latex/ctex/ctexbook.cls
(d:/D/ruanjianyingwen/texlive/2022/texmf-dist/tex/latex/ctex/config/ctexbackend
.cfg
File: ctexbackend.cfg 2021/12/12 v2.5.8 Backend configuration file (CTEX)
)
(d:/D/ruanjianyingwen/texlive/2022/texmf-dist/tex/latex/l3kernel/expl3.sty
Package: expl3 2022-02-24 L3 programming layer (loader) 

(d:/D/ruanjianyingwen/texlive/2022/texmf-dist/tex/latex/l3backend/l3backend-pdf
tex.def
File: l3backend-pdftex.def 2022-02-07 L3 backend support: PDF output (pdfTeX)
\l__color_backend_stack_int=\count185
\l__pdf_internal_box=\box50
))
Document Class: ctexbook 2021/12/12 v2.5.8 Chinese adapter for class book (CTEX
)

(d:/D/ruanjianyingwen/texlive/2022/texmf-dist/tex/latex/l3packages/xparse/xpars
e.sty
Package: xparse 2022-01-12 L3 Experimental document command parser
)
(d:/D/ruanjianyingwen/texlive/2022/texmf-dist/tex/latex/l3packages/l3keys2e/l3k
eys2e.sty
Package: l3keys2e 2022-01-12 LaTeX2e option processing using LaTeX3 keys
)
(d:/D/ruanjianyingwen/texlive/2022/texmf-dist/tex/latex/ctex/ctexhook.sty
Package: ctexhook 2021/12/12 v2.5.8 Document and package hooks (CTEX)
)
(d:/D/ruanjianyingwen/texlive/2022/texmf-dist/tex/latex/ctex/ctexpatch.sty
Package: ctexpatch 2021/12/12 v2.5.8 Patching commands (CTEX)
)
(d:/D/ruanjianyingwen/texlive/2022/texmf-dist/tex/latex/base/fix-cm.sty
Package: fix-cm 2020/11/24 v1.1t fixes to LaTeX

(d:/D/ruanjianyingwen/texlive/2022/texmf-dist/tex/latex/base/ts1enc.def
File: ts1enc.def 2001/06/05 v3.0e (jk/car/fm) Standard LaTeX file
LaTeX Font Info:    Redeclaring font encoding TS1 on input line 47.
))
\l__ctex_tmp_int=\count186
\l__ctex_tmp_box=\box51
\l__ctex_tmp_dim=\dimen138
\g__ctex_section_depth_int=\count187
\g__ctex_font_size_int=\count188

(d:/D/ruanjianyingwen/texlive/2022/texmf-dist/tex/latex/ctex/config/ctexopts.cf
g
File: ctexopts.cfg 2021/12/12 v2.5.8 Option configuration file (CTEX)
)

Package ctex Warning: UTF8 will be used as the default encoding.

(d:/D/ruanjianyingwen/texlive/2022/texmf-dist/tex/latex/base/book.cls
Document Class: book 2021/10/04 v1.4n Standard LaTeX document class
(d:/D/ruanjianyingwen/texlive/2022/texmf-dist/tex/latex/base/bk12.clo
File: bk12.clo 2021/10/04 v1.4n Standard LaTeX file (size option)
)
\c@part=\count189
\c@chapter=\count190
\c@section=\count191
\c@subsection=\count192
\c@subsubsection=\count193
\c@paragraph=\count194
\c@subparagraph=\count195
\c@figure=\count196
\c@table=\count197
\abovecaptionskip=\skip47
\belowcaptionskip=\skip48
\bibindent=\dimen139
)
(d:/D/ruanjianyingwen/texlive/2022/texmf-dist/tex/latex/ctex/engine/ctex-engine
-pdftex.def
File: ctex-engine-pdftex.def 2021/12/12 v2.5.8 (pdf)LaTeX adapter (CTEX)

(d:/D/ruanjianyingwen/texlive/2022/texmf-dist/tex/latex/cjk/texinput/CJKutf8.st
y
Package: CJKutf8 2021/10/16 4.8.5
 (d:/D/ruanjianyingwen/texlive/2022/texmf-dist/tex/generic/iftex/ifpdf.sty
Package: ifpdf 2019/10/25 v3.4 ifpdf legacy package. Use iftex instead.

(d:/D/ruanjianyingwen/texlive/2022/texmf-dist/tex/generic/iftex/iftex.sty
Package: iftex 2022/02/03 v1.0f TeX engine tests
))
(d:/D/ruanjianyingwen/texlive/2022/texmf-dist/tex/latex/base/inputenc.sty
Package: inputenc 2021/02/14 v1.3d Input encoding file
\inpenc@prehook=\toks16
\inpenc@posthook=\toks17
)
(d:/D/ruanjianyingwen/texlive/2022/texmf-dist/tex/latex/cjk/texinput/CJK.sty
Package: CJK 2021/10/16 4.8.5

(d:/D/ruanjianyingwen/texlive/2022/texmf-dist/tex/latex/cjk/texinput/mule/MULEe
nc.sty
Package: MULEenc 2021/10/16 4.8.5
)
(d:/D/ruanjianyingwen/texlive/2022/texmf-dist/tex/latex/cjk/texinput/CJK.enc
File: CJK.enc 2021/10/16 4.8.5
Now handling font encoding C00 ...
... no UTF-8 mapping file for font encoding C00
Now handling font encoding C05 ...
... no UTF-8 mapping file for font encoding C05
Now handling font encoding C09 ...
... no UTF-8 mapping file for font encoding C09
Now handling font encoding C10 ...
... no UTF-8 mapping file for font encoding C10
Now handling font encoding C20 ...
... no UTF-8 mapping file for font encoding C20
Now handling font encoding C19 ...
... no UTF-8 mapping file for font encoding C19
Now handling font encoding C40 ...
... no UTF-8 mapping file for font encoding C40
Now handling font encoding C42 ...
... no UTF-8 mapping file for font encoding C42
Now handling font encoding C43 ...
... no UTF-8 mapping file for font encoding C43
Now handling font encoding C50 ...
... no UTF-8 mapping file for font encoding C50
Now handling font encoding C52 ...
... no UTF-8 mapping file for font encoding C52
Now handling font encoding C49 ...
... no UTF-8 mapping file for font encoding C49
Now handling font encoding C60 ...
... no UTF-8 mapping file for font encoding C60
Now handling font encoding C61 ...
... no UTF-8 mapping file for font encoding C61
Now handling font encoding C63 ...
... no UTF-8 mapping file for font encoding C63
Now handling font encoding C64 ...
... no UTF-8 mapping file for font encoding C64
Now handling font encoding C65 ...
... no UTF-8 mapping file for font encoding C65
Now handling font encoding C70 ...
... no UTF-8 mapping file for font encoding C70
Now handling font encoding C31 ...
... no UTF-8 mapping file for font encoding C31
Now handling font encoding C32 ...
... no UTF-8 mapping file for font encoding C32
Now handling font encoding C33 ...
... no UTF-8 mapping file for font encoding C33
Now handling font encoding C34 ...
... no UTF-8 mapping file for font encoding C34
Now handling font encoding C35 ...
... no UTF-8 mapping file for font encoding C35
Now handling font encoding C36 ...
... no UTF-8 mapping file for font encoding C36
Now handling font encoding C37 ...
... no UTF-8 mapping file for font encoding C37
Now handling font encoding C80 ...
... no UTF-8 mapping file for font encoding C80
Now handling font encoding C81 ...
... no UTF-8 mapping file for font encoding C81
Now handling font encoding C01 ...
... no UTF-8 mapping file for font encoding C01
Now handling font encoding C11 ...
... no UTF-8 mapping file for font encoding C11
Now handling font encoding C21 ...
... no UTF-8 mapping file for font encoding C21
Now handling font encoding C41 ...
... no UTF-8 mapping file for font encoding C41
Now handling font encoding C62 ...
... no UTF-8 mapping file for font encoding C62
)
\CJK@indent=\box52
)
(d:/D/ruanjianyingwen/texlive/2022/texmf-dist/tex/latex/base/fontenc.sty
Package: fontenc 2021/04/29 v2.0v Standard LaTeX package
))
(d:/D/ruanjianyingwen/texlive/2022/texmf-dist/tex/latex/cjkpunct/CJKpunct.sty
Package: CJKpunct 2016/05/14 4.8.4
\CJKpunct@cnta=\count198
\CJKpunct@cntb=\count199
\CJKpunct@cntc=\count266
\CJKpunct@cntd=\count267
\CJKpunct@cnte=\count268
   defining Unicode char U+2018 (decimal 8216)
   defining Unicode char U+2019 (decimal 8217)
   defining Unicode char U+201C (decimal 8220)
   defining Unicode char U+201D (decimal 8221)
   defining Unicode char U+2014 (decimal 8212)
   defining Unicode char U+2026 (decimal 8230)

(d:/D/ruanjianyingwen/texlive/2022/texmf-dist/tex/latex/cjkpunct/CJKpunct.spa))

(d:/D/ruanjianyingwen/texlive/2022/texmf-dist/tex/latex/cjk/texinput/CJKspace.s
ty
Package: CJKspace 2021/10/16 3.8.0
) (d:/D/ruanjianyingwen/texlive/2022/texmf-dist/tex/latex/ctex/ctexspa.def
File: ctexspa.def 2021/12/12 v2.5.8 Space info for CJKpunct (CTEX)
)
\ccwd=\dimen140
\l__ctex_ccglue_skip=\skip49
)
\l__ctex_ziju_dim=\dimen141

(d:/D/ruanjianyingwen/texlive/2022/texmf-dist/tex/latex/zhnumber/zhnumber.sty
Package: zhnumber 2020/05/01 v2.8 Typesetting numbers with Chinese glyphs
\l__zhnum_scale_int=\count269
\l__zhnum_byte_min_int=\count270
\l__zhnum_byte_max_int=\count271

(d:/D/ruanjianyingwen/texlive/2022/texmf-dist/tex/latex/zhnumber/zhnumber-utf8.
cfg
File: zhnumber-utf8.cfg 2020/05/01 v2.8 Chinese numerals with UTF8 encoding
))
\l__ctex_heading_skip=\skip50

(d:/D/ruanjianyingwen/texlive/2022/texmf-dist/tex/latex/ctex/scheme/ctex-scheme
-chinese-book.def
File: ctex-scheme-chinese-book.def 2021/12/12 v2.5.8 Chinese scheme for book (C
TEX)

(d:/D/ruanjianyingwen/texlive/2022/texmf-dist/tex/latex/ctex/config/ctex-name-u
tf8.cfg
File: ctex-name-utf8.cfg 2021/12/12 v2.5.8 Caption with encoding UTF-8 (CTEX)
))
(d:/D/ruanjianyingwen/texlive/2022/texmf-dist/tex/latex/ctex/fontset/ctex-fonts
et-windows.def
File: ctex-fontset-windows.def 2021/12/12 v2.5.8 Windows fonts definition (CTEX
)
))
(d:/D/ruanjianyingwen/texlive/2022/texmf-dist/tex/latex/ctex/config/ctex.cfg
File: ctex.cfg 2021/12/12 v2.5.8 Configuration file (CTEX)
)

Package ctex Warning: Package `ctex' can not be loaded with `ctexbook'.

(d:/D/ruanjianyingwen/texlive/2022/texmf-dist/tex/latex/graphics/graphicx.sty
Package: graphicx 2021/09/16 v1.2d Enhanced LaTeX Graphics (DPC,SPQR)

(d:/D/ruanjianyingwen/texlive/2022/texmf-dist/tex/latex/graphics/keyval.sty
Package: keyval 2014/10/28 v1.15 key=value parser (DPC)
\KV@toks@=\toks18
)
(d:/D/ruanjianyingwen/texlive/2022/texmf-dist/tex/latex/graphics/graphics.sty
Package: graphics 2021/03/04 v1.4d Standard LaTeX Graphics (DPC,SPQR)

(d:/D/ruanjianyingwen/texlive/2022/texmf-dist/tex/latex/graphics/trig.sty
Package: trig 2021/08/11 v1.11 sin cos tan (DPC)
)
(d:/D/ruanjianyingwen/texlive/2022/texmf-dist/tex/latex/graphics-cfg/graphics.c
fg
File: graphics.cfg 2016/06/04 v1.11 sample graphics configuration
)
Package graphics Info: Driver file: pdftex.def on input line 107.

(d:/D/ruanjianyingwen/texlive/2022/texmf-dist/tex/latex/graphics-def/pdftex.def
File: pdftex.def 2020/10/05 v1.2a Graphics/color driver for pdftex
))
\Gin@req@height=\dimen142
\Gin@req@width=\dimen143
)
(d:/D/ruanjianyingwen/texlive/2022/texmf-dist/tex/latex/amsfonts/amsfonts.sty
Package: amsfonts 2013/01/14 v3.01 Basic AMSFonts support
\@emptytoks=\toks19
\symAMSa=\mathgroup4
\symAMSb=\mathgroup5
LaTeX Font Info:    Redeclaring math symbol \hbar on input line 98.
LaTeX Font Info:    Overwriting math alphabet `\mathfrak' in version `bold'
(Font)                  U/euf/m/n --> U/euf/b/n on input line 106.
)
(d:/D/ruanjianyingwen/texlive/2022/texmf-dist/tex/latex/amsmath/amsmath.sty
Package: amsmath 2021/10/15 v2.17l AMS math features
\@mathmargin=\skip51

For additional information on amsmath, use the `?' option.
(d:/D/ruanjianyingwen/texlive/2022/texmf-dist/tex/latex/amsmath/amstext.sty
Package: amstext 2021/08/26 v2.01 AMS text

(d:/D/ruanjianyingwen/texlive/2022/texmf-dist/tex/latex/amsmath/amsgen.sty
File: amsgen.sty 1999/11/30 v2.0 generic functions
\@emptytoks=\toks20
\ex@=\dimen144
))
(d:/D/ruanjianyingwen/texlive/2022/texmf-dist/tex/latex/amsmath/amsbsy.sty
Package: amsbsy 1999/11/29 v1.2d Bold Symbols
\pmbraise@=\dimen145
)
(d:/D/ruanjianyingwen/texlive/2022/texmf-dist/tex/latex/amsmath/amsopn.sty
Package: amsopn 2021/08/26 v2.02 operator names
)
\inf@bad=\count272
LaTeX Info: Redefining \frac on input line 234.
\uproot@=\count273
\leftroot@=\count274
LaTeX Info: Redefining \overline on input line 399.
\classnum@=\count275
\DOTSCASE@=\count276
LaTeX Info: Redefining \ldots on input line 496.
LaTeX Info: Redefining \dots on input line 499.
LaTeX Info: Redefining \cdots on input line 620.
\Mathstrutbox@=\box53
\strutbox@=\box54
\big@size=\dimen146
LaTeX Font Info:    Redeclaring font encoding OML on input line 743.
LaTeX Font Info:    Redeclaring font encoding OMS on input line 744.
\macc@depth=\count277
\c@MaxMatrixCols=\count278
\dotsspace@=\muskip16
\c@parentequation=\count279
\dspbrk@lvl=\count280
\tag@help=\toks21
\row@=\count281
\column@=\count282
\maxfields@=\count283
\andhelp@=\toks22
\eqnshift@=\dimen147
\alignsep@=\dimen148
\tagshift@=\dimen149
\tagwidth@=\dimen150
\totwidth@=\dimen151
\lineht@=\dimen152
\@envbody=\toks23
\multlinegap=\skip52
\multlinetaggap=\skip53
\mathdisplay@stack=\toks24
LaTeX Info: Redefining \[ on input line 2938.
LaTeX Info: Redefining \] on input line 2939.
)
(d:/D/ruanjianyingwen/texlive/2022/texmf-dist/tex/latex/amscls/amsthm.sty
Package: amsthm 2020/05/29 v2.20.6
\thm@style=\toks25
\thm@bodyfont=\toks26
\thm@headfont=\toks27
\thm@notefont=\toks28
\thm@headpunct=\toks29
\thm@preskip=\skip54
\thm@postskip=\skip55
\thm@headsep=\skip56
\dth@everypar=\toks30
)
(d:/D/ruanjianyingwen/texlive/2022/texmf-dist/tex/latex/amsfonts/amssymb.sty
Package: amssymb 2013/01/14 v3.01 AMS font symbols
)
(d:/D/ruanjianyingwen/texlive/2022/texmf-dist/tex/latex/amsfonts/euscript.sty
Package: euscript 2009/06/22 v3.00 Euler Script fonts
LaTeX Font Info:    Overwriting math alphabet `\EuScript' in version `bold'
(Font)                  U/eus/m/n --> U/eus/b/n on input line 33.
)
(d:/D/ruanjianyingwen/texlive/2022/texmf-dist/tex/latex/geometry/geometry.sty
Package: geometry 2020/01/02 v5.9 Page Geometry

(d:/D/ruanjianyingwen/texlive/2022/texmf-dist/tex/generic/iftex/ifvtex.sty
Package: ifvtex 2019/10/25 v1.7 ifvtex legacy package. Use iftex instead.
)
\Gm@cnth=\count284
\Gm@cntv=\count285
\c@Gm@tempcnt=\count286
\Gm@bindingoffset=\dimen153
\Gm@wd@mp=\dimen154
\Gm@odd@mp=\dimen155
\Gm@even@mp=\dimen156
\Gm@layoutwidth=\dimen157
\Gm@layoutheight=\dimen158
\Gm@layouthoffset=\dimen159
\Gm@layoutvoffset=\dimen160
\Gm@dimlist=\toks31
)
(d:/D/ruanjianyingwen/texlive/2022/texmf-dist/tex/latex/subfigure/subfigure.sty
Package: subfigure 2002/03/15 v2.1.5 subfigure package
\subfigtopskip=\skip57
\subfigcapskip=\skip58
\subfigcaptopadj=\dimen161
\subfigbottomskip=\skip59
\subfigcapmargin=\dimen162
\subfiglabelskip=\skip60
\c@subfigure=\count287
\c@lofdepth=\count288
\c@subtable=\count289
\c@lotdepth=\count290
****************************************
* Local config file subfigure.cfg used *
****************************************

(d:/D/ruanjianyingwen/texlive/2022/texmf-dist/tex/latex/subfigure/subfigure.cfg
)
\subfig@top=\skip61
\subfig@bottom=\skip62
)
\c@lemma=\count291

(d:/D/ruanjianyingwen/texlive/2022/texmf-dist/tex/latex/cjk/texinput/UTF8/UTF8.
bdg
File: UTF8.bdg 2021/10/16 4.8.5
)
(d:/D/ruanjianyingwen/texlive/2022/texmf-dist/tex/latex/cjk/texinput/UTF8/UTF8.
enc
File: UTF8.enc 2021/10/16 4.8.5
)
(d:/D/ruanjianyingwen/texlive/2022/texmf-dist/tex/latex/cjk/texinput/UTF8/UTF8.
chr
File: UTF8.chr 2021/10/16 4.8.5
) (./aocChapter4.aux)
\openout1 = `aocChapter4.aux'.

LaTeX Font Info:    Checking defaults for OML/cmm/m/it on input line 29.
LaTeX Font Info:    ... okay on input line 29.
LaTeX Font Info:    Checking defaults for OMS/cmsy/m/n on input line 29.
LaTeX Font Info:    ... okay on input line 29.
LaTeX Font Info:    Checking defaults for OT1/cmr/m/n on input line 29.
LaTeX Font Info:    ... okay on input line 29.
LaTeX Font Info:    Checking defaults for T1/cmr/m/n on input line 29.
LaTeX Font Info:    ... okay on input line 29.
LaTeX Font Info:    Checking defaults for TS1/cmr/m/n on input line 29.
LaTeX Font Info:    ... okay on input line 29.
LaTeX Font Info:    Checking defaults for OMX/cmex/m/n on input line 29.
LaTeX Font Info:    ... okay on input line 29.
LaTeX Font Info:    Checking defaults for U/cmr/m/n on input line 29.
LaTeX Font Info:    ... okay on input line 29.
LaTeX Font Info:    Checking defaults for C00/song/m/n on input line 29.
LaTeX Font Info:    ... okay on input line 29.
LaTeX Font Info:    Checking defaults for C05/song/m/n on input line 29.
LaTeX Font Info:    ... okay on input line 29.
LaTeX Font Info:    Checking defaults for C09/song/m/n on input line 29.
LaTeX Font Info:    ... okay on input line 29.
LaTeX Font Info:    Checking defaults for C10/song/m/n on input line 29.
LaTeX Font Info:    ... okay on input line 29.
LaTeX Font Info:    Checking defaults for C20/song/m/n on input line 29.
LaTeX Font Info:    ... okay on input line 29.
LaTeX Font Info:    Checking defaults for C19/song/m/n on input line 29.
LaTeX Font Info:    ... okay on input line 29.
LaTeX Font Info:    Checking defaults for C40/song/m/n on input line 29.
LaTeX Font Info:    ... okay on input line 29.
LaTeX Font Info:    Checking defaults for C42/song/m/n on input line 29.
LaTeX Font Info:    ... okay on input line 29.
LaTeX Font Info:    Checking defaults for C43/song/m/n on input line 29.
LaTeX Font Info:    ... okay on input line 29.
LaTeX Font Info:    Checking defaults for C50/song/m/n on input line 29.
LaTeX Font Info:    ... okay on input line 29.
LaTeX Font Info:    Checking defaults for C52/song/m/n on input line 29.
LaTeX Font Info:    ... okay on input line 29.
LaTeX Font Info:    Checking defaults for C49/song/m/n on input line 29.
LaTeX Font Info:    ... okay on input line 29.
LaTeX Font Info:    Checking defaults for C60/mj/m/n on input line 29.
LaTeX Font Info:    ... okay on input line 29.
LaTeX Font Info:    Checking defaults for C61/mj/m/n on input line 29.
LaTeX Font Info:    ... okay on input line 29.
LaTeX Font Info:    Checking defaults for C63/mj/m/n on input line 29.
LaTeX Font Info:    ... okay on input line 29.
LaTeX Font Info:    Checking defaults for C64/mj/m/n on input line 29.
LaTeX Font Info:    ... okay on input line 29.
LaTeX Font Info:    Checking defaults for C65/mj/m/n on input line 29.
LaTeX Font Info:    ... okay on input line 29.
LaTeX Font Info:    Checking defaults for C70/song/m/n on input line 29.
LaTeX Font Info:    ... okay on input line 29.
LaTeX Font Info:    Checking defaults for C31/song/m/n on input line 29.
LaTeX Font Info:    ... okay on input line 29.
LaTeX Font Info:    Checking defaults for C32/song/m/n on input line 29.
LaTeX Font Info:    ... okay on input line 29.
LaTeX Font Info:    Checking defaults for C33/song/m/n on input line 29.
LaTeX Font Info:    ... okay on input line 29.
LaTeX Font Info:    Checking defaults for C34/song/m/n on input line 29.
LaTeX Font Info:    ... okay on input line 29.
LaTeX Font Info:    Checking defaults for C35/song/m/n on input line 29.
LaTeX Font Info:    ... okay on input line 29.
LaTeX Font Info:    Checking defaults for C36/song/m/n on input line 29.
LaTeX Font Info:    ... okay on input line 29.
LaTeX Font Info:    Checking defaults for C37/song/m/n on input line 29.
LaTeX Font Info:    ... okay on input line 29.
LaTeX Font Info:    Checking defaults for C80/song/m/n on input line 29.
LaTeX Font Info:    ... okay on input line 29.
LaTeX Font Info:    Checking defaults for C81/song/m/n on input line 29.
LaTeX Font Info:    ... okay on input line 29.
LaTeX Font Info:    Checking defaults for C01/song/m/n on input line 29.
LaTeX Font Info:    ... okay on input line 29.
LaTeX Font Info:    Checking defaults for C11/song/m/n on input line 29.
LaTeX Font Info:    ... okay on input line 29.
LaTeX Font Info:    Checking defaults for C21/song/m/n on input line 29.
LaTeX Font Info:    ... okay on input line 29.
LaTeX Font Info:    Checking defaults for C41/song/m/n on input line 29.
LaTeX Font Info:    ... okay on input line 29.
LaTeX Font Info:    Checking defaults for C62/song/m/n on input line 29.
LaTeX Font Info:    ... okay on input line 29.

(d:/D/ruanjianyingwen/texlive/2022/texmf-dist/tex/context/base/mkii/supp-pdf.mk
ii
[Loading MPS to PDF converter (version 2006.09.02).]
\scratchcounter=\count292
\scratchdimen=\dimen163
\scratchbox=\box55
\nofMPsegments=\count293
\nofMParguments=\count294
\everyMPshowfont=\toks32
\MPscratchCnt=\count295
\MPscratchDim=\dimen164
\MPnumerator=\count296
\makeMPintoPDFobject=\count297
\everyMPtoPDFconversion=\toks33
)
(d:/D/ruanjianyingwen/texlive/2022/texmf-dist/tex/latex/epstopdf-pkg/epstopdf-b
ase.sty
Package: epstopdf-base 2020-01-24 v2.11 Base part for package epstopdf
Package epstopdf-base Info: Redefining graphics rule for `.eps' on input line 4
85.

(d:/D/ruanjianyingwen/texlive/2022/texmf-dist/tex/latex/latexconfig/epstopdf-sy
s.cfg
File: epstopdf-sys.cfg 2010/07/13 v1.3 Configuration of (r)epstopdf for TeX Liv
e
))
*geometry* driver: auto-detecting
*geometry* detected driver: pdftex
*geometry* verbose mode - [ preamble ] result:
* driver: pdftex
* paper: a4paper
* layout: <same size as paper>
* layoutoffset:(h,v)=(0.0pt,0.0pt)
* modes: twoside 
* h-part:(L,W,R)=(71.13188pt, 455.24411pt, 71.13188pt)
* v-part:(T,H,B)=(71.13188pt, 702.78308pt, 71.13188pt)
* \paperwidth=597.50787pt
* \paperheight=845.04684pt
* \textwidth=455.24411pt
* \textheight=702.78308pt
* \oddsidemargin=-1.1381pt
* \evensidemargin=-1.1381pt
* \topmargin=-33.0119pt
* \headheight=12.0pt
* \headsep=19.8738pt
* \topskip=12.0pt
* \footskip=30.0pt
* \marginparwidth=88.0pt
* \marginparsep=7.0pt
* \columnsep=10.0pt
* \skip\footins=10.8pt plus 4.0pt minus 2.0pt
* \hoffset=0.0pt
* \voffset=0.0pt
* \mag=1000
* \@twocolumnfalse
* \@twosidetrue
* \@mparswitchtrue
* \@reversemarginfalse
* (1in=72.27pt=25.4mm, 1cm=28.453pt)

Á¨¨ÂõõÁ´†
LaTeX Font Info:    Trying to load font information for C70+rm on input line 38
.
(d:/D/ruanjianyingwen/texlive/2022/texmf-dist/tex/latex/ctex/fd/c70rm.fd
File: c70rm.fd 2021/12/12 v2.5.8 Chinese font definition (CTEX)
)
LaTeX Font Info:    Trying to load font information for U+msa on input line 44.


(d:/D/ruanjianyingwen/texlive/2022/texmf-dist/tex/latex/amsfonts/umsa.fd
File: umsa.fd 2013/01/14 v3.01 AMS symbols A
)
LaTeX Font Info:    Trying to load font information for U+msb on input line 44.


(d:/D/ruanjianyingwen/texlive/2022/texmf-dist/tex/latex/amsfonts/umsb.fd
File: umsb.fd 2013/01/14 v3.01 AMS symbols B
)
LaTeX Font Info:    Trying to load font information for C70+zhkai on input line
 46.

(d:/D/ruanjianyingwen/texlive/2022/texmf-dist/tex/latex/zhmetrics/c70zhkai.fd
File: c70zhkai.fd 2009/09/23 4.8.2
)
Package CJKpunct Info: use punctuation spaces for family 'rm' with punctstyle (
quanjiao) on input line 46.

Underfull \vbox (badness 10000) has occurred while \output is active []


(d:/D/ruanjianyingwen/texlive/2022/texmf-dist/tex/generic/ctex/zhmap/ctex-zhmap
-windows.tex
File: ctex-zhmap-windows.tex 2021/12/12 v2.5.8 Windows font map loader for pdfT
eX and DVIPDFMx (CTEX)
{d:/D/ruanjianyingwen/texlive/2022/texmf-var/fonts/map/pdftex/updmap/pdftex.map
}{UGBK.sfd}{Unicode.sfd}) [1


]
Underfull \vbox (badness 3492) has occurred while \output is active []

 [2]
[3]
LaTeX Font Info:    Trying to load font information for U+euf on input line 133
.
 (d:/D/ruanjianyingwen/texlive/2022/texmf-dist/tex/latex/amsfonts/ueuf.fd
File: ueuf.fd 2013/01/14 v3.01 Euler Fraktur
)
[4] [5] [6] [7] [8] [9] [10]
Overfull \hbox (23.03557pt too wide) in paragraph at lines 356--358
\C70/rm/m/n/12/4f ^^? \C70/rm/m/n/12/75 ( \C70/rm/m/n/12/7b , \C70/rm/m/n/12/4e
 ^^@ \C70/rm/m/n/12/7c { \C70/rm/m/n/12/65 ‡ \C70/rm/m/n/12/7b & \C70/rm/m/n/12
/53 ˜ \C70/rm/m/n/12/65 Ø \C70/rm/m/n/12/72 y \C70/rm/m/n/12/67 ó \C70/rm/m/n/1
2/65 p\OT1/cmr/m/n/12 ,\C70/rm/m/n/12/62 ^^Q \C70/rm/m/n/12/4e Ï \C70/rm/m/n/12
/53 Ô \C70/rm/m/n/12/4e Â \C70/rm/m/n/12/77  \C70/rm/m/n/12/52 0 \C70/rm/m/n/1
2/8f Ÿ \C70/rm/m/n/12/4e $ \C70/rm/m/n/12/79 Õ \C70/rm/m/n/12/7e ” \C70/rm/m/n/
12/67 Ñ \C70/rm/m/n/12/76 Ñ \C70/rm/m/n/12/5e è \C70/rm/m/n/12/52 ^^W \C70/rm/m
/n/12/76 Ñ \C70/rm/m/n/12/8b ° \C70/rm/m/n/12/65 p \C70/rm/m/n/12/52 ^^F + \C70
/rm/m/n/12/66 /$\OML/cmm/m/it/12 c\OT1/cmr/m/n/12 (\OML/cmm/m/it/12 n; k\OT1/cm
r/m/n/12 )$\C70/rm/m/n/12/54 å$\OML/cmm/m/it/12 k\OT1/cmr/m/n/12 !\OML/cmm/m/it
/12 c\OT1/cmr/m/n/12 (\OML/cmm/m/it/12 n; k\OT1/cmr/m/n/12 )$.
 []


Overfull \hbox (17.51065pt too wide) in paragraph at lines 381--382
[]\C70/rm/m/n/12/50 G \C70/rm/m/n/12/8b æ$\OMS/cmsy/m/n/12 S$\C70/rm/m/n/12/54 
å$\OMS/cmsy/m/n/12 J$\C70/rm/m/n/12/66 / \C70/rm/m/n/12/68 ^^G \C70/rm/m/n/12/8
b ∞ \C70/rm/m/n/12/76 Ñ \C70/rm/m/n/12/7e ” \C70/rm/m/n/12/67 Ñ\OT1/cmr/m/n/12 
. \C70/rm/m/n/12/59 Ç \C70/rm/m/n/12/67 ú \C70/rm/m/n/12/5b ˘ \C70/rm/m/n/12/4e
 é ˚ \C70/rm/m/n/12/4f U \C70/rm/m/n/12/67 	 \C70/rm/m/n/12/96 P ∆$\OML/cmm/m/i
t/12 L$\C70/rm/m/n/12/67 	$\OMS/cmsy/m/n/12 S\OT1/cmr/m/n/12 (\OML/cmm/m/it/12 
L\OT1/cmr/m/n/12 ) \OMS/cmsy/m/n/12 \ J\OT1/cmr/m/n/12 (\OML/cmm/m/it/12 L\OT1/
cmr/m/n/12 ) = \OMS/cmsy/m/n/12 ;$\OT1/cmr/m/n/12 ,\C70/rm/m/n/12/90 £ \C70/rm/
m/n/12/4e H \C70/rm/m/n/12/62 ^^Q \C70/rm/m/n/12/4e Ï \C70/rm/m/n/12/8b Ù$\OMS/
cmsy/m/n/12 S$\C70/rm/m/n/12/54 å$\OMS/cmsy/m/n/12 J$\C70/rm/m/n/12/66 /
 []

[11] [12] [13] [14]
Package CJKpunct Info: use punctuation spaces for family 'zhkai' with punctstyl
e (quanjiao) on input line 535.
 [15]
Overfull \hbox (80.38803pt too wide) in paragraph at lines 539--543
\C70/rm/m/n/12/67 Ñ \C70/rm/m/n/12/65 > \C70/rm/m/n/12/51 e$\OML/cmm/m/it/12 k$
\C70/rm/m/n/12/65 ‡ \C70/rm/m/n/12/5e è \C70/rm/m/n/12/76 Ñ \C70/rm/m/n/12/97 ^
 \C70/rm/m/n/12/7a z \C70/rm/m/n/12/57 W \C70/rm/m/n/12/4e -\OT1/cmr/m/n/12 . \
C70/rm/m/n/12/73 ∞ \C70/rm/m/n/12/57 ( \C70/rm/m/n/12/4f ^^? \C70/rm/m/n/12/75 
(\OT1/cmr/m/n/12 egfs\C70/rm/m/n/12/76 Ñ \C70/rm/m/n/12/6c B \C70/rm/m/n/12/54 
å \C70/rm/m/n/12/89 ƒ \C70/rm/m/n/12/52 ^^Y\OT1/cmr/m/n/12 ,\C70/rm/m/n/12/54 ^
^L \C70/rm/m/n/12/68 7 \C70/rm/m/n/12/67 e \C70/rm/m/n/12/81 Í \C70/rm/m/n/12/5
b ö \C70/rm/m/n/12/74 ^^F\OT1/cmr/m/n/12 4.4.2,\C70/rm/m/n/12/53 Ô \C70/rm/m/n/
12/4e Â \C70/rm/m/n/12/5f ó \C70/rm/m/n/12/51 ˙$[][] \OML/cmm/m/it/12 F[]\OT1/c
mr/m/n/12 (\OML/cmm/m/it/12 x\OT1/cmr/m/n/12 )[]\OML/cmm/m/it/12 =k\OT1/cmr/m/n
/12 !$\C70/rm/m/n/12/66 /\OT1/cmr/m/n/12 egf,\C70/rm/m/n/12/75 (
 []

[16] [17] [18]
Overfull \hbox (133.79646pt too wide) detected at line 764
\OT1/cmr/m/n/12 (\OMS/cmsy/m/n/12 J ^^N S\OT1/cmr/m/n/12 )(\OML/cmm/m/it/12 L\O
T1/cmr/m/n/12 ) = \OMS/cmsy/m/n/12 f\OT1/cmr/m/n/12 (\OMS/cmsy/m/n/12 f\OML/cmm
/m/it/12 S[]; S[]; [] \OMS/cmsy/m/n/12 g\OML/cmm/m/it/12 ; T\OT1/cmr/m/n/12 )\O
MS/cmsy/m/n/12 j[]\OML/cmm/m/it/12 i[]T \OMS/cmsy/m/n/12 2 J\OT1/cmr/m/n/12 (\O
MS/cmsy/m/n/12 f\OML/cmm/m/it/12 S[]; S[]; [] \OMS/cmsy/m/n/12 g\OT1/cmr/m/n/12
 )\OML/cmm/m/it/12 ; []L[]=L[]= [] \OMS/cmsy/m/n/12 ` \OML/cmm/m/it/12 L[]S[] \
OMS/cmsy/m/n/12 2 S\OT1/cmr/m/n/12 (\OML/cmm/m/it/12 L[]\OT1/cmr/m/n/12 )\OMS/c
msy/m/n/12 g\OML/cmm/m/it/12 :
 []

[19] [20] (./aocChapter4.aux) ) 
Here is how much of TeX's memory you used:
 9965 strings out of 478268
 180032 string characters out of 5841363
 438126 words of memory out of 5000000
 27564 multiletter control sequences out of 15000+600000
 542901 words of font info for 297 fonts, out of 8000000 for 9000
 1141 hyphenation exceptions out of 8191
 75i,12n,78p,723b,355s stack positions out of 10000i,1000n,20000p,200000b,200000s
<c:/Windows/Fonts/simsun.ttc><c:/Windows/Fonts/s
imkai.ttf><c:/Windows/Fonts/simsun.ttc><c:/Windows/Fonts/simkai.ttf><c:/Windows
/Fonts/simkai.ttf><c:/Windows/Fonts/simhei.ttf><c:/Windows/Fonts/simhei.ttf><c:
/Windows/Fonts/simhei.ttf><c:/Windows/Fonts/simsun.ttc><c:/Windows/Fonts/simsun
.ttc><c:/Windows/Fonts/simsun.ttc><c:/Windows/Fonts/simsun.ttc><c:/Windows/Font
s/simsun.ttc><c:/Windows/Fonts/simsun.ttc><c:/Windows/Fonts/simsun.ttc><c:/Wind
ows/Fonts/simkai.ttf><c:/Windows/Fonts/simhei.ttf><c:/Windows/Fonts/simhei.ttf>
<c:/Windows/Fonts/simhei.ttf><c:/Windows/Fonts/simsun.ttc><c:/Windows/Fonts/sim
sun.ttc><c:/Windows/Fonts/simkai.ttf><c:/Windows/Fonts/simsun.ttc><c:/Windows/F
onts/simkai.ttf><c:/Windows/Fonts/simkai.ttf><c:/Windows/Fonts/simkai.ttf><c:/W
indows/Fonts/simsun.ttc><c:/Windows/Fonts/simkai.ttf><c:/Windows/Fonts/simsun.t
tc><c:/Windows/Fonts/simkai.ttf><c:/Windows/Fonts/simkai.ttf><c:/Windows/Fonts/
simsun.ttc><c:/Windows/Fonts/simkai.ttf><c:/Windows/Fonts/simkai.ttf><c:/Window
s/Fonts/simkai.ttf><c:/Windows/Fonts/simkai.ttf><c:/Windows/Fonts/simkai.ttf><c
:/Windows/Fonts/simkai.ttf><c:/Windows/Fonts/simkai.ttf><c:/Windows/Fonts/simka
i.ttf><c:/Windows/Fonts/simkai.ttf><c:/Windows/Fonts/simkai.ttf><c:/Windows/Fon
ts/simkai.ttf><c:/Windows/Fonts/simkai.ttf><c:/Windows/Fonts/simkai.ttf><c:/Win
dows/Fonts/simkai.ttf><c:/Windows/Fonts/simsun.ttc><c:/Windows/Fonts/simsun.ttc
><c:/Windows/Fonts/simsun.ttc><c:/Windows/Fonts/simsun.ttc><c:/Windows/Fonts/si
msun.ttc><c:/Windows/Fonts/simsun.ttc><c:/Windows/Fonts/simsun.ttc><c:/Windows/
Fonts/simhei.ttf><c:/Windows/Fonts/simhei.ttf><c:/Windows/Fonts/simhei.ttf><c:/
Windows/Fonts/simhei.ttf><c:/Windows/Fonts/simhei.ttf><c:/Windows/Fonts/simsun.
ttc><c:/Windows/Fonts/simsun.ttc><c:/Windows/Fonts/simsun.ttc><c:/Windows/Fonts
/simsun.ttc><c:/Windows/Fonts/simsun.ttc><c:/Windows/Fonts/simhei.ttf><c:/Windo
ws/Fonts/simkai.ttf><c:/Windows/Fonts/simkai.ttf><c:/Windows/Fonts/simkai.ttf><
c:/Windows/Fonts/simkai.ttf><c:/Windows/Fonts/simkai.ttf><c:/Windows/Fonts/simk
ai.ttf><c:/Windows/Fonts/simkai.ttf><c:/Windows/Fonts/simsun.ttc><c:/Windows/Fo
nts/simsun.ttc><c:/Windows/Fonts/simkai.ttf><c:/Windows/Fonts/simkai.ttf><c:/Wi
ndows/Fonts/simsun.ttc><c:/Windows/Fonts/simsun.ttc><c:/Windows/Fonts/simsun.tt
c><c:/Windows/Fonts/simsun.ttc><c:/Windows/Fonts/simsun.ttc><c:/Windows/Fonts/s
imkai.ttf><c:/Windows/Fonts/simkai.ttf><c:/Windows/Fonts/simsun.ttc><c:/Windows
/Fonts/simsun.ttc><c:/Windows/Fonts/simkai.ttf><c:/Windows/Fonts/simkai.ttf><c:
/Windows/Fonts/simhei.ttf><c:/Windows/Fonts/simhei.ttf><c:/Windows/Fonts/simsun
.ttc><c:/Windows/Fonts/simsun.ttc><c:/Windows/Fonts/simsun.ttc><c:/Windows/Font
s/simsun.ttc><c:/Windows/Fonts/simsun.ttc><c:/Windows/Fonts/simsun.ttc><c:/Wind
ows/Fonts/simsun.ttc><c:/Windows/Fonts/simsun.ttc><c:/Windows/Fonts/simsun.ttc>
<c:/Windows/Fonts/simsun.ttc><c:/Windows/Fonts/simsun.ttc><c:/Windows/Fonts/sim
sun.ttc><c:/Windows/Fonts/simsun.ttc><c:/Windows/Fonts/simsun.ttc><c:/Windows/F
onts/simsun.ttc><c:/Windows/Fonts/simsun.ttc><c:/Windows/Fonts/simsun.ttc><c:/W
indows/Fonts/simsun.ttc><c:/Windows/Fonts/simsun.ttc><c:/Windows/Fonts/simsun.t
tc><c:/Windows/Fonts/simsun.ttc><c:/Windows/Fonts/simkai.ttf><c:/Windows/Fonts/
simkai.ttf><c:/Windows/Fonts/simkai.ttf><c:/Windows/Fonts/simkai.ttf><c:/Window
s/Fonts/simkai.ttf><c:/Windows/Fonts/simsun.ttc><c:/Windows/Fonts/simhei.ttf><c
:/Windows/Fonts/simhei.ttf><c:/Windows/Fonts/simhei.ttf><c:/Windows/Fonts/simsu
n.ttc><c:/Windows/Fonts/simsun.ttc><c:/Windows/Fonts/simsun.ttc><c:/Windows/Fon
ts/simsun.ttc><c:/Windows/Fonts/simsun.ttc><c:/Windows/Fonts/simsun.ttc><c:/Win
dows/Fonts/simsun.ttc><c:/Windows/Fonts/simsun.ttc><c:/Windows/Fonts/simsun.ttc
><c:/Windows/Fonts/simsun.ttc><c:/Windows/Fonts/simsun.ttc><c:/Windows/Fonts/si
msun.ttc><c:/Windows/Fonts/simsun.ttc><c:/Windows/Fonts/simsun.ttc><c:/Windows/
Fonts/simsun.ttc><c:/Windows/Fonts/simsun.ttc><c:/Windows/Fonts/simsun.ttc><c:/
Windows/Fonts/simsun.ttc><c:/Windows/Fonts/simsun.ttc><c:/Windows/Fonts/simsun.
ttc><c:/Windows/Fonts/simsun.ttc><c:/Windows/Fonts/simsun.ttc><c:/Windows/Fonts
/simsun.ttc><c:/Windows/Fonts/simsun.ttc><c:/Windows/Fonts/simsun.ttc><c:/Windo
ws/Fonts/simsun.ttc><c:/Windows/Fonts/simsun.ttc><c:/Windows/Fonts/simsun.ttc><
c:/Windows/Fonts/simsun.ttc><c:/Windows/Fonts/simsun.ttc><c:/Windows/Fonts/sims
un.ttc><c:/Windows/Fonts/simsun.ttc><c:/Windows/Fonts/simsun.ttc><c:/Windows/Fo
nts/simsun.ttc><c:/Windows/Fonts/simsun.ttc><c:/Windows/Fonts/simsun.ttc><c:/Wi
ndows/Fonts/simsun.ttc><c:/Windows/Fonts/simsun.ttc><c:/Windows/Fonts/simsun.tt
c><c:/Windows/Fonts/simhei.ttf><c:/Windows/Fonts/simhei.ttf><c:/Windows/Fonts/s
imhei.ttf><c:/Windows/Fonts/simhei.ttf><c:/Windows/Fonts/simhei.ttf><c:/Windows
/Fonts/simhei.ttf><c:/Windows/Fonts/simhei.ttf><c:/Windows/Fonts/simhei.ttf><c:
/Windows/Fonts/simhei.ttf><d:/D/ruanjianyingwen/texlive/2022/texmf-dist/fonts/t
ype1/public/amsfonts/cm/cmbx12.pfb><d:/D/ruanjianyingwen/texlive/2022/texmf-dis
t/fonts/type1/public/amsfonts/cm/cmex10.pfb><d:/D/ruanjianyingwen/texlive/2022/
texmf-dist/fonts/type1/public/amsfonts/cm/cmmi12.pfb><d:/D/ruanjianyingwen/texl
ive/2022/texmf-dist/fonts/type1/public/amsfonts/cm/cmmi6.pfb><d:/D/ruanjianying
wen/texlive/2022/texmf-dist/fonts/type1/public/amsfonts/cm/cmmi8.pfb><d:/D/ruan
jianyingwen/texlive/2022/texmf-dist/fonts/type1/public/amsfonts/cm/cmr12.pfb><d
:/D/ruanjianyingwen/texlive/2022/texmf-dist/fonts/type1/public/amsfonts/cm/cmr6
.pfb><d:/D/ruanjianyingwen/texlive/2022/texmf-dist/fonts/type1/public/amsfonts/
cm/cmr8.pfb><d:/D/ruanjianyingwen/texlive/2022/texmf-dist/fonts/type1/public/am
sfonts/cm/cmsl12.pfb><d:/D/ruanjianyingwen/texlive/2022/texmf-dist/fonts/type1/
public/amsfonts/cm/cmsy10.pfb><d:/D/ruanjianyingwen/texlive/2022/texmf-dist/fon
ts/type1/public/amsfonts/cm/cmsy6.pfb><d:/D/ruanjianyingwen/texlive/2022/texmf-
dist/fonts/type1/public/amsfonts/cm/cmsy8.pfb><d:/D/ruanjianyingwen/texlive/202
2/texmf-dist/fonts/type1/public/amsfonts/cm/cmti12.pfb><d:/D/ruanjianyingwen/te
xlive/2022/texmf-dist/fonts/type1/public/amsfonts/euler/eufm10.pfb><d:/D/ruanji
anyingwen/texlive/2022/texmf-dist/fonts/type1/public/amsfonts/symbols/msbm10.pf
b>
Output written on aocChapter4.pdf (20 pages, 908636 bytes).
PDF statistics:
 887 PDF objects out of 1000 (max. 8388607)
 589 compressed objects within 6 object streams
 0 named destinations out of 1000 (max. 500000)
 297 words of extra memory for PDF output out of 10000 (max. 10000000)

