This is XeTeX, Version 3.141592653-2.6-0.999995 (TeX Live 2023) (preloaded format=xelatex 2023.3.24)  28 SEP 2023 17:04
entering extended mode
 restricted \write18 enabled.
 %&-line parsing enabled.
**2-1.tex
(./2-1.tex
LaTeX2e <2022-11-01> patch level 1
L3 programming layer <2023-02-22>
(d:/Program/texlive/2023/texmf-dist/tex/latex/beamer/beamer.cls
Document Class: beamer 2023/02/20 v3.69 A class for typesetting presentations
(d:/Program/texlive/2023/texmf-dist/tex/latex/beamer/beamerbasemodes.sty
(d:/Program/texlive/2023/texmf-dist/tex/latex/etoolbox/etoolbox.sty
Package: etoolbox 2020/10/05 v2.5k e-TeX tools for LaTeX (JAW)
\etb@tempcnta=\count181
)
\beamer@tempbox=\box51
\beamer@tempcount=\count182
\c@beamerpauses=\count183

(d:/Program/texlive/2023/texmf-dist/tex/latex/beamer/beamerbasedecode.sty
\beamer@slideinframe=\count184
\beamer@minimum=\count185
\beamer@decode@box=\box52
)
\beamer@commentbox=\box53
\beamer@modecount=\count186
)
(d:/Program/texlive/2023/texmf-dist/tex/generic/iftex/iftex.sty
Package: iftex 2022/02/03 v1.0f TeX engine tests
)
\headdp=\dimen140
\footheight=\dimen141
\sidebarheight=\dimen142
\beamer@tempdim=\dimen143
\beamer@finalheight=\dimen144
\beamer@animht=\dimen145
\beamer@animdp=\dimen146
\beamer@animwd=\dimen147
\beamer@leftmargin=\dimen148
\beamer@rightmargin=\dimen149
\beamer@leftsidebar=\dimen150
\beamer@rightsidebar=\dimen151
\beamer@boxsize=\dimen152
\beamer@vboxoffset=\dimen153
\beamer@descdefault=\dimen154
\beamer@descriptionwidth=\dimen155
\beamer@lastskip=\skip48
\beamer@areabox=\box54
\beamer@animcurrent=\box55
\beamer@animshowbox=\box56
\beamer@sectionbox=\box57
\beamer@logobox=\box58
\beamer@linebox=\box59
\beamer@sectioncount=\count187
\beamer@subsubsectionmax=\count188
\beamer@subsectionmax=\count189
\beamer@sectionmax=\count190
\beamer@totalheads=\count191
\beamer@headcounter=\count192
\beamer@partstartpage=\count193
\beamer@sectionstartpage=\count194
\beamer@subsectionstartpage=\count195
\beamer@animationtempa=\count196
\beamer@animationtempb=\count197
\beamer@xpos=\count198
\beamer@ypos=\count199
\beamer@ypos@offset=\count266
\beamer@showpartnumber=\count267
\beamer@currentsubsection=\count268
\beamer@coveringdepth=\count269
\beamer@sectionadjust=\count270
\beamer@toclastsection=\count271
\beamer@tocsectionnumber=\count272

(d:/Program/texlive/2023/texmf-dist/tex/latex/beamer/beamerbaseoptions.sty
(d:/Program/texlive/2023/texmf-dist/tex/latex/graphics/keyval.sty
Package: keyval 2022/05/29 v1.15 key=value parser (DPC)
\KV@toks@=\toks16
))
\beamer@paperwidth=\skip49
\beamer@paperheight=\skip50

(d:/Program/texlive/2023/texmf-dist/tex/latex/geometry/geometry.sty
Package: geometry 2020/01/02 v5.9 Page Geometry

(d:/Program/texlive/2023/texmf-dist/tex/generic/iftex/ifvtex.sty
Package: ifvtex 2019/10/25 v1.7 ifvtex legacy package. Use iftex instead.
)
\Gm@cnth=\count273
\Gm@cntv=\count274
\c@Gm@tempcnt=\count275
\Gm@bindingoffset=\dimen156
\Gm@wd@mp=\dimen157
\Gm@odd@mp=\dimen158
\Gm@even@mp=\dimen159
\Gm@layoutwidth=\dimen160
\Gm@layoutheight=\dimen161
\Gm@layouthoffset=\dimen162
\Gm@layoutvoffset=\dimen163
\Gm@dimlist=\toks17
)
(d:/Program/texlive/2023/texmf-dist/tex/latex/pgf/math/pgfmath.sty
(d:/Program/texlive/2023/texmf-dist/tex/latex/pgf/utilities/pgfrcs.sty
(d:/Program/texlive/2023/texmf-dist/tex/generic/pgf/utilities/pgfutil-common.te
x
\pgfutil@everybye=\toks18
\pgfutil@tempdima=\dimen164
\pgfutil@tempdimb=\dimen165
)
(d:/Program/texlive/2023/texmf-dist/tex/generic/pgf/utilities/pgfutil-latex.def
\pgfutil@abb=\box60
) (d:/Program/texlive/2023/texmf-dist/tex/generic/pgf/utilities/pgfrcs.code.tex
(d:/Program/texlive/2023/texmf-dist/tex/generic/pgf/pgf.revision.tex)
Package: pgfrcs 2023-01-15 v3.1.10 (3.1.10)
))
(d:/Program/texlive/2023/texmf-dist/tex/latex/pgf/utilities/pgfkeys.sty
(d:/Program/texlive/2023/texmf-dist/tex/generic/pgf/utilities/pgfkeys.code.tex
\pgfkeys@pathtoks=\toks19
\pgfkeys@temptoks=\toks20

(d:/Program/texlive/2023/texmf-dist/tex/generic/pgf/utilities/pgfkeyslibraryfil
tered.code.tex
\pgfkeys@tmptoks=\toks21
)))
(d:/Program/texlive/2023/texmf-dist/tex/generic/pgf/math/pgfmath.code.tex
(d:/Program/texlive/2023/texmf-dist/tex/generic/pgf/math/pgfmathutil.code.tex
\pgf@x=\dimen166
\pgf@xa=\dimen167
\pgf@xb=\dimen168
\pgf@xc=\dimen169
\pgf@y=\dimen170
\pgf@ya=\dimen171
\pgf@yb=\dimen172
\pgf@yc=\dimen173
\c@pgf@counta=\count276
\c@pgf@countb=\count277
\c@pgf@countc=\count278
\c@pgf@countd=\count279
)
(d:/Program/texlive/2023/texmf-dist/tex/generic/pgf/math/pgfmathparser.code.tex
\pgfmath@dimen=\dimen174
\pgfmath@count=\count280
\pgfmath@box=\box61
\pgfmath@toks=\toks22
\pgfmath@stack@operand=\toks23
\pgfmath@stack@operation=\toks24
)
(d:/Program/texlive/2023/texmf-dist/tex/generic/pgf/math/pgfmathfunctions.code.
tex)
(d:/Program/texlive/2023/texmf-dist/tex/generic/pgf/math/pgfmathfunctions.basic
.code.tex)
(d:/Program/texlive/2023/texmf-dist/tex/generic/pgf/math/pgfmathfunctions.trigo
nometric.code.tex)
(d:/Program/texlive/2023/texmf-dist/tex/generic/pgf/math/pgfmathfunctions.rando
m.code.tex)
(d:/Program/texlive/2023/texmf-dist/tex/generic/pgf/math/pgfmathfunctions.compa
rison.code.tex)
(d:/Program/texlive/2023/texmf-dist/tex/generic/pgf/math/pgfmathfunctions.base.
code.tex)
(d:/Program/texlive/2023/texmf-dist/tex/generic/pgf/math/pgfmathfunctions.round
.code.tex)
(d:/Program/texlive/2023/texmf-dist/tex/generic/pgf/math/pgfmathfunctions.misc.
code.tex)
(d:/Program/texlive/2023/texmf-dist/tex/generic/pgf/math/pgfmathfunctions.integ
erarithmetics.code.tex)
(d:/Program/texlive/2023/texmf-dist/tex/generic/pgf/math/pgfmathcalc.code.tex)
(d:/Program/texlive/2023/texmf-dist/tex/generic/pgf/math/pgfmathfloat.code.tex
\c@pgfmathroundto@lastzeros=\count281
)))

Class beamer Warning: ``mathserif'' is obsolete. Use font theme ``serif'' with 
option ``onlymath'' on input line 357.

(d:/Program/texlive/2023/texmf-dist/tex/latex/base/size12.clo
File: size12.clo 2022/07/02 v1.4n Standard LaTeX file (size option)
)
(d:/Program/texlive/2023/texmf-dist/tex/latex/pgf/basiclayer/pgfcore.sty
(d:/Program/texlive/2023/texmf-dist/tex/latex/graphics/graphicx.sty
Package: graphicx 2021/09/16 v1.2d Enhanced LaTeX Graphics (DPC,SPQR)

(d:/Program/texlive/2023/texmf-dist/tex/latex/graphics/graphics.sty
Package: graphics 2022/03/10 v1.4e Standard LaTeX Graphics (DPC,SPQR)

(d:/Program/texlive/2023/texmf-dist/tex/latex/graphics/trig.sty
Package: trig 2021/08/11 v1.11 sin cos tan (DPC)
)
(d:/Program/texlive/2023/texmf-dist/tex/latex/graphics-cfg/graphics.cfg
File: graphics.cfg 2016/06/04 v1.11 sample graphics configuration
)
Package graphics Info: Driver file: xetex.def on input line 107.

(d:/Program/texlive/2023/texmf-dist/tex/latex/graphics-def/xetex.def
File: xetex.def 2022/09/22 v5.0n Graphics/color driver for xetex
))
\Gin@req@height=\dimen175
\Gin@req@width=\dimen176
)
(d:/Program/texlive/2023/texmf-dist/tex/latex/pgf/systemlayer/pgfsys.sty
(d:/Program/texlive/2023/texmf-dist/tex/generic/pgf/systemlayer/pgfsys.code.tex
Package: pgfsys 2023-01-15 v3.1.10 (3.1.10)
\pgf@x=\dimen177
\pgf@y=\dimen178
\pgf@xa=\dimen179
\pgf@ya=\dimen180
\pgf@xb=\dimen181
\pgf@yb=\dimen182
\pgf@xc=\dimen183
\pgf@yc=\dimen184
\pgf@xd=\dimen185
\pgf@yd=\dimen186
\w@pgf@writea=\write3
\r@pgf@reada=\read2
\c@pgf@counta=\count282
\c@pgf@countb=\count283
\c@pgf@countc=\count284
\c@pgf@countd=\count285
\t@pgf@toka=\toks25
\t@pgf@tokb=\toks26
\t@pgf@tokc=\toks27
\pgf@sys@id@count=\count286
(d:/Program/texlive/2023/texmf-dist/tex/generic/pgf/systemlayer/pgf.cfg
File: pgf.cfg 2023-01-15 v3.1.10 (3.1.10)
)
Driver file for pgf: pgfsys-xetex.def

(d:/Program/texlive/2023/texmf-dist/tex/generic/pgf/systemlayer/pgfsys-xetex.de
f
File: pgfsys-xetex.def 2023-01-15 v3.1.10 (3.1.10)

(d:/Program/texlive/2023/texmf-dist/tex/generic/pgf/systemlayer/pgfsys-dvipdfmx
.def
File: pgfsys-dvipdfmx.def 2023-01-15 v3.1.10 (3.1.10)

(d:/Program/texlive/2023/texmf-dist/tex/generic/pgf/systemlayer/pgfsys-common-p
df.def
File: pgfsys-common-pdf.def 2023-01-15 v3.1.10 (3.1.10)
)
\pgfsys@objnum=\count287
)))
(d:/Program/texlive/2023/texmf-dist/tex/generic/pgf/systemlayer/pgfsyssoftpath.
code.tex
File: pgfsyssoftpath.code.tex 2023-01-15 v3.1.10 (3.1.10)
\pgfsyssoftpath@smallbuffer@items=\count288
\pgfsyssoftpath@bigbuffer@items=\count289
)
(d:/Program/texlive/2023/texmf-dist/tex/generic/pgf/systemlayer/pgfsysprotocol.
code.tex
File: pgfsysprotocol.code.tex 2023-01-15 v3.1.10 (3.1.10)
)) (d:/Program/texlive/2023/texmf-dist/tex/latex/xcolor/xcolor.sty
Package: xcolor 2022/06/12 v2.14 LaTeX color extensions (UK)

(d:/Program/texlive/2023/texmf-dist/tex/latex/graphics-cfg/color.cfg
File: color.cfg 2016/01/02 v1.6 sample color configuration
)
Package xcolor Info: Driver file: xetex.def on input line 227.

(d:/Program/texlive/2023/texmf-dist/tex/latex/graphics/mathcolor.ltx)
Package xcolor Info: Model `cmy' substituted by `cmy0' on input line 1353.
Package xcolor Info: Model `RGB' extended on input line 1369.
Package xcolor Info: Model `HTML' substituted by `rgb' on input line 1371.
Package xcolor Info: Model `Hsb' substituted by `hsb' on input line 1372.
Package xcolor Info: Model `tHsb' substituted by `hsb' on input line 1373.
Package xcolor Info: Model `HSB' substituted by `hsb' on input line 1374.
Package xcolor Info: Model `Gray' substituted by `gray' on input line 1375.
Package xcolor Info: Model `wave' substituted by `hsb' on input line 1376.
)
(d:/Program/texlive/2023/texmf-dist/tex/generic/pgf/basiclayer/pgfcore.code.tex
Package: pgfcore 2023-01-15 v3.1.10 (3.1.10)
(d:/Program/texlive/2023/texmf-dist/tex/generic/pgf/math/pgfint.code.tex)
(d:/Program/texlive/2023/texmf-dist/tex/generic/pgf/basiclayer/pgfcorepoints.co
de.tex
File: pgfcorepoints.code.tex 2023-01-15 v3.1.10 (3.1.10)
\pgf@picminx=\dimen187
\pgf@picmaxx=\dimen188
\pgf@picminy=\dimen189
\pgf@picmaxy=\dimen190
\pgf@pathminx=\dimen191
\pgf@pathmaxx=\dimen192
\pgf@pathminy=\dimen193
\pgf@pathmaxy=\dimen194
\pgf@xx=\dimen195
\pgf@xy=\dimen196
\pgf@yx=\dimen197
\pgf@yy=\dimen198
\pgf@zx=\dimen199
\pgf@zy=\dimen256
)
(d:/Program/texlive/2023/texmf-dist/tex/generic/pgf/basiclayer/pgfcorepathconst
ruct.code.tex
File: pgfcorepathconstruct.code.tex 2023-01-15 v3.1.10 (3.1.10)
\pgf@path@lastx=\dimen257
\pgf@path@lasty=\dimen258
)
(d:/Program/texlive/2023/texmf-dist/tex/generic/pgf/basiclayer/pgfcorepathusage
.code.tex
File: pgfcorepathusage.code.tex 2023-01-15 v3.1.10 (3.1.10)
\pgf@shorten@end@additional=\dimen259
\pgf@shorten@start@additional=\dimen260
)
(d:/Program/texlive/2023/texmf-dist/tex/generic/pgf/basiclayer/pgfcorescopes.co
de.tex
File: pgfcorescopes.code.tex 2023-01-15 v3.1.10 (3.1.10)
\pgfpic=\box62
\pgf@hbox=\box63
\pgf@layerbox@main=\box64
\pgf@picture@serial@count=\count290
)
(d:/Program/texlive/2023/texmf-dist/tex/generic/pgf/basiclayer/pgfcoregraphicst
ate.code.tex
File: pgfcoregraphicstate.code.tex 2023-01-15 v3.1.10 (3.1.10)
\pgflinewidth=\dimen261
)
(d:/Program/texlive/2023/texmf-dist/tex/generic/pgf/basiclayer/pgfcoretransform
ations.code.tex
File: pgfcoretransformations.code.tex 2023-01-15 v3.1.10 (3.1.10)
\pgf@pt@x=\dimen262
\pgf@pt@y=\dimen263
\pgf@pt@temp=\dimen264
)
(d:/Program/texlive/2023/texmf-dist/tex/generic/pgf/basiclayer/pgfcorequick.cod
e.tex
File: pgfcorequick.code.tex 2023-01-15 v3.1.10 (3.1.10)
)
(d:/Program/texlive/2023/texmf-dist/tex/generic/pgf/basiclayer/pgfcoreobjects.c
ode.tex
File: pgfcoreobjects.code.tex 2023-01-15 v3.1.10 (3.1.10)
)
(d:/Program/texlive/2023/texmf-dist/tex/generic/pgf/basiclayer/pgfcorepathproce
ssing.code.tex
File: pgfcorepathprocessing.code.tex 2023-01-15 v3.1.10 (3.1.10)
)
(d:/Program/texlive/2023/texmf-dist/tex/generic/pgf/basiclayer/pgfcorearrows.co
de.tex
File: pgfcorearrows.code.tex 2023-01-15 v3.1.10 (3.1.10)
\pgfarrowsep=\dimen265
)
(d:/Program/texlive/2023/texmf-dist/tex/generic/pgf/basiclayer/pgfcoreshade.cod
e.tex
File: pgfcoreshade.code.tex 2023-01-15 v3.1.10 (3.1.10)
\pgf@max=\dimen266
\pgf@sys@shading@range@num=\count291
\pgf@shadingcount=\count292
)
(d:/Program/texlive/2023/texmf-dist/tex/generic/pgf/basiclayer/pgfcoreimage.cod
e.tex
File: pgfcoreimage.code.tex 2023-01-15 v3.1.10 (3.1.10)
)
(d:/Program/texlive/2023/texmf-dist/tex/generic/pgf/basiclayer/pgfcoreexternal.
code.tex
File: pgfcoreexternal.code.tex 2023-01-15 v3.1.10 (3.1.10)
\pgfexternal@startupbox=\box65
)
(d:/Program/texlive/2023/texmf-dist/tex/generic/pgf/basiclayer/pgfcorelayers.co
de.tex
File: pgfcorelayers.code.tex 2023-01-15 v3.1.10 (3.1.10)
)
(d:/Program/texlive/2023/texmf-dist/tex/generic/pgf/basiclayer/pgfcoretranspare
ncy.code.tex
File: pgfcoretransparency.code.tex 2023-01-15 v3.1.10 (3.1.10)
)
(d:/Program/texlive/2023/texmf-dist/tex/generic/pgf/basiclayer/pgfcorepatterns.
code.tex
File: pgfcorepatterns.code.tex 2023-01-15 v3.1.10 (3.1.10)
)
(d:/Program/texlive/2023/texmf-dist/tex/generic/pgf/basiclayer/pgfcorerdf.code.
tex
File: pgfcorerdf.code.tex 2023-01-15 v3.1.10 (3.1.10)
))) (d:/Program/texlive/2023/texmf-dist/tex/latex/pgf/utilities/xxcolor.sty
Package: xxcolor 2003/10/24 ver 0.1
\XC@nummixins=\count293
\XC@countmixins=\count294
) (d:/Program/texlive/2023/texmf-dist/tex/latex/base/atbegshi-ltx.sty
Package: atbegshi-ltx 2021/01/10 v1.0c Emulation of the original atbegshi
package with kernel methods
)
(d:/Program/texlive/2023/texmf-dist/tex/latex/hyperref/hyperref.sty
Package: hyperref 2023-02-07 v7.00v Hypertext links for LaTeX

(d:/Program/texlive/2023/texmf-dist/tex/generic/ltxcmds/ltxcmds.sty
Package: ltxcmds 2020-05-10 v1.25 LaTeX kernel commands for general use (HO)
)
(d:/Program/texlive/2023/texmf-dist/tex/generic/pdftexcmds/pdftexcmds.sty
Package: pdftexcmds 2020-06-27 v0.33 Utility functions of pdfTeX for LuaTeX (HO
)

(d:/Program/texlive/2023/texmf-dist/tex/generic/infwarerr/infwarerr.sty
Package: infwarerr 2019/12/03 v1.5 Providing info/warning/error messages (HO)
)
Package pdftexcmds Info: \pdf@primitive is available.
Package pdftexcmds Info: \pdf@ifprimitive is available.
Package pdftexcmds Info: \pdfdraftmode not found.
)
(d:/Program/texlive/2023/texmf-dist/tex/latex/kvsetkeys/kvsetkeys.sty
Package: kvsetkeys 2022-10-05 v1.19 Key value parser (HO)
)
(d:/Program/texlive/2023/texmf-dist/tex/generic/kvdefinekeys/kvdefinekeys.sty
Package: kvdefinekeys 2019-12-19 v1.6 Define keys (HO)
)
(d:/Program/texlive/2023/texmf-dist/tex/generic/pdfescape/pdfescape.sty
Package: pdfescape 2019/12/09 v1.15 Implements pdfTeX's escape features (HO)
)
(d:/Program/texlive/2023/texmf-dist/tex/latex/hycolor/hycolor.sty
Package: hycolor 2020-01-27 v1.10 Color options for hyperref/bookmark (HO)
)
(d:/Program/texlive/2023/texmf-dist/tex/latex/letltxmacro/letltxmacro.sty
Package: letltxmacro 2019/12/03 v1.6 Let assignment for LaTeX macros (HO)
)
(d:/Program/texlive/2023/texmf-dist/tex/latex/auxhook/auxhook.sty
Package: auxhook 2019-12-17 v1.6 Hooks for auxiliary files (HO)
)
(d:/Program/texlive/2023/texmf-dist/tex/latex/hyperref/nameref.sty
Package: nameref 2022-05-17 v2.50 Cross-referencing by name of section

(d:/Program/texlive/2023/texmf-dist/tex/latex/refcount/refcount.sty
Package: refcount 2019/12/15 v3.6 Data extraction from label references (HO)
)
(d:/Program/texlive/2023/texmf-dist/tex/generic/gettitlestring/gettitlestring.s
ty
Package: gettitlestring 2019/12/15 v1.6 Cleanup title references (HO)
 (d:/Program/texlive/2023/texmf-dist/tex/latex/kvoptions/kvoptions.sty
Package: kvoptions 2022-06-15 v3.15 Key value format for package options (HO)
))
\c@section@level=\count295
)
\@linkdim=\dimen267
\Hy@linkcounter=\count296
\Hy@pagecounter=\count297

(d:/Program/texlive/2023/texmf-dist/tex/latex/hyperref/pd1enc.def
File: pd1enc.def 2023-02-07 v7.00v Hyperref: PDFDocEncoding definition (HO)
)
(d:/Program/texlive/2023/texmf-dist/tex/generic/intcalc/intcalc.sty
Package: intcalc 2019/12/15 v1.3 Expandable calculations with integers (HO)
)
(d:/Program/texlive/2023/texmf-dist/tex/generic/etexcmds/etexcmds.sty
Package: etexcmds 2019/12/15 v1.7 Avoid name clashes with e-TeX commands (HO)
)
\Hy@SavedSpaceFactor=\count298

(d:/Program/texlive/2023/texmf-dist/tex/latex/hyperref/puenc.def
File: puenc.def 2023-02-07 v7.00v Hyperref: PDF Unicode definition (HO)
)
Package hyperref Info: Option `bookmarks' set `true' on input line 4060.
Package hyperref Info: Option `bookmarksopen' set `true' on input line 4060.
Package hyperref Info: Option `implicit' set `false' on input line 4060.
Package hyperref Info: Hyper figures OFF on input line 4177.
Package hyperref Info: Link nesting OFF on input line 4182.
Package hyperref Info: Hyper index ON on input line 4185.
Package hyperref Info: Plain pages OFF on input line 4192.
Package hyperref Info: Backreferencing OFF on input line 4197.
Package hyperref Info: Implicit mode OFF; no redefinition of LaTeX internals.
Package hyperref Info: Bookmarks ON on input line 4425.
\c@Hy@tempcnt=\count299

(d:/Program/texlive/2023/texmf-dist/tex/latex/url/url.sty
\Urlmuskip=\muskip16
Package: url 2013/09/16  ver 3.4  Verb mode for urls, etc.
)
LaTeX Info: Redefining \url on input line 4763.
\XeTeXLinkMargin=\dimen268

(d:/Program/texlive/2023/texmf-dist/tex/generic/bitset/bitset.sty
Package: bitset 2019/12/09 v1.3 Handle bit-vector datatype (HO)

(d:/Program/texlive/2023/texmf-dist/tex/generic/bigintcalc/bigintcalc.sty
Package: bigintcalc 2019/12/15 v1.5 Expandable calculations on big integers (HO
)
))
\Fld@menulength=\count300
\Field@Width=\dimen269
\Fld@charsize=\dimen270
Package hyperref Info: Hyper figures OFF on input line 6042.
Package hyperref Info: Link nesting OFF on input line 6047.
Package hyperref Info: Hyper index ON on input line 6050.
Package hyperref Info: backreferencing OFF on input line 6057.
Package hyperref Info: Link coloring OFF on input line 6062.
Package hyperref Info: Link coloring with OCG OFF on input line 6067.
Package hyperref Info: PDF/A mode OFF on input line 6072.
\Hy@abspage=\count301


Package hyperref Message: Stopped early.

)
Package hyperref Info: Driver (autodetected): hxetex.
 (d:/Program/texlive/2023/texmf-dist/tex/latex/hyperref/hxetex.def
File: hxetex.def 2023-02-07 v7.00v Hyperref driver for XeTeX

(d:/Program/texlive/2023/texmf-dist/tex/generic/stringenc/stringenc.sty
Package: stringenc 2019/11/29 v1.12 Convert strings between diff. encodings (HO
)
)
\pdfm@box=\box66
\c@Hy@AnnotLevel=\count302
\HyField@AnnotCount=\count303
\Fld@listcount=\count304
\c@bookmark@seq@number=\count305

(d:/Program/texlive/2023/texmf-dist/tex/latex/rerunfilecheck/rerunfilecheck.sty
Package: rerunfilecheck 2022-07-10 v1.10 Rerun checks for auxiliary files (HO)
(d:/Program/texlive/2023/texmf-dist/tex/latex/base/atveryend-ltx.sty
Package: atveryend-ltx 2020/08/19 v1.0a Emulation of the original atveryend pac
kage
with kernel methods
)
(d:/Program/texlive/2023/texmf-dist/tex/generic/uniquecounter/uniquecounter.sty
Package: uniquecounter 2019/12/15 v1.4 Provide unlimited unique counter (HO)
)
Package uniquecounter Info: New unique counter `rerunfilecheck' on input line 2
85.
)) (d:/Program/texlive/2023/texmf-dist/tex/latex/beamer/beamerbaserequires.sty
(d:/Program/texlive/2023/texmf-dist/tex/latex/beamer/beamerbasecompatibility.st
y) (d:/Program/texlive/2023/texmf-dist/tex/latex/beamer/beamerbasefont.sty
(d:/Program/texlive/2023/texmf-dist/tex/latex/amsfonts/amssymb.sty
Package: amssymb 2013/01/14 v3.01 AMS font symbols

(d:/Program/texlive/2023/texmf-dist/tex/latex/amsfonts/amsfonts.sty
Package: amsfonts 2013/01/14 v3.01 Basic AMSFonts support
\@emptytoks=\toks28
\symAMSa=\mathgroup4
\symAMSb=\mathgroup5
LaTeX Font Info:    Redeclaring math symbol \hbar on input line 98.
LaTeX Font Info:    Overwriting math alphabet `\mathfrak' in version `bold'
(Font)                  U/euf/m/n --> U/euf/b/n on input line 106.
)))
(d:/Program/texlive/2023/texmf-dist/tex/latex/beamer/beamerbasetranslator.sty
(d:/Program/texlive/2023/texmf-dist/tex/latex/translator/translator.sty
Package: translator 2021-05-31 v1.12d Easy translation of strings in LaTeX
))
(d:/Program/texlive/2023/texmf-dist/tex/latex/beamer/beamerbasemisc.sty)
(d:/Program/texlive/2023/texmf-dist/tex/latex/beamer/beamerbasetwoscreens.sty)
(d:/Program/texlive/2023/texmf-dist/tex/latex/beamer/beamerbaseoverlay.sty
\beamer@argscount=\count306
\beamer@lastskipcover=\skip51
\beamer@trivlistdepth=\count307
)
(d:/Program/texlive/2023/texmf-dist/tex/latex/beamer/beamerbasetitle.sty)
(d:/Program/texlive/2023/texmf-dist/tex/latex/beamer/beamerbasesection.sty
\c@lecture=\count308
\c@part=\count309
\c@section=\count310
\c@subsection=\count311
\c@subsubsection=\count312
)
(d:/Program/texlive/2023/texmf-dist/tex/latex/beamer/beamerbaseframe.sty
\beamer@framebox=\box67
\beamer@frametitlebox=\box68
\beamer@zoombox=\box69
\beamer@zoomcount=\count313
\beamer@zoomframecount=\count314
\beamer@frametextheight=\dimen271
\c@subsectionslide=\count315
\beamer@frametopskip=\skip52
\beamer@framebottomskip=\skip53
\beamer@frametopskipautobreak=\skip54
\beamer@framebottomskipautobreak=\skip55
\beamer@envbody=\toks29
\framewidth=\dimen272
\c@framenumber=\count316
)
(d:/Program/texlive/2023/texmf-dist/tex/latex/beamer/beamerbaseverbatim.sty
\beamer@verbatimfileout=\write4
)
(d:/Program/texlive/2023/texmf-dist/tex/latex/beamer/beamerbaseframesize.sty
\beamer@splitbox=\box70
\beamer@autobreakcount=\count317
\beamer@autobreaklastheight=\dimen273
\beamer@frametitletoks=\toks30
\beamer@framesubtitletoks=\toks31
)
(d:/Program/texlive/2023/texmf-dist/tex/latex/beamer/beamerbaseframecomponents.
sty
\beamer@footins=\box71
) (d:/Program/texlive/2023/texmf-dist/tex/latex/beamer/beamerbasecolor.sty)
(d:/Program/texlive/2023/texmf-dist/tex/latex/beamer/beamerbasenotes.sty
\beamer@frameboxcopy=\box72
)
(d:/Program/texlive/2023/texmf-dist/tex/latex/beamer/beamerbasetoc.sty)
(d:/Program/texlive/2023/texmf-dist/tex/latex/beamer/beamerbasetemplates.sty
\beamer@sbttoks=\toks32

(d:/Program/texlive/2023/texmf-dist/tex/latex/beamer/beamerbaseauxtemplates.sty
(d:/Program/texlive/2023/texmf-dist/tex/latex/beamer/beamerbaseboxes.sty
\bmb@box=\box73
\bmb@colorbox=\box74
\bmb@boxwidth=\dimen274
\bmb@boxheight=\dimen275
\bmb@prevheight=\dimen276
\bmb@temp=\dimen277
\bmb@dima=\dimen278
\bmb@dimb=\dimen279
\bmb@prevheight=\dimen280
)
\beamer@blockheadheight=\dimen281
))
(d:/Program/texlive/2023/texmf-dist/tex/latex/beamer/beamerbaselocalstructure.s
ty (d:/Program/texlive/2023/texmf-dist/tex/latex/tools/enumerate.sty
Package: enumerate 2015/07/23 v3.00 enumerate extensions (DPC)
\@enLab=\toks33
)
\beamer@bibiconwidth=\skip56
\c@figure=\count318
\c@table=\count319
\abovecaptionskip=\skip57
\belowcaptionskip=\skip58
)
(d:/Program/texlive/2023/texmf-dist/tex/latex/beamer/beamerbasenavigation.sty
(d:/Program/texlive/2023/texmf-dist/tex/latex/beamer/beamerbasenavigationsymbol
s.tex)
\beamer@section@min@dim=\dimen282
)
(d:/Program/texlive/2023/texmf-dist/tex/latex/beamer/beamerbasetheorems.sty
(d:/Program/texlive/2023/texmf-dist/tex/latex/amsmath/amsmath.sty
Package: amsmath 2022/04/08 v2.17n AMS math features
\@mathmargin=\skip59

For additional information on amsmath, use the `?' option.
(d:/Program/texlive/2023/texmf-dist/tex/latex/amsmath/amstext.sty
Package: amstext 2021/08/26 v2.01 AMS text

(d:/Program/texlive/2023/texmf-dist/tex/latex/amsmath/amsgen.sty
File: amsgen.sty 1999/11/30 v2.0 generic functions
\@emptytoks=\toks34
\ex@=\dimen283
))
(d:/Program/texlive/2023/texmf-dist/tex/latex/amsmath/amsbsy.sty
Package: amsbsy 1999/11/29 v1.2d Bold Symbols
\pmbraise@=\dimen284
)
(d:/Program/texlive/2023/texmf-dist/tex/latex/amsmath/amsopn.sty
Package: amsopn 2022/04/08 v2.04 operator names
)
\inf@bad=\count320
LaTeX Info: Redefining \frac on input line 234.
\uproot@=\count321
\leftroot@=\count322
LaTeX Info: Redefining \overline on input line 399.
LaTeX Info: Redefining \colon on input line 410.
\classnum@=\count323
\DOTSCASE@=\count324
LaTeX Info: Redefining \ldots on input line 496.
LaTeX Info: Redefining \dots on input line 499.
LaTeX Info: Redefining \cdots on input line 620.
\Mathstrutbox@=\box75
\strutbox@=\box76
LaTeX Info: Redefining \big on input line 722.
LaTeX Info: Redefining \Big on input line 723.
LaTeX Info: Redefining \bigg on input line 724.
LaTeX Info: Redefining \Bigg on input line 725.
\big@size=\dimen285
LaTeX Font Info:    Redeclaring font encoding OML on input line 743.
LaTeX Font Info:    Redeclaring font encoding OMS on input line 744.
\macc@depth=\count325
LaTeX Info: Redefining \bmod on input line 905.
LaTeX Info: Redefining \pmod on input line 910.
LaTeX Info: Redefining \smash on input line 940.
LaTeX Info: Redefining \relbar on input line 970.
LaTeX Info: Redefining \Relbar on input line 971.
\c@MaxMatrixCols=\count326
\dotsspace@=\muskip17
\c@parentequation=\count327
\dspbrk@lvl=\count328
\tag@help=\toks35
\row@=\count329
\column@=\count330
\maxfields@=\count331
\andhelp@=\toks36
\eqnshift@=\dimen286
\alignsep@=\dimen287
\tagshift@=\dimen288
\tagwidth@=\dimen289
\totwidth@=\dimen290
\lineht@=\dimen291
\@envbody=\toks37
\multlinegap=\skip60
\multlinetaggap=\skip61
\mathdisplay@stack=\toks38
LaTeX Info: Redefining \[ on input line 2953.
LaTeX Info: Redefining \] on input line 2954.
)
(d:/Program/texlive/2023/texmf-dist/tex/latex/amscls/amsthm.sty
Package: amsthm 2020/05/29 v2.20.6
\thm@style=\toks39
\thm@bodyfont=\toks40
\thm@headfont=\toks41
\thm@notefont=\toks42
\thm@headpunct=\toks43
\thm@preskip=\skip62
\thm@postskip=\skip63
\thm@headsep=\skip64
\dth@everypar=\toks44
)
\c@theorem=\count332
)
(d:/Program/texlive/2023/texmf-dist/tex/latex/beamer/beamerbasethemes.sty))
(d:/Program/texlive/2023/texmf-dist/tex/latex/beamer/beamerthemedefault.sty
(d:/Program/texlive/2023/texmf-dist/tex/latex/beamer/beamerfontthemedefault.sty
)
(d:/Program/texlive/2023/texmf-dist/tex/latex/beamer/beamercolorthemedefault.st
y)
(d:/Program/texlive/2023/texmf-dist/tex/latex/beamer/beamerinnerthemedefault.st
y
\beamer@dima=\dimen292
\beamer@dimb=\dimen293
)
(d:/Program/texlive/2023/texmf-dist/tex/latex/beamer/beamerouterthemedefault.st
y))) (./defs.tex
(d:/Program/texlive/2023/texmf-dist/tex/generic/babel/babel.sty
Package: babel 2023/02/13 3.86 The Babel package
\babel@savecnt=\count333
\U@D=\dimen294
\l@unhyphenated=\language87

(d:/Program/texlive/2023/texmf-dist/tex/generic/babel/xebabel.def)
\bbl@readstream=\read3
LaTeX Info: Redefining \textlatin on input line 4088.
\bbl@dirlevel=\count334

(d:/Program/texlive/2023/texmf-dist/tex/generic/babel-english/english.ldf
Language: english 2017/06/06 v3.3r English support from the babel system
Package babel Info: Hyphen rules for 'canadian' set to \l@english
(babel)             (\language0). Reported on input line 102.
Package babel Info: Hyphen rules for 'australian' set to \l@ukenglish
(babel)             (\language21). Reported on input line 105.
Package babel Info: Hyphen rules for 'newzealand' set to \l@ukenglish
(babel)             (\language21). Reported on input line 108.
))
(d:/Program/texlive/2023/texmf-dist/tex/generic/babel/locale/en/babel-english.t
ex
Package babel Info: Importing font and identification data for english
(babel)             from babel-en.ini. Reported on input line 11.
) (d:/Program/texlive/2023/texmf-dist/tex/latex/base/inputenc.sty
Package: inputenc 2021/02/14 v1.3d Input encoding file
\inpenc@prehook=\toks45
\inpenc@posthook=\toks46


Package inputenc Warning: inputenc package ignored with utf8 based engines.

) (d:/Program/texlive/2023/texmf-dist/tex/latex/base/fontenc.sty
Package: fontenc 2021/04/29 v2.0v Standard LaTeX package
LaTeX Font Info:    Trying to load font information for T1+lmss on input line 1
12.

(d:/Program/texlive/2023/texmf-dist/tex/latex/lm/t1lmss.fd
File: t1lmss.fd 2015/05/01 v1.6.1 Font defs for Latin Modern
))
(d:/Program/texlive/2023/texmf-dist/tex/latex/csquotes/csquotes.sty
Package: csquotes 2022-09-14 v5.2n context-sensitive quotations (JAW)
\csq@reset=\count335
\csq@gtype=\count336
\csq@glevel=\count337
\csq@qlevel=\count338
\csq@maxlvl=\count339
\csq@tshold=\count340
\csq@ltx@everypar=\toks47

(d:/Program/texlive/2023/texmf-dist/tex/latex/csquotes/csquotes.def
File: csquotes.def 2022-09-14 v5.2n csquotes generic definitions (JAW)
)
Package csquotes Info: Trying to load configuration file 'csquotes.cfg'...
Package csquotes Info: ... configuration file loaded successfully.

(d:/Program/texlive/2023/texmf-dist/tex/latex/csquotes/csquotes.cfg
File: csquotes.cfg 
))
(d:/Program/texlive/2023/texmf-dist/tex/latex/l3kernel/expl3.sty
Package: expl3 2023-02-22 L3 programming layer (loader) 

(d:/Program/texlive/2023/texmf-dist/tex/latex/l3backend/l3backend-xetex.def
File: l3backend-xetex.def 2023-01-16 L3 backend support: XeTeX
\g__graphics_track_int=\count341
\l__pdf_internal_box=\box77
\g__pdf_backend_object_int=\count342
\g__pdf_backend_annotation_int=\count343
\g__pdf_backend_link_int=\count344
))
(d:/Program/texlive/2023/texmf-dist/tex/latex/biblatex/biblatex.sty
Package: biblatex 2023/03/05 v3.19 programmable bibliographies (PK/MW)

(d:/Program/texlive/2023/texmf-dist/tex/latex/logreq/logreq.sty
Package: logreq 2010/08/04 v1.0 xml request logger
\lrq@indent=\count345

(d:/Program/texlive/2023/texmf-dist/tex/latex/logreq/logreq.def
File: logreq.def 2010/08/04 v1.0 logreq spec v1.0
))
(d:/Program/texlive/2023/texmf-dist/tex/latex/base/ifthen.sty
Package: ifthen 2022/04/13 v1.1d Standard LaTeX ifthen package (DPC)
)
\c@tabx@nest=\count346
\c@listtotal=\count347
\c@listcount=\count348
\c@liststart=\count349
\c@liststop=\count350
\c@citecount=\count351
\c@citetotal=\count352
\c@multicitecount=\count353
\c@multicitetotal=\count354
\c@instcount=\count355
\c@maxnames=\count356
\c@minnames=\count357
\c@maxitems=\count358
\c@minitems=\count359
\c@citecounter=\count360
\c@maxcitecounter=\count361
\c@savedcitecounter=\count362
\c@uniquelist=\count363
\c@uniquename=\count364
\c@refsection=\count365
\c@refsegment=\count366
\c@maxextratitle=\count367
\c@maxextratitleyear=\count368
\c@maxextraname=\count369
\c@maxextradate=\count370
\c@maxextraalpha=\count371
\c@abbrvpenalty=\count372
\c@highnamepenalty=\count373
\c@lownamepenalty=\count374
\c@maxparens=\count375
\c@parenlevel=\count376
\blx@tempcnta=\count377
\blx@tempcntb=\count378
\blx@tempcntc=\count379
\c@blx@maxsection=\count380
\blx@maxsegment@0=\count381
\blx@notetype=\count382
\blx@parenlevel@text=\count383
\blx@parenlevel@foot=\count384
\blx@sectionciteorder@0=\count385
\blx@sectionciteorderinternal@0=\count386
\blx@entrysetcounter=\count387
\blx@biblioinstance=\count388
\labelnumberwidth=\skip65
\labelalphawidth=\skip66
\biblabelsep=\skip67
\bibitemsep=\skip68
\bibnamesep=\skip69
\bibinitsep=\skip70
\bibparsep=\skip71
\bibhang=\skip72
\blx@bcfin=\read4
\blx@bcfout=\write5
\blx@langwohyphens=\language88
\c@mincomprange=\count389
\c@maxcomprange=\count390
\c@mincompwidth=\count391
Package biblatex Info: Trying to load biblatex default data model...
Package biblatex Info: ... file 'blx-dm.def' found.

(d:/Program/texlive/2023/texmf-dist/tex/latex/biblatex/blx-dm.def
File: blx-dm.def 2023/03/05 v3.19 biblatex localization (PK/MW)
)
Package biblatex Info: Trying to load biblatex custom data model...
Package biblatex Info: ... file 'biblatex-dm.cfg' not found.
\c@afterword=\count392
\c@savedafterword=\count393
\c@annotator=\count394
\c@savedannotator=\count395
\c@author=\count396
\c@savedauthor=\count397
\c@bookauthor=\count398
\c@savedbookauthor=\count399
\c@commentator=\count400
\c@savedcommentator=\count401
\c@editor=\count402
\c@savededitor=\count403
\c@editora=\count404
\c@savededitora=\count405
\c@editorb=\count406
\c@savededitorb=\count407
\c@editorc=\count408
\c@savededitorc=\count409
\c@foreword=\count410
\c@savedforeword=\count411
\c@holder=\count412
\c@savedholder=\count413
\c@introduction=\count414
\c@savedintroduction=\count415
\c@namea=\count416
\c@savednamea=\count417
\c@nameb=\count418
\c@savednameb=\count419
\c@namec=\count420
\c@savednamec=\count421
\c@translator=\count422
\c@savedtranslator=\count423
\c@shortauthor=\count424
\c@savedshortauthor=\count425
\c@shorteditor=\count426
\c@savedshorteditor=\count427
\c@labelname=\count428
\c@savedlabelname=\count429
\c@institution=\count430
\c@savedinstitution=\count431
\c@lista=\count432
\c@savedlista=\count433
\c@listb=\count434
\c@savedlistb=\count435
\c@listc=\count436
\c@savedlistc=\count437
\c@listd=\count438
\c@savedlistd=\count439
\c@liste=\count440
\c@savedliste=\count441
\c@listf=\count442
\c@savedlistf=\count443
\c@location=\count444
\c@savedlocation=\count445
\c@organization=\count446
\c@savedorganization=\count447
\c@origlocation=\count448
\c@savedoriglocation=\count449
\c@origpublisher=\count450
\c@savedorigpublisher=\count451
\c@publisher=\count452
\c@savedpublisher=\count453
\c@language=\count454
\c@savedlanguage=\count455
\c@origlanguage=\count456
\c@savedoriglanguage=\count457
\c@pageref=\count458
\c@savedpageref=\count459
\shorthandwidth=\skip73
\shortjournalwidth=\skip74
\shortserieswidth=\skip75
\shorttitlewidth=\skip76
\shortauthorwidth=\skip77
\shorteditorwidth=\skip78
\locallabelnumberwidth=\skip79
\locallabelalphawidth=\skip80
\localshorthandwidth=\skip81
\localshortjournalwidth=\skip82
\localshortserieswidth=\skip83
\localshorttitlewidth=\skip84
\localshortauthorwidth=\skip85
\localshorteditorwidth=\skip86
Package biblatex Info: Trying to load enhanced support for Unicode engines...
Package biblatex Info: ... file 'blx-unicode.def' found.

(d:/Program/texlive/2023/texmf-dist/tex/latex/biblatex/blx-unicode.def)
Package biblatex Info: Trying to load compatibility code...
Package biblatex Info: ... file 'blx-compat.def' found.

(d:/Program/texlive/2023/texmf-dist/tex/latex/biblatex/blx-compat.def
File: blx-compat.def 2023/03/05 v3.19 biblatex compatibility (PK/MW)
)
Package biblatex Info: Trying to load generic definitions...
Package biblatex Info: ... file 'biblatex.def' found.

(d:/Program/texlive/2023/texmf-dist/tex/latex/biblatex/biblatex.def
File: biblatex.def 2023/03/05 v3.19 biblatex compatibility (PK/MW)
\c@textcitecount=\count460
\c@textcitetotal=\count461
\c@textcitemaxnames=\count462
\c@biburlbigbreakpenalty=\count463
\c@biburlbreakpenalty=\count464
\c@biburlnumpenalty=\count465
\c@biburlucpenalty=\count466
\c@biburllcpenalty=\count467
\biburlbigskip=\muskip18
\biburlnumskip=\muskip19
\biburlucskip=\muskip20
\biburllcskip=\muskip21
\c@smartand=\count468
)
Package biblatex Info: Trying to load bibliography style 'numeric'...
Package biblatex Info: ... file 'numeric.bbx' found.

(d:/Program/texlive/2023/texmf-dist/tex/latex/biblatex/bbx/numeric.bbx
File: numeric.bbx 2023/03/05 v3.19 biblatex bibliography style (PK/MW)
Package biblatex Info: Trying to load bibliography style 'standard'...
Package biblatex Info: ... file 'standard.bbx' found.

(d:/Program/texlive/2023/texmf-dist/tex/latex/biblatex/bbx/standard.bbx
File: standard.bbx 2023/03/05 v3.19 biblatex bibliography style (PK/MW)
\c@bbx:relatedcount=\count469
\c@bbx:relatedtotal=\count470
))
Package biblatex Info: Trying to load citation style 'numeric'...
Package biblatex Info: ... file 'numeric.cbx' found.

(d:/Program/texlive/2023/texmf-dist/tex/latex/biblatex/cbx/numeric.cbx
File: numeric.cbx 2023/03/05 v3.19 biblatex citation style (PK/MW)
Package biblatex Info: Redefining '\cite'.
Package biblatex Info: Redefining '\parencite'.
Package biblatex Info: Redefining '\footcite'.
Package biblatex Info: Redefining '\footcitetext'.
Package biblatex Info: Redefining '\smartcite'.
Package biblatex Info: Redefining '\supercite'.
Package biblatex Info: Redefining '\textcite'.
Package biblatex Info: Redefining '\textcites'.
Package biblatex Info: Redefining '\cites'.
Package biblatex Info: Redefining '\parencites'.
Package biblatex Info: Redefining '\smartcites'.
)
Package biblatex Info: Trying to load configuration file...
Package biblatex Info: ... file 'biblatex.cfg' found.

(d:/Program/texlive/2023/texmf-dist/tex/latex/biblatex/biblatex.cfg
File: biblatex.cfg 
)
Package biblatex Info: XeTeX detected.
(biblatex)             Assuming input encoding 'utf8'.
Package biblatex Info: Document encoding is UTF8 ....
Package biblatex Info: ... and expl3
(biblatex)             2023-02-22 L3 programming layer (loader) 
(biblatex)             is new enough (at least 2020/04/06),
(biblatex)             setting 'casechanger=expl3'.

(d:/Program/texlive/2023/texmf-dist/tex/latex/biblatex/blx-case-expl3.sty
(d:/Program/texlive/2023/texmf-dist/tex/latex/l3packages/xparse/xparse.sty
Package: xparse 2023-02-02 L3 Experimental document command parser
)
Package: blx-case-expl3 2023/03/05 v3.19 expl3 case changing code for biblatex
))
(d:/Program/texlive/2023/texmf-dist/tex/latex/booktabs/booktabs.sty
Package: booktabs 2020/01/12 v1.61803398 Publication quality tables
\heavyrulewidth=\dimen295
\lightrulewidth=\dimen296
\cmidrulewidth=\dimen297
\belowrulesep=\dimen298
\belowbottomsep=\dimen299
\aboverulesep=\dimen300
\abovetopsep=\dimen301
\cmidrulesep=\dimen302
\cmidrulekern=\dimen303
\defaultaddspace=\dimen304
\@cmidla=\count471
\@cmidlb=\count472
\@aboverulesep=\dimen305
\@belowrulesep=\dimen306
\@thisruleclass=\count473
\@lastruleclass=\count474
\@thisrulewidth=\dimen307
)
(d:/Program/texlive/2023/texmf-dist/tex/latex/caption/caption.sty
Package: caption 2023/03/12 v3.6j Customizing captions (AR)

(d:/Program/texlive/2023/texmf-dist/tex/latex/caption/caption3.sty
Package: caption3 2023/03/12 v2.4 caption3 kernel (AR)
\caption@tempdima=\dimen308
\captionmargin=\dimen309
\caption@leftmargin=\dimen310
\caption@rightmargin=\dimen311
\caption@width=\dimen312
\caption@indent=\dimen313
\caption@parindent=\dimen314
\caption@hangindent=\dimen315
Package caption Info: beamer document class detected.

(d:/Program/texlive/2023/texmf-dist/tex/latex/caption/caption-beamer.sto
File: caption-beamer.sto 2022/01/06 v2.0c Adaption of the caption package to th
e beamer document classes (AR)
))
\c@caption@flags=\count475
\c@continuedfloat=\count476
Package caption Info: hyperref package is loaded.
Package caption Info: Hyperref support is turned off
(caption)             because hyperref has stopped early.
)
(d:/Program/texlive/2023/texmf-dist/tex/latex/wrapfig/wrapfig.sty
\wrapoverhang=\dimen316
\WF@size=\dimen317
\c@WF@wrappedlines=\count477
\WF@box=\box78
\WF@everypar=\toks48
Package: wrapfig 2003/01/31  v 3.6
)
(d:/Program/texlive/2023/texmf-dist/tex/latex/setspace/setspace.sty
Package: setspace 2022/12/04 v6.7b set line spacing
)
(d:/Program/texlive/2023/texmf-dist/tex/latex/thmtools/thmtools.sty
Package: thmtools 2023/02/17 v0.75
\thmt@toks=\toks49
\c@thmt@dummyctr=\count478

(d:/Program/texlive/2023/texmf-dist/tex/latex/thmtools/thm-patch.sty
Package: thm-patch 2023/02/17 v0.75

(d:/Program/texlive/2023/texmf-dist/tex/latex/thmtools/parseargs.sty
Package: parseargs 2023/02/17 v0.75
\@parsespec=\toks50
))
(d:/Program/texlive/2023/texmf-dist/tex/latex/thmtools/thm-kv.sty
Package: thm-kv 2023/02/17 v0.75
Package thm-kv Info: Theorem names will be uppercased on input line 42.
Package thm-kv Info: kvsetkeys patch (v1.16 or later) on input line 158.
)
(d:/Program/texlive/2023/texmf-dist/tex/latex/thmtools/thm-autoref.sty
Package: thm-autoref 2023/02/17 v0.75

(d:/Program/texlive/2023/texmf-dist/tex/latex/thmtools/aliasctr.sty
Package: aliasctr 2023/02/17 v0.75
))
(d:/Program/texlive/2023/texmf-dist/tex/latex/thmtools/thm-listof.sty
Package: thm-listof 2023/02/17 v0.75
)
(d:/Program/texlive/2023/texmf-dist/tex/latex/thmtools/thm-restate.sty
Package: thm-restate 2023/02/17 v0.75
)
(d:/Program/texlive/2023/texmf-dist/tex/latex/thmtools/thm-amsthm.sty
Package: thm-amsthm 2023/02/17 v0.75
\thmt@style@headstyle=\toks51
)
(d:/Program/texlive/2023/texmf-dist/tex/latex/thmtools/thm-beamer.sty
Package: thm-beamer 2023/02/17 v0.75
))
(d:/Program/texlive/2023/texmf-dist/tex/latex/doublestroke/dsfont.sty
Package: dsfont 1995/08/01 v0.1 Double stroke roman fonts
)
(d:/Program/texlive/2023/texmf-dist/tex/generic/soul/soul.sty
Package: soul 2023-02-18 v3.0 Permit use of UTF-8 characters in soul (HO)

(d:/Program/texlive/2023/texmf-dist/tex/generic/soul/soul-ori.sty
Package: soul-ori 2023-02-18 v3.0 letterspacing/underlining (mf)
\SOUL@word=\toks52
\SOUL@lasttoken=\toks53
\SOUL@syllable=\toks54
\SOUL@cmds=\toks55
\SOUL@buffer=\toks56
\SOUL@token=\toks57
\SOUL@syllgoal=\dimen318
\SOUL@syllwidth=\dimen319
\SOUL@charkern=\dimen320
\SOUL@hyphkern=\dimen321
\SOUL@dimen=\dimen322
\SOUL@dimeni=\dimen323
\SOUL@minus=\count479
\SOUL@comma=\count480
\SOUL@apo=\count481
\SOUL@grave=\count482
\SOUL@spaceskip=\skip87
\SOUL@ttwidth=\dimen324
\SOUL@uldp=\dimen325
\SOUL@ulht=\dimen326
))
(d:/Program/texlive/2023/texmf-dist/tex/xelatex/xecjk/xeCJK.sty
Package: xeCJK 2022/08/05 v3.9.1 Typesetting CJK scripts with XeLaTeX

(d:/Program/texlive/2023/texmf-dist/tex/latex/ctex/ctexhook.sty
Package: ctexhook 2022/07/14 v2.5.10 Document and package hooks (CTEX)
)
(d:/Program/texlive/2023/texmf-dist/tex/latex/l3packages/xtemplate/xtemplate.st
y
Package: xtemplate 2023-02-02 L3 Experimental prototype document functions
\l__xtemplate_tmp_dim=\dimen327
\l__xtemplate_tmp_int=\count483
\l__xtemplate_tmp_muskip=\muskip22
\l__xtemplate_tmp_skip=\skip88
)
\l__xeCJK_tmp_int=\count484
\l__xeCJK_tmp_box=\box79
\l__xeCJK_tmp_dim=\dimen328
\l__xeCJK_tmp_skip=\skip89
\g__xeCJK_space_factor_int=\count485
\l__xeCJK_begin_int=\count486
\l__xeCJK_end_int=\count487
\c__xeCJK_CJK_class_int=\XeTeXcharclass1
\c__xeCJK_FullLeft_class_int=\XeTeXcharclass2
\c__xeCJK_FullRight_class_int=\XeTeXcharclass3
\c__xeCJK_HalfLeft_class_int=\XeTeXcharclass4
\c__xeCJK_HalfRight_class_int=\XeTeXcharclass5
\c__xeCJK_NormalSpace_class_int=\XeTeXcharclass6
\c__xeCJK_CM_class_int=\XeTeXcharclass7
\c__xeCJK_HangulJamo_class_int=\XeTeXcharclass8
\l__xeCJK_last_skip=\skip90
\c__xeCJK_none_node=\count488
\g__xeCJK_node_int=\count489
\c__xeCJK_CJK_node_dim=\dimen329
\c__xeCJK_CJK-space_node_dim=\dimen330
\c__xeCJK_default_node_dim=\dimen331
\c__xeCJK_CJK-widow_node_dim=\dimen332
\c__xeCJK_normalspace_node_dim=\dimen333
\c__xeCJK_default-space_node_skip=\skip91
\l__xeCJK_ccglue_skip=\skip92
\l__xeCJK_ecglue_skip=\skip93
\l__xeCJK_punct_kern_skip=\skip94
\l__xeCJK_indent_box=\box80
\l__xeCJK_last_penalty_int=\count490
\l__xeCJK_last_bound_dim=\dimen334
\l__xeCJK_last_kern_dim=\dimen335
\l__xeCJK_widow_penalty_int=\count491

Package xtemplate Info: Declaring object type 'xeCJK/punctuation' taking 0
(xtemplate)             argument(s) on line 2396.

\l__xeCJK_fixed_punct_width_dim=\dimen336
\l__xeCJK_mixed_punct_width_dim=\dimen337
\l__xeCJK_middle_punct_width_dim=\dimen338
\l__xeCJK_fixed_margin_width_dim=\dimen339
\l__xeCJK_mixed_margin_width_dim=\dimen340
\l__xeCJK_middle_margin_width_dim=\dimen341
\l__xeCJK_bound_punct_width_dim=\dimen342
\l__xeCJK_bound_margin_width_dim=\dimen343
\l__xeCJK_margin_minimum_dim=\dimen344
\l__xeCJK_kerning_total_width_dim=\dimen345
\l__xeCJK_same_align_margin_dim=\dimen346
\l__xeCJK_different_align_margin_dim=\dimen347
\l__xeCJK_kerning_margin_width_dim=\dimen348
\l__xeCJK_kerning_margin_minimum_dim=\dimen349
\l__xeCJK_bound_dim=\dimen350
\l__xeCJK_reverse_bound_dim=\dimen351
\l__xeCJK_margin_dim=\dimen352
\l__xeCJK_minimum_bound_dim=\dimen353
\l__xeCJK_kerning_margin_dim=\dimen354
\g__xeCJK_family_int=\count492
\l__xeCJK_fam_int=\count493
\g__xeCJK_fam_allocation_int=\count494
\l__xeCJK_verb_case_int=\count495
\l__xeCJK_verb_exspace_skip=\skip95
 (d:/Program/texlive/2023/texmf-dist/tex/latex/fontspec/fontspec.sty
Package: fontspec 2022/01/15 v2.8a Font selection for XeLaTeX and LuaLaTeX

(d:/Program/texlive/2023/texmf-dist/tex/latex/fontspec/fontspec-xetex.sty
Package: fontspec-xetex 2022/01/15 v2.8a Font selection for XeLaTeX and LuaLaTe
X
\l__fontspec_script_int=\count496
\l__fontspec_language_int=\count497
\l__fontspec_strnum_int=\count498
\l__fontspec_tmp_int=\count499
\l__fontspec_tmpa_int=\count500
\l__fontspec_tmpb_int=\count501
\l__fontspec_tmpc_int=\count502
\l__fontspec_em_int=\count503
\l__fontspec_emdef_int=\count504
\l__fontspec_strong_int=\count505
\l__fontspec_strongdef_int=\count506
\l__fontspec_tmpa_dim=\dimen355
\l__fontspec_tmpb_dim=\dimen356
\l__fontspec_tmpc_dim=\dimen357

(d:/Program/texlive/2023/texmf-dist/tex/latex/base/fontenc.sty
Package: fontenc 2021/04/29 v2.0v Standard LaTeX package
)
(d:/Program/texlive/2023/texmf-dist/tex/latex/fontspec/fontspec.cfg)))
(d:/Program/texlive/2023/texmf-dist/tex/xelatex/xecjk/xeCJK.cfg
File: xeCJK.cfg 2022/08/05 v3.9.1 Configuration file for xeCJK package
))
(d:/Program/texlive/2023/texmf-dist/tex/latex/newtx/newtxtext.sty
Package: newtxtext 2022/02/28 v1.71(Michael Sharpe) latex and unicode latex sup
port for TeXGyreTermesX

`newtxtext' v1.71, 2022/02/28 Text macros taking advantage of TeXGyre Termes an
d its extensions (msharpe)
(d:/Program/texlive/2023/texmf-dist/tex/latex/xkeyval/xkeyval.sty
Package: xkeyval 2022/06/16 v2.9 package option processing (HA)

(d:/Program/texlive/2023/texmf-dist/tex/generic/xkeyval/xkeyval.tex
(d:/Program/texlive/2023/texmf-dist/tex/generic/xkeyval/xkvutils.tex
\XKV@toks=\toks58
\XKV@tempa@toks=\toks59
)
\XKV@depth=\count507
File: xkeyval.tex 2014/12/03 v2.7a key=value parser (HA)
))
(d:/Program/texlive/2023/texmf-dist/tex/latex/base/textcomp.sty
Package: textcomp 2020/02/02 v2.0n Standard LaTeX package
)
(d:/Program/texlive/2023/texmf-dist/tex/generic/xstring/xstring.sty
(d:/Program/texlive/2023/texmf-dist/tex/generic/xstring/xstring.tex
\integerpart=\count508
\decimalpart=\count509
)
Package: xstring 2023/01/14 v1.85 String manipulations (CT)
)
(d:/Program/texlive/2023/texmf-dist/tex/latex/carlisle/scalefnt.sty)
LaTeX Font Info:    Setting ntxLF sub-encoding to TS1/0 on input line 21.
LaTeX Font Info:    Setting ntxTLF sub-encoding to TS1/0 on input line 21.
LaTeX Font Info:    Setting ntxOsF sub-encoding to TS1/0 on input line 21.
LaTeX Font Info:    Setting ntxTOsF sub-encoding to TS1/0 on input line 21.

(d:/Program/texlive/2023/texmf-dist/tex/generic/kastrup/binhex.tex)
\ntx@tmpcnta=\count510
\ntx@cnt=\count511

ntx@otftexttrue
LaTeX Info: Redefining \oldstylenums on input line 479.
LaTeX Info: Redefining \liningnums on input line 483.
(d:/Program/texlive/2023/texmf-dist/tex/latex/realscripts/realscripts.sty
Package: realscripts 2016/02/13 v0.3d Access OpenType subscripts and superscrip
ts
\subsupersep=\dimen358
))
(d:/Program/texlive/2023/texmf-dist/tex/latex/newtx/newtxmath.sty
Package: newtxmath 2022/01/16 v1.71

`newtxmath' v1.71, 2022/01/16 Math macros based originally on txfonts (msharpe)
(d:/Program/texlive/2023/texmf-dist/tex/generic/iftex/ifxetex.sty
Package: ifxetex 2019/10/25 v0.7 ifxetex legacy package. Use iftex instead.
)
(d:/Program/texlive/2023/texmf-dist/tex/generic/iftex/ifluatex.sty
Package: ifluatex 2019/10/25 v1.5 ifluatex legacy package. Use iftex instead.
)
(d:/Program/texlive/2023/texmf-dist/tex/latex/oberdiek/centernot.sty
Package: centernot 2016/05/16 v1.4 Centers the not symbol horizontally (HO)
)
\tx@cntz=\count512

(d:/Program/texlive/2023/texmf-dist/tex/generic/kastrup/binhex.tex)
\tx@Isdigit=\count513
\tx@IsAlNum=\count514
\tx@tA=\toks60
\tx@tB=\toks61
\tx@su=\read5

amsthm NOT loaded
LaTeX Font Info:    Redeclaring symbol font `operators' on input line 376.
LaTeX Font Info:    Overwriting symbol font `operators' in version `normal'
(Font)                  OT1/cmr/m/n --> OT1/minntx/m/n on input line 376.
LaTeX Font Info:    Overwriting symbol font `operators' in version `bold'
(Font)                  OT1/cmr/bx/n --> OT1/minntx/m/n on input line 376.
LaTeX Font Info:    Overwriting symbol font `operators' in version `bold'
(Font)                  OT1/minntx/m/n --> OT1/minntx/b/n on input line 377.
LaTeX Font Info:    Redeclaring math alphabet \mathsf on input line 383.
LaTeX Font Info:    Overwriting math alphabet `\mathsf' in version `normal'
(Font)                  OT1/cmss/m/n --> TU/lmss/m/n on input line 383.
LaTeX Font Info:    Overwriting math alphabet `\mathsf' in version `bold'
(Font)                  OT1/cmss/bx/n --> TU/lmss/m/n on input line 383.
LaTeX Font Info:    Redeclaring math alphabet \mathit on input line 384.
LaTeX Font Info:    Overwriting math alphabet `\mathit' in version `normal'
(Font)                  OT1/cmr/m/it --> OT1/minntx/m/it on input line 384.
LaTeX Font Info:    Overwriting math alphabet `\mathit' in version `bold'
(Font)                  OT1/cmr/bx/it --> OT1/minntx/m/it on input line 384.
LaTeX Font Info:    Redeclaring math alphabet \mathtt on input line 385.
LaTeX Font Info:    Overwriting math alphabet `\mathtt' in version `normal'
(Font)                  OT1/cmtt/m/n --> TU/lmtt/m/n on input line 385.
LaTeX Font Info:    Overwriting math alphabet `\mathtt' in version `bold'
(Font)                  OT1/cmtt/m/n --> TU/lmtt/m/n on input line 385.
LaTeX Font Info:    Redeclaring math alphabet \mathbf on input line 387.
LaTeX Font Info:    Overwriting math alphabet `\mathbf' in version `normal'
(Font)                  OT1/cmr/bx/n --> OT1/minntx/b/n on input line 387.
LaTeX Font Info:    Overwriting math alphabet `\mathbf' in version `bold'
(Font)                  OT1/cmr/bx/n --> OT1/minntx/b/n on input line 387.
LaTeX Font Info:    Overwriting math alphabet `\mathit' in version `bold'
(Font)                  OT1/minntx/m/it --> OT1/minntx/b/it on input line 388.
LaTeX Font Info:    Overwriting math alphabet `\mathsf' in version `bold'
(Font)                  TU/lmss/m/n --> TU/lmss/b/n on input line 389.
LaTeX Font Info:    Overwriting math alphabet `\mathtt' in version `bold'
(Font)                  TU/lmtt/m/n --> TU/lmtt/b/n on input line 390.
LaTeX Font Info:    Redeclaring symbol font `letters' on input line 491.
LaTeX Font Info:    Overwriting symbol font `letters' in version `normal'
(Font)                  OML/cmm/m/it --> OML/ntxmi/m/it on input line 491.
LaTeX Font Info:    Overwriting symbol font `letters' in version `bold'
(Font)                  OML/cmm/b/it --> OML/ntxmi/m/it on input line 491.
LaTeX Font Info:    Overwriting symbol font `letters' in version `bold'
(Font)                  OML/ntxmi/m/it --> OML/ntxmi/b/it on input line 492.
\symlettersA=\mathgroup6
LaTeX Font Info:    Overwriting symbol font `lettersA' in version `bold'
(Font)                  U/ntxmia/m/it --> U/ntxmia/b/it on input line 547.
LaTeX Font Info:    Redeclaring math alphabet \mathfrak on input line 549.
LaTeX Font Info:    Redeclaring symbol font `symbols' on input line 568.
LaTeX Font Info:    Encoding `OMS' has changed to `LMS' for symbol font
(Font)              `symbols' in the math version `normal' on input line 568.
LaTeX Font Info:    Overwriting symbol font `symbols' in version `normal'
(Font)                  OMS/cmsy/m/n --> LMS/ntxsy/m/n on input line 568.
LaTeX Font Info:    Encoding `OMS' has changed to `LMS' for symbol font
(Font)              `symbols' in the math version `bold' on input line 568.
LaTeX Font Info:    Overwriting symbol font `symbols' in version `bold'
(Font)                  OMS/cmsy/b/n --> LMS/ntxsy/m/n on input line 568.
LaTeX Font Info:    Overwriting symbol font `symbols' in version `bold'
(Font)                  LMS/ntxsy/m/n --> LMS/ntxsy/b/n on input line 569.
\symAMSm=\mathgroup7
LaTeX Font Info:    Overwriting symbol font `AMSm' in version `bold'
(Font)                  U/ntxsym/m/n --> U/ntxsym/b/n on input line 594.
\symsymbolsC=\mathgroup8
LaTeX Font Info:    Overwriting symbol font `symbolsC' in version `bold'
(Font)                  U/ntxsyc/m/n --> U/ntxsyc/b/n on input line 615.
LaTeX Font Info:    Redeclaring symbol font `largesymbols' on input line 628.
LaTeX Font Info:    Encoding `OMX' has changed to `LMX' for symbol font
(Font)              `largesymbols' in the math version `normal' on input line 6
28.
LaTeX Font Info:    Overwriting symbol font `largesymbols' in version `normal'
(Font)                  OMX/cmex/m/n --> LMX/ntxexx/m/n on input line 628.
LaTeX Font Info:    Encoding `OMX' has changed to `LMX' for symbol font
(Font)              `largesymbols' in the math version `bold' on input line 628
.
LaTeX Font Info:    Overwriting symbol font `largesymbols' in version `bold'
(Font)                  OMX/cmex/m/n --> LMX/ntxexx/m/n on input line 628.
LaTeX Font Info:    Overwriting symbol font `largesymbols' in version `bold'
(Font)                  LMX/ntxexx/m/n --> LMX/ntxexx/b/n on input line 629.
\symlargesymbolsTXA=\mathgroup9
LaTeX Font Info:    Overwriting symbol font `largesymbolsTXA' in version `bold'

(Font)                  U/ntxexa/m/n --> U/ntxexa/b/n on input line 643.
\tx@sbptoks=\toks62
LaTeX Font Info:    Redeclaring math delimiter \lfloor on input line 866.
LaTeX Font Info:    Redeclaring math delimiter \rfloor on input line 867.
LaTeX Font Info:    Redeclaring math delimiter \lceil on input line 868.
LaTeX Font Info:    Redeclaring math delimiter \rceil on input line 869.
LaTeX Font Info:    Redeclaring math delimiter \lbrace on input line 870.
LaTeX Font Info:    Redeclaring math delimiter \rbrace on input line 871.
LaTeX Font Info:    Redeclaring math delimiter \langle on input line 872.
LaTeX Font Info:    Redeclaring math delimiter \rangle on input line 874.
LaTeX Font Info:    Redeclaring math delimiter \arrowvert on input line 878.
LaTeX Font Info:    Redeclaring math delimiter \vert on input line 879.
LaTeX Font Info:    Redeclaring math accent \dot on input line 950.
LaTeX Font Info:    Redeclaring math accent \ddot on input line 951.
LaTeX Font Info:    Redeclaring math accent \vec on input line 2020.
LaTeX Info: Redefining \Bbbk on input line 2810.
LaTeX Info: Redefining \not on input line 2959.
LaTeX Info: Redefining \textsquare on input line 2989.
LaTeX Info: Redefining \openbox on input line 2991.
) (d:/Program/texlive/2023/texmf-dist/tex/latex/beamer/beamerthemeMadrid.sty
(d:/Program/texlive/2023/texmf-dist/tex/latex/beamer/beamercolorthemewhale.sty)

(d:/Program/texlive/2023/texmf-dist/tex/latex/beamer/beamercolorthemeorchid.sty
)
(d:/Program/texlive/2023/texmf-dist/tex/latex/beamer/beamerinnerthemerounded.st
y)
(d:/Program/texlive/2023/texmf-dist/tex/latex/beamer/beamerouterthemeinfolines.
sty))
(d:/Program/texlive/2023/texmf-dist/tex/latex/beamer/beamercolorthemecrane.sty)
(d:/Program/texlive/2023/texmf-dist/tex/latex/beamer/beamerfontthemeserif.sty)
\c@dfn=\count515
\c@thm=\count516
\c@ex=\count517
\c@starli=\count518
)
Package csquotes Info: Checking for multilingual support...
Package csquotes Info: ... found 'babel' package.
Package csquotes Info: Adjusting default style.
Package csquotes Info: Redefining alias 'default' -> 'english'.

Package xeCJK Warning: Fandol is being set as the default font for CJK text.
(xeCJK)                Please make sure it has been properly installed.

Requested font "[FandolSong-Regular.otf]/OT" at 11.99997pt
 -> d:/Program/texlive/2023/texmf-dist/fonts/opentype/public/fandol/FandolSong-
Regular.otf
Requested font "[FandolSong-Regular.otf]/OT" at 12.00003pt
 -> d:/Program/texlive/2023/texmf-dist/fonts/opentype/public/fandol/FandolSong-
Regular.otf

Package fontspec Warning: Font "FandolSong-Regular" does not contain requested
(fontspec)                Script "CJK".

Requested font "[FandolSong-Regular.otf]/OT:language=dflt;" at 12.00003pt
 -> d:/Program/texlive/2023/texmf-dist/fonts/opentype/public/fandol/FandolSong-
Regular.otf
Requested font "[FandolSong-Bold.otf]/OT:language=dflt;" at 12.00003pt
 -> d:/Program/texlive/2023/texmf-dist/fonts/opentype/public/fandol/FandolSong-
Bold.otf
Requested font "[FandolKai-Regular.otf]/OT:language=dflt;" at 12.00003pt
 -> d:/Program/texlive/2023/texmf-dist/fonts/opentype/public/fandol/FandolKai-R
egular.otf

Package fontspec Info: Font family 'FandolSong-Regular(0)' created for font
(fontspec)             'FandolSong-Regular' with options [Ligatures =
(fontspec)             TeX,Scale = 1,Extension =
(fontspec)             .otf,SmallCapsFeatures={RawFeature = +pcap,
(fontspec)             },RawFeature=-ss05,Script={CJK},Extension={.otf},BoldFon
t={FandolSong-Bold},ItalicFont={FandolKai-Regular}].
(fontspec)              
(fontspec)              This font family consists of the following NFSS
(fontspec)             series/shapes:
(fontspec)              
(fontspec)             - 'normal' (m/n) with NFSS spec.:
(fontspec)             <->s*[1]"[FandolSong-Regular.otf]/OT:language=dflt;-ss05
;mapping=tex-text;"
(fontspec)             - 'small caps'  (m/sc) with NFSS spec.: 
(fontspec)             - 'bold' (b/n) with NFSS spec.:
(fontspec)             <->s*[1]"[FandolSong-Bold.otf]/OT:language=dflt;-ss05;ma
pping=tex-text;"
(fontspec)             - 'bold small caps'  (b/sc) with NFSS spec.: 
(fontspec)             - 'italic' (m/it) with NFSS spec.:
(fontspec)             <->s*[1]"[FandolKai-Regular.otf]/OT:language=dflt;-ss05;
mapping=tex-text;"
(fontspec)             - 'italic small caps'  (m/scit) with NFSS spec.: 

(d:/Program/texlive/2023/texmf-dist/tex/latex/newtx/TeXGyreTermesX.fontspec)
Requested font "[TeXGyreTermesX-Regular.otf]/OT" at 11.99997pt
 -> d:/Program/texlive/2023/texmf-dist/fonts/opentype/public/newtx/TeXGyreTerme
sX-Regular.otf
Requested font "[TeXGyreTermesX-Regular.otf]/OT" at 12.00003pt
 -> d:/Program/texlive/2023/texmf-dist/fonts/opentype/public/newtx/TeXGyreTerme
sX-Regular.otf
Requested font "[TeXGyreTermesX-Regular.otf]/OT:script=latn;language=dflt;" at 
12.00003pt
 -> d:/Program/texlive/2023/texmf-dist/fonts/opentype/public/newtx/TeXGyreTerme
sX-Regular.otf
Requested font "[TeXGyreTermesX-Bold.otf]/OT:script=latn;language=dflt;" at 12.
00003pt
 -> d:/Program/texlive/2023/texmf-dist/fonts/opentype/public/newtx/TeXGyreTerme
sX-Bold.otf
Requested font "[TeXGyreTermesX-Italic.otf]/OT:script=latn;language=dflt;" at 1
2.00003pt
 -> d:/Program/texlive/2023/texmf-dist/fonts/opentype/public/newtx/TeXGyreTerme
sX-Italic.otf
Requested font "[TeXGyreTermesX-Slanted.otf]/OT:script=latn;language=dflt;" at 
12.00003pt
 -> d:/Program/texlive/2023/texmf-dist/fonts/opentype/public/newtx/TeXGyreTerme
sX-Slanted.otf
Requested font "[TeXGyreTermesX-BoldItalic.otf]/OT:script=latn;language=dflt;" 
at 12.00003pt
 -> d:/Program/texlive/2023/texmf-dist/fonts/opentype/public/newtx/TeXGyreTerme
sX-BoldItalic.otf
Requested font "[TeXGyreTermesX-BoldSlanted.otf]/OT:script=latn;language=dflt;"
 at 12.00003pt
 -> d:/Program/texlive/2023/texmf-dist/fonts/opentype/public/newtx/TeXGyreTerme
sX-BoldSlanted.otf

Package fontspec Info: Font family 'TeXGyreTermesX(0)' created for font
(fontspec)             'TeXGyreTermesX' with options [Ligatures = TeX,Scale =
(fontspec)             1,Extension = .otf,SmallCapsFeatures={RawFeature =
(fontspec)             +pcap, },RawFeature=-ss05,Ligatures=TeX,Extension =
(fontspec)             .otf,UprightFont = TeXGyreTermesX-Regular,BoldFont =
(fontspec)             TeXGyreTermesX-Bold,ItalicFont =
(fontspec)             TeXGyreTermesX-Italic,BoldItalicFont =
(fontspec)             TeXGyreTermesX-BoldItalic,SlantedFont =
(fontspec)             *-Slanted,BoldSlantedFont= *-BoldSlanted,Numbers =
(fontspec)             {Monospaced,Lining},UprightFont = *-Regular,ItalicFont
(fontspec)             = *-Italic,BoldFont = *-Bold,BoldItalicFont =
(fontspec)             *-BoldItalic,SlantedFont = *-Slanted,BoldSlantedFont=
(fontspec)             *-BoldSlanted].
(fontspec)              
(fontspec)              This font family consists of the following NFSS
(fontspec)             series/shapes:
(fontspec)              
(fontspec)             - 'normal' (m/n) with NFSS spec.:
(fontspec)             <->s*[1]"[TeXGyreTermesX-Regular.otf]/OT:script=latn;lan
guage=dflt;-ss05;+tnum;+lnum;mapping=tex-text;"
(fontspec)             - 'small caps'  (m/sc) with NFSS spec.:
(fontspec)             <->s*[1]"[TeXGyreTermesX-Regular.otf]/OT:script=latn;lan
guage=dflt;-ss05;+tnum;+lnum;+smcp;+pcap;mapping=tex-text;"
(fontspec)             - 'bold' (b/n) with NFSS spec.:
(fontspec)             <->s*[1]"[TeXGyreTermesX-Bold.otf]/OT:script=latn;langua
ge=dflt;-ss05;+tnum;+lnum;mapping=tex-text;"
(fontspec)             - 'bold small caps'  (b/sc) with NFSS spec.:
(fontspec)             <->s*[1]"[TeXGyreTermesX-Bold.otf]/OT:script=latn;langua
ge=dflt;-ss05;+tnum;+lnum;+smcp;+pcap;mapping=tex-text;"
(fontspec)             - 'italic' (m/it) with NFSS spec.:
(fontspec)             <->s*[1]"[TeXGyreTermesX-Italic.otf]/OT:script=latn;lang
uage=dflt;-ss05;+tnum;+lnum;mapping=tex-text;"
(fontspec)             - 'italic small caps'  (m/scit) with NFSS spec.:
(fontspec)             <->s*[1]"[TeXGyreTermesX-Italic.otf]/OT:script=latn;lang
uage=dflt;-ss05;+tnum;+lnum;+smcp;+pcap;mapping=tex-text;"
(fontspec)             - 'slanted' (m/sl) with NFSS spec.:
(fontspec)             <->s*[1]"[TeXGyreTermesX-Slanted.otf]/OT:script=latn;lan
guage=dflt;-ss05;+tnum;+lnum;mapping=tex-text;"
(fontspec)             - 'slanted small caps'  (m/scsl) with NFSS spec.:
(fontspec)             <->s*[1]"[TeXGyreTermesX-Slanted.otf]/OT:script=latn;lan
guage=dflt;-ss05;+tnum;+lnum;+smcp;+pcap;mapping=tex-text;"
(fontspec)             - 'bold italic' (b/it) with NFSS spec.:
(fontspec)             <->s*[1]"[TeXGyreTermesX-BoldItalic.otf]/OT:script=latn;
language=dflt;-ss05;+tnum;+lnum;mapping=tex-text;"
(fontspec)             - 'bold italic small caps'  (b/scit) with NFSS spec.:
(fontspec)             <->s*[1]"[TeXGyreTermesX-BoldItalic.otf]/OT:script=latn;
language=dflt;-ss05;+tnum;+lnum;+smcp;+pcap;mapping=tex-text;"
(fontspec)             - 'bold slanted' (b/sl) with NFSS spec.:
(fontspec)             <->s*[1]"[TeXGyreTermesX-BoldSlanted.otf]/OT:script=latn
;language=dflt;-ss05;+tnum;+lnum;mapping=tex-text;"
(fontspec)             - 'bold slanted small caps'  (b/scsl) with NFSS spec.:
(fontspec)             <->s*[1]"[TeXGyreTermesX-BoldSlanted.otf]/OT:script=latn
;language=dflt;-ss05;+tnum;+lnum;+smcp;+pcap;mapping=tex-text;"

LaTeX Font Info:    Font shape `TU/TeXGyreTermesX(0)/m/n' will be
(Font)              scaled to size 12.0pt on input line 15.
Requested font "[TeXGyreTermesX-Regular.otf]/OT:script=latn;language=dflt;-ss05
;+tnum;+lnum;mapping=tex-text;" at 12.0pt
 -> d:/Program/texlive/2023/texmf-dist/fonts/opentype/public/newtx/TeXGyreTerme
sX-Regular.otf

(./2-1.aux)
\openout1 = `2-1.aux'.

LaTeX Font Info:    Checking defaults for OML/ntxmi/m/it on input line 15.
LaTeX Font Info:    Trying to load font information for OML+ntxmi on input line
 15.
 (d:/Program/texlive/2023/texmf-dist/tex/latex/newtx/omlntxmi.fd
File: omlntxmi.fd 2015/08/25 Fontinst v1.933 font definitions for OML/ntxmi.
)
LaTeX Font Info:    ... okay on input line 15.
LaTeX Font Info:    Checking defaults for OMS/cmsy/m/n on input line 15.
LaTeX Font Info:    ... okay on input line 15.
LaTeX Font Info:    Checking defaults for OT1/cmr/m/n on input line 15.
LaTeX Font Info:    ... okay on input line 15.
LaTeX Font Info:    Checking defaults for T1/cmr/m/n on input line 15.
LaTeX Font Info:    ... okay on input line 15.
LaTeX Font Info:    Checking defaults for TS1/cmr/m/n on input line 15.
LaTeX Font Info:    Trying to load font information for TS1+cmr on input line 1
5.

(d:/Program/texlive/2023/texmf-dist/tex/latex/base/ts1cmr.fd
File: ts1cmr.fd 2022/07/10 v2.5l Standard LaTeX font definitions
)
LaTeX Font Info:    ... okay on input line 15.
LaTeX Font Info:    Checking defaults for TU/lmr/m/n on input line 15.
LaTeX Font Info:    ... okay on input line 15.
LaTeX Font Info:    Checking defaults for OMX/cmex/m/n on input line 15.
LaTeX Font Info:    ... okay on input line 15.
LaTeX Font Info:    Checking defaults for U/ntxexa/m/n on input line 15.
LaTeX Font Info:    Trying to load font information for U+ntxexa on input line 
15.

(d:/Program/texlive/2023/texmf-dist/tex/latex/newtx/untxexa.fd
File: untxexa.fd 2012/04/16 Fontinst v1.933 font definitions for U/ntxexa.
)
LaTeX Font Info:    ... okay on input line 15.
LaTeX Font Info:    Checking defaults for PD1/pdf/m/n on input line 15.
LaTeX Font Info:    ... okay on input line 15.
LaTeX Font Info:    Checking defaults for PU/pdf/m/n on input line 15.
LaTeX Font Info:    ... okay on input line 15.
LaTeX Font Info:    Checking defaults for LMS/ntxsy/m/n on input line 15.
LaTeX Font Info:    Trying to load font information for LMS+ntxsy on input line
 15.

(d:/Program/texlive/2023/texmf-dist/tex/latex/newtx/lmsntxsy.fd
File: lmsntxsy.fd 2016/07/02 Fontinst v1.933 font definitions for LMS/ntxsy.
)
LaTeX Font Info:    ... okay on input line 15.
LaTeX Font Info:    Checking defaults for LMX/ntxexx/m/n on input line 15.
LaTeX Font Info:    Trying to load font information for LMX+ntxexx on input lin
e 15.

(d:/Program/texlive/2023/texmf-dist/tex/latex/newtx/lmxntxexx.fd
File: lmxntxexx.fd 2016/07/03 Fontinst v1.933 font definitions for LMX/ntxexx.
)
LaTeX Font Info:    ... okay on input line 15.

*geometry* driver: auto-detecting
*geometry* detected driver: xetex
*geometry* verbose mode - [ preamble ] result:
* driver: xetex
* paper: custom
* layout: <same size as paper>
* layoutoffset:(h,v)=(0.0pt,0.0pt)
* modes: includehead includefoot 
* h-part:(L,W,R)=(12.0pt, 340.19536pt, 12.0pt)
* v-part:(T,H,B)=(0.0pt, 273.14662pt, 0.0pt)
* \paperwidth=364.19536pt
* \paperheight=273.14662pt
* \textwidth=340.19536pt
* \textheight=244.6939pt
* \oddsidemargin=-60.26999pt
* \evensidemargin=-60.26999pt
* \topmargin=-72.26999pt
* \headheight=14.22636pt
* \headsep=0.0pt
* \topskip=12.0pt
* \footskip=14.22636pt
* \marginparwidth=4.0pt
* \marginparsep=10.0pt
* \columnsep=10.0pt
* \skip\footins=10.8pt plus 4.0pt minus 2.0pt
* \hoffset=0.0pt
* \voffset=0.0pt
* \mag=1000
* \@twocolumnfalse
* \@twosidefalse
* \@mparswitchfalse
* \@reversemarginfalse
* (1in=72.27pt=25.4mm, 1cm=28.453pt)

Package hyperref Info: Link coloring OFF on input line 15.
(./2-1.out) (./2-1.out)
\@outlinefile=\write6
\openout6 = `2-1.out'.

\symnumbers=\mathgroup10
\sympureletters=\mathgroup11
LaTeX Font Info:    Overwriting math alphabet `\mathrm' in version `normal'
(Font)                  OT1/minntx/m/n --> TU/TeXGyreTermesX(0)/m/n on input li
ne 15.
LaTeX Font Info:    Redeclaring math alphabet \mathbf on input line 15.
LaTeX Font Info:    Overwriting math alphabet `\mathbf' in version `normal'
(Font)                  OT1/minntx/b/n --> TU/TeXGyreTermesX(0)/b/n on input li
ne 15.
LaTeX Font Info:    Overwriting math alphabet `\mathbf' in version `bold'
(Font)                  OT1/minntx/b/n --> TU/TeXGyreTermesX(0)/b/n on input li
ne 15.
LaTeX Font Info:    Redeclaring math alphabet \mathsf on input line 15.
LaTeX Font Info:    Overwriting math alphabet `\mathsf' in version `normal'
(Font)                  TU/lmss/m/n --> TU/lmss/m/n on input line 15.
LaTeX Font Info:    Overwriting math alphabet `\mathsf' in version `bold'
(Font)                  TU/lmss/b/n --> TU/lmss/m/n on input line 15.
LaTeX Font Info:    Redeclaring math alphabet \mathit on input line 15.
LaTeX Font Info:    Overwriting math alphabet `\mathit' in version `normal'
(Font)                  OT1/minntx/m/it --> TU/TeXGyreTermesX(0)/m/it on input 
line 15.
LaTeX Font Info:    Overwriting math alphabet `\mathit' in version `bold'
(Font)                  OT1/minntx/b/it --> TU/TeXGyreTermesX(0)/m/it on input 
line 15.
LaTeX Font Info:    Redeclaring math alphabet \mathtt on input line 15.
LaTeX Font Info:    Overwriting math alphabet `\mathtt' in version `normal'
(Font)                  TU/lmtt/m/n --> TU/lmtt/m/n on input line 15.
LaTeX Font Info:    Overwriting math alphabet `\mathtt' in version `bold'
(Font)                  TU/lmtt/b/n --> TU/lmtt/m/n on input line 15.
LaTeX Font Info:    Overwriting symbol font `numbers' in version `bold'
(Font)                  TU/TeXGyreTermesX(0)/m/n --> TU/TeXGyreTermesX(0)/b/n o
n input line 15.
LaTeX Font Info:    Overwriting symbol font `pureletters' in version `bold'
(Font)                  TU/TeXGyreTermesX(0)/m/it --> TU/TeXGyreTermesX(0)/b/it
 on input line 15.
LaTeX Font Info:    Overwriting math alphabet `\mathrm' in version `bold'
(Font)                  OT1/minntx/b/n --> TU/TeXGyreTermesX(0)/b/n on input li
ne 15.
LaTeX Font Info:    Overwriting math alphabet `\mathbf' in version `bold'
(Font)                  TU/TeXGyreTermesX(0)/b/n --> TU/TeXGyreTermesX(0)/b/n o
n input line 15.
LaTeX Font Info:    Overwriting math alphabet `\mathsf' in version `bold'
(Font)                  TU/lmss/m/n --> TU/lmss/b/n on input line 15.
LaTeX Font Info:    Overwriting math alphabet `\mathit' in version `bold'
(Font)                  TU/TeXGyreTermesX(0)/m/it --> TU/TeXGyreTermesX(0)/b/it
 on input line 15.
LaTeX Font Info:    Overwriting math alphabet `\mathtt' in version `bold'
(Font)                  TU/lmtt/m/n --> TU/lmtt/b/n on input line 15.

(d:/Program/texlive/2023/texmf-dist/tex/latex/translator/translator-basic-dicti
onary-English.dict
Dictionary: translator-basic-dictionary, Language: English 
)
(d:/Program/texlive/2023/texmf-dist/tex/latex/translator/translator-bibliograph
y-dictionary-English.dict
Dictionary: translator-bibliography-dictionary, Language: English 
)
(d:/Program/texlive/2023/texmf-dist/tex/latex/translator/translator-environment
-dictionary-English.dict
Dictionary: translator-environment-dictionary, Language: English 
)
(d:/Program/texlive/2023/texmf-dist/tex/latex/translator/translator-months-dict
ionary-English.dict
Dictionary: translator-months-dictionary, Language: English 
)
(d:/Program/texlive/2023/texmf-dist/tex/latex/translator/translator-numbers-dic
tionary-English.dict
Dictionary: translator-numbers-dictionary, Language: English 
)
(d:/Program/texlive/2023/texmf-dist/tex/latex/translator/translator-theorem-dic
tionary-English.dict
Dictionary: translator-theorem-dictionary, Language: English 
)
LaTeX Info: Command `\dddot' is already robust on input line 15.
LaTeX Info: Command `\ddddot' is already robust on input line 15.
Package biblatex Info: Trying to load language 'english'...
Package biblatex Info: ... file 'english.lbx' found.

(d:/Program/texlive/2023/texmf-dist/tex/latex/biblatex/lbx/english.lbx
File: english.lbx 2023/03/05 v3.19 biblatex localization (PK/MW)
)
Package biblatex Info: XeTeX detected.
(biblatex)             Assuming input encoding 'utf8'.
Package biblatex Info: Automatic encoding selection.
(biblatex)             Assuming data encoding 'utf8'.
\openout5 = `2-1.bcf'.

Package biblatex Info: Trying to load bibliographic data...
Package biblatex Info: ... file '2-1.bbl' found.

(./2-1.bbl)
Package biblatex Info: Reference section=0 on input line 15.
Package biblatex Info: Reference segment=0 on input line 15.
Package caption Info: Begin \AtBeginDocument code.
Package caption Info: wrapfig package is loaded.
Package caption Info: End \AtBeginDocument code.
Requested font "[FandolHei-Regular.otf]/OT" at 11.99997pt
 -> d:/Program/texlive/2023/texmf-dist/fonts/opentype/public/fandol/FandolHei-R
egular.otf
Requested font "[FandolHei-Regular.otf]/OT" at 12.00003pt
 -> d:/Program/texlive/2023/texmf-dist/fonts/opentype/public/fandol/FandolHei-R
egular.otf


Package fontspec Warning: Font "FandolHei-Regular" does not contain requested
(fontspec)                Script "CJK".

Requested font "[FandolHei-Regular.otf]/OT:language=dflt;" at 12.00003pt
 -> d:/Program/texlive/2023/texmf-dist/fonts/opentype/public/fandol/FandolHei-R
egular.otf
Requested font "[FandolHei-Bold.otf]/OT:language=dflt;" at 12.00003pt
 -> d:/Program/texlive/2023/texmf-dist/fonts/opentype/public/fandol/FandolHei-B
old.otf

Package fontspec Info: Font family 'FandolHei-Regular(0)' created for font
(fontspec)             'FandolHei-Regular' with options [Ligatures = TeX,Scale
(fontspec)             = 1,Extension = .otf,SmallCapsFeatures={RawFeature =
(fontspec)             +pcap,
(fontspec)             },RawFeature=-ss05,Script={CJK},Extension={.otf},BoldFon
t={FandolHei-Bold}].
(fontspec)              
(fontspec)              This font family consists of the following NFSS
(fontspec)             series/shapes:
(fontspec)              
(fontspec)             - 'normal' (m/n) with NFSS spec.:
(fontspec)             <->s*[1]"[FandolHei-Regular.otf]/OT:language=dflt;-ss05;
mapping=tex-text;"
(fontspec)             - 'small caps'  (m/sc) with NFSS spec.: 
(fontspec)             - 'bold' (b/n) with NFSS spec.:
(fontspec)             <->s*[1]"[FandolHei-Bold.otf]/OT:language=dflt;-ss05;map
ping=tex-text;"
(fontspec)             - 'bold small caps'  (b/sc) with NFSS spec.: 

(./2-1.nav)
LaTeX Font Info:    Font shape `TU/TeXGyreTermesX(0)/m/n' will be
(Font)              scaled to size 6.0pt on input line 15.
Requested font "[TeXGyreTermesX-Regular.otf]/OT:script=latn;language=dflt;-ss05
;+tnum;+lnum;mapping=tex-text;" at 6.0pt
 -> d:/Program/texlive/2023/texmf-dist/fonts/opentype/public/newtx/TeXGyreTerme
sX-Regular.otf
LaTeX Font Info:    Font shape `TU/TeXGyreTermesX(0)/m/n' will be
(Font)              scaled to size 20.74pt on input line 18.
Requested font "[TeXGyreTermesX-Regular.otf]/OT:script=latn;language=dflt;-ss05
;+tnum;+lnum;mapping=tex-text;" at 20.74pt
 -> d:/Program/texlive/2023/texmf-dist/fonts/opentype/public/newtx/TeXGyreTerme
sX-Regular.otf
LaTeX Font Info:    Font shape `TU/TeXGyreTermesX(0)/b/n' will be
(Font)              scaled to size 20.74pt on input line 18.
Requested font "[TeXGyreTermesX-Bold.otf]/OT:script=latn;language=dflt;-ss05;+t
num;+lnum;mapping=tex-text;" at 20.74pt
 -> d:/Program/texlive/2023/texmf-dist/fonts/opentype/public/newtx/TeXGyreTerme
sX-Bold.otf
Requested font "[lmsans10-bold]:mapping=tex-text;" at 20.74pt
 -> d:/Program/texlive/2023/texmf-dist/fonts/opentype/public/lm/lmsans10-bold.o
tf
LaTeX Font Info:    Font shape `TU/FandolHei-Regular(0)/b/n' will be
(Font)              scaled to size 20.74pt on input line 18.
Requested font "[FandolHei-Bold.otf]/OT:language=dflt;-ss05;mapping=tex-text;" 
at 20.74pt
 -> d:/Program/texlive/2023/texmf-dist/fonts/opentype/public/fandol/FandolHei-B
old.otf
LaTeX Font Info:    Font shape `TU/FandolHei-Regular(0)/m/n' will be
(Font)              scaled to size 12.0pt on input line 18.
Requested font "[FandolHei-Regular.otf]/OT:language=dflt;-ss05;mapping=tex-text
;" at 12.0pt
 -> d:/Program/texlive/2023/texmf-dist/fonts/opentype/public/fandol/FandolHei-R
egular.otf
Requested font "[lmsans8-regular]:mapping=tex-text;" at 8.0pt
 -> d:/Program/texlive/2023/texmf-dist/fonts/opentype/public/lm/lmsans8-regular
.otf
LaTeX Font Info:    Font shape `TU/FandolHei-Regular(0)/m/n' will be
(Font)              scaled to size 8.0pt on input line 18.
Requested font "[FandolHei-Regular.otf]/OT:language=dflt;-ss05;mapping=tex-text
;" at 8.0pt
 -> d:/Program/texlive/2023/texmf-dist/fonts/opentype/public/fandol/FandolHei-R
egular.otf
LaTeX Font Info:    Font shape `TU/TeXGyreTermesX(0)/m/n' will be
(Font)              scaled to size 4.0pt on input line 18.
Requested font "[TeXGyreTermesX-Regular.otf]/OT:script=latn;language=dflt;-ss05
;+tnum;+lnum;mapping=tex-text;" at 4.0pt
 -> d:/Program/texlive/2023/texmf-dist/fonts/opentype/public/newtx/TeXGyreTerme
sX-Regular.otf
 [1

] (./2-1.toc
LaTeX Font Info:    Font shape `TU/TeXGyreTermesX(0)/b/n' will be
(Font)              scaled to size 12.0pt on input line 2.
Requested font "[TeXGyreTermesX-Bold.otf]/OT:script=latn;language=dflt;-ss05;+t
num;+lnum;mapping=tex-text;" at 12.0pt
 -> d:/Program/texlive/2023/texmf-dist/fonts/opentype/public/newtx/TeXGyreTerme
sX-Bold.otf
Requested font "[lmsans10-bold]:mapping=tex-text;" at 6.0pt
 -> d:/Program/texlive/2023/texmf-dist/fonts/opentype/public/lm/lmsans10-bold.o
tf
LaTeX Font Info:    Font shape `TU/TeXGyreTermesX(0)/b/n' will be
(Font)              scaled to size 6.0pt on input line 2.
Requested font "[TeXGyreTermesX-Bold.otf]/OT:script=latn;language=dflt;-ss05;+t
num;+lnum;mapping=tex-text;" at 6.0pt
 -> d:/Program/texlive/2023/texmf-dist/fonts/opentype/public/newtx/TeXGyreTerme
sX-Bold.otf
LaTeX Font Info:    Font shape `TU/FandolHei-Regular(0)/b/n' will be
(Font)              scaled to size 12.0pt on input line 2.
Requested font "[FandolHei-Bold.otf]/OT:language=dflt;-ss05;mapping=tex-text;" 
at 12.0pt
 -> d:/Program/texlive/2023/texmf-dist/fonts/opentype/public/fandol/FandolHei-B
old.otf
)
LaTeX Font Info:    Font shape `TU/TeXGyreTermesX(0)/m/n' will be
(Font)              scaled to size 17.28pt on input line 24.
Requested font "[TeXGyreTermesX-Regular.otf]/OT:script=latn;language=dflt;-ss05
;+tnum;+lnum;mapping=tex-text;" at 17.28pt
 -> d:/Program/texlive/2023/texmf-dist/fonts/opentype/public/newtx/TeXGyreTerme
sX-Regular.otf
LaTeX Font Info:    Font shape `TU/TeXGyreTermesX(0)/b/n' will be
(Font)              scaled to size 17.28pt on input line 24.
Requested font "[TeXGyreTermesX-Bold.otf]/OT:script=latn;language=dflt;-ss05;+t
num;+lnum;mapping=tex-text;" at 17.28pt
 -> d:/Program/texlive/2023/texmf-dist/fonts/opentype/public/newtx/TeXGyreTerme
sX-Bold.otf
LaTeX Font Info:    Font shape `TU/FandolSong-Regular(0)/b/n' will be
(Font)              scaled to size 17.28pt on input line 24.
Requested font "[FandolSong-Bold.otf]/OT:language=dflt;-ss05;mapping=tex-text;"
 at 17.28pt
 -> d:/Program/texlive/2023/texmf-dist/fonts/opentype/public/fandol/FandolSong-
Bold.otf
 [2

]
LaTeX Font Info:    Trying to load font information for OT1+minntx on input lin
e 39.

(d:/Program/texlive/2023/texmf-dist/tex/latex/newtx/ot1minntx.fd
File: ot1minntx.fd 2022/01/20 v1.0 font definition file for OT1/minntx
)
Requested font "ntx-Bold-tlf-ot1" at 12.0pt
 -> d:/Program/texlive/2023/texmf-dist/fonts/tfm/public/newtx/ntx-Bold-tlf-ot1.
tfm
Requested font "ntx-Bold-tlf-ot1" at 8.8pt
 -> d:/Program/texlive/2023/texmf-dist/fonts/tfm/public/newtx/ntx-Bold-tlf-ot1.
tfm
Requested font "ntx-Bold-tlf-ot1" at 6.6pt
 -> d:/Program/texlive/2023/texmf-dist/fonts/tfm/public/newtx/ntx-Bold-tlf-ot1.
tfm
Requested font "ntxbmi" at 12.0pt
 -> d:/Program/texlive/2023/texmf-dist/fonts/tfm/public/newtx/ntxbmi.tfm
Requested font "ntxbmi" at 8.8pt
 -> d:/Program/texlive/2023/texmf-dist/fonts/tfm/public/newtx/ntxbmi.tfm
Requested font "ntxbmi7" at 6.6pt
 -> d:/Program/texlive/2023/texmf-dist/fonts/tfm/public/newtx/ntxbmi7.tfm
Requested font "ntxbsy" at 12.0pt
 -> d:/Program/texlive/2023/texmf-dist/fonts/tfm/public/newtx/ntxbsy.tfm
Requested font "ntxbsy" at 8.8pt
 -> d:/Program/texlive/2023/texmf-dist/fonts/tfm/public/newtx/ntxbsy.tfm
Requested font "ntxbsy7" at 6.6pt
 -> d:/Program/texlive/2023/texmf-dist/fonts/tfm/public/newtx/ntxbsy7.tfm
Requested font "ntxbexx" at 12.0pt
 -> d:/Program/texlive/2023/texmf-dist/fonts/tfm/public/newtx/ntxbexx.tfm
Requested font "ntxbexx" at 8.8pt
 -> d:/Program/texlive/2023/texmf-dist/fonts/tfm/public/newtx/ntxbexx.tfm
Requested font "ntxbexx" at 6.6pt
 -> d:/Program/texlive/2023/texmf-dist/fonts/tfm/public/newtx/ntxbexx.tfm
LaTeX Font Info:    Trying to load font information for U+msa on input line 39.


(d:/Program/texlive/2023/texmf-dist/tex/latex/amsfonts/umsa.fd
File: umsa.fd 2013/01/14 v3.01 AMS symbols A
)
Requested font "msam10" at 12.0pt
 -> d:/Program/texlive/2023/texmf-dist/fonts/tfm/public/amsfonts/symbols/msam10
.tfm
Requested font "msam10" at 8.8pt
 -> d:/Program/texlive/2023/texmf-dist/fonts/tfm/public/amsfonts/symbols/msam10
.tfm
Requested font "msam7" at 6.6pt
 -> d:/Program/texlive/2023/texmf-dist/fonts/tfm/public/amsfonts/symbols/msam7.
tfm
LaTeX Font Info:    Trying to load font information for U+msb on input line 39.


(d:/Program/texlive/2023/texmf-dist/tex/latex/amsfonts/umsb.fd
File: umsb.fd 2013/01/14 v3.01 AMS symbols B
)
Requested font "msbm10" at 12.0pt
 -> d:/Program/texlive/2023/texmf-dist/fonts/tfm/public/amsfonts/symbols/msbm10
.tfm
Requested font "msbm10" at 8.8pt
 -> d:/Program/texlive/2023/texmf-dist/fonts/tfm/public/amsfonts/symbols/msbm10
.tfm
Requested font "msbm7" at 6.6pt
 -> d:/Program/texlive/2023/texmf-dist/fonts/tfm/public/amsfonts/symbols/msbm7.
tfm
LaTeX Font Info:    Trying to load font information for U+ntxmia on input line 
39.

(d:/Program/texlive/2023/texmf-dist/tex/latex/newtx/untxmia.fd
File: untxmia.fd 2018/04/14 Fontinst v1.933 font definitions for U/ntxmia.
)
Requested font "ntxbmia" at 12.0pt
 -> d:/Program/texlive/2023/texmf-dist/fonts/tfm/public/newtx/ntxbmia.tfm
Requested font "ntxbmia" at 8.8pt
 -> d:/Program/texlive/2023/texmf-dist/fonts/tfm/public/newtx/ntxbmia.tfm
Requested font "ntxbmia" at 6.6pt
 -> d:/Program/texlive/2023/texmf-dist/fonts/tfm/public/newtx/ntxbmia.tfm
LaTeX Font Info:    Trying to load font information for U+ntxsym on input line 
39.

(d:/Program/texlive/2023/texmf-dist/tex/latex/newtx/untxsym.fd
File: untxsym.fd 2015/03/20 Fontinst v1.933 font definitions for U/ntxsym.
)
Requested font "ntxbsym" at 12.0pt
 -> d:/Program/texlive/2023/texmf-dist/fonts/tfm/public/newtx/ntxbsym.tfm
Requested font "ntxbsym" at 8.8pt
 -> d:/Program/texlive/2023/texmf-dist/fonts/tfm/public/newtx/ntxbsym.tfm
Requested font "ntxbsym" at 6.6pt
 -> d:/Program/texlive/2023/texmf-dist/fonts/tfm/public/newtx/ntxbsym.tfm
LaTeX Font Info:    Trying to load font information for U+ntxsyc on input line 
39.

(d:/Program/texlive/2023/texmf-dist/tex/latex/newtx/untxsyc.fd
File: untxsyc.fd 2012/04/12 Fontinst v1.933 font definitions for U/ntxsyc.
)
Requested font "ntxbsyc" at 12.0pt
 -> d:/Program/texlive/2023/texmf-dist/fonts/tfm/public/newtx/ntxbsyc.tfm
Requested font "ntxbsyc" at 8.8pt
 -> d:/Program/texlive/2023/texmf-dist/fonts/tfm/public/newtx/ntxbsyc.tfm
Requested font "ntxbsyc" at 6.6pt
 -> d:/Program/texlive/2023/texmf-dist/fonts/tfm/public/newtx/ntxbsyc.tfm
Requested font "ntxbexa" at 12.0pt
 -> d:/Program/texlive/2023/texmf-dist/fonts/tfm/public/newtx/ntxbexa.tfm
Requested font "ntxbexa" at 8.8pt
 -> d:/Program/texlive/2023/texmf-dist/fonts/tfm/public/newtx/ntxbexa.tfm
Requested font "ntxbexa" at 6.6pt
 -> d:/Program/texlive/2023/texmf-dist/fonts/tfm/public/newtx/ntxbexa.tfm
LaTeX Font Info:    Font shape `TU/TeXGyreTermesX(0)/b/n' will be
(Font)              scaled to size 8.8pt on input line 39.
Requested font "[TeXGyreTermesX-Bold.otf]/OT:script=latn;language=dflt;-ss05;+t
num;+lnum;mapping=tex-text;" at 8.8pt
 -> d:/Program/texlive/2023/texmf-dist/fonts/opentype/public/newtx/TeXGyreTerme
sX-Bold.otf
LaTeX Font Info:    Font shape `TU/TeXGyreTermesX(0)/b/n' will be
(Font)              scaled to size 6.6pt on input line 39.
Requested font "[TeXGyreTermesX-Bold.otf]/OT:script=latn;language=dflt;-ss05;+t
num;+lnum;mapping=tex-text;" at 6.6pt
 -> d:/Program/texlive/2023/texmf-dist/fonts/opentype/public/newtx/TeXGyreTerme
sX-Bold.otf
LaTeX Font Info:    Font shape `TU/TeXGyreTermesX(0)/b/it' will be
(Font)              scaled to size 12.0pt on input line 39.
Requested font "[TeXGyreTermesX-BoldItalic.otf]/OT:script=latn;language=dflt;-s
s05;+tnum;+lnum;mapping=tex-text;" at 12.0pt
 -> d:/Program/texlive/2023/texmf-dist/fonts/opentype/public/newtx/TeXGyreTerme
sX-BoldItalic.otf
LaTeX Font Info:    Font shape `TU/TeXGyreTermesX(0)/b/it' will be
(Font)              scaled to size 8.8pt on input line 39.
Requested font "[TeXGyreTermesX-BoldItalic.otf]/OT:script=latn;language=dflt;-s
s05;+tnum;+lnum;mapping=tex-text;" at 8.8pt
 -> d:/Program/texlive/2023/texmf-dist/fonts/opentype/public/newtx/TeXGyreTerme
sX-BoldItalic.otf
LaTeX Font Info:    Font shape `TU/TeXGyreTermesX(0)/b/it' will be
(Font)              scaled to size 6.6pt on input line 39.
Requested font "[TeXGyreTermesX-BoldItalic.otf]/OT:script=latn;language=dflt;-s
s05;+tnum;+lnum;mapping=tex-text;" at 6.6pt
 -> d:/Program/texlive/2023/texmf-dist/fonts/opentype/public/newtx/TeXGyreTerme
sX-BoldItalic.otf
Requested font "ntx-Bold-tlf-ot1" at 17.28pt
 -> d:/Program/texlive/2023/texmf-dist/fonts/tfm/public/newtx/ntx-Bold-tlf-ot1.
tfm
Requested font "ntx-Bold-tlf-ot1" at 12.5pt
 -> d:/Program/texlive/2023/texmf-dist/fonts/tfm/public/newtx/ntx-Bold-tlf-ot1.
tfm
Requested font "ntx-Bold-tlf-ot1" at 9.4pt
 -> d:/Program/texlive/2023/texmf-dist/fonts/tfm/public/newtx/ntx-Bold-tlf-ot1.
tfm
Requested font "ntxbmi" at 17.28pt
 -> d:/Program/texlive/2023/texmf-dist/fonts/tfm/public/newtx/ntxbmi.tfm
Requested font "ntxbmi" at 12.5pt
 -> d:/Program/texlive/2023/texmf-dist/fonts/tfm/public/newtx/ntxbmi.tfm
Requested font "ntxbmi" at 9.4pt
 -> d:/Program/texlive/2023/texmf-dist/fonts/tfm/public/newtx/ntxbmi.tfm
Requested font "ntxbsy" at 17.28pt
 -> d:/Program/texlive/2023/texmf-dist/fonts/tfm/public/newtx/ntxbsy.tfm
Requested font "ntxbsy" at 12.5pt
 -> d:/Program/texlive/2023/texmf-dist/fonts/tfm/public/newtx/ntxbsy.tfm
Requested font "ntxbsy" at 9.4pt
 -> d:/Program/texlive/2023/texmf-dist/fonts/tfm/public/newtx/ntxbsy.tfm
Requested font "ntxbexx" at 17.28pt
 -> d:/Program/texlive/2023/texmf-dist/fonts/tfm/public/newtx/ntxbexx.tfm
Requested font "ntxbexx" at 12.5pt
 -> d:/Program/texlive/2023/texmf-dist/fonts/tfm/public/newtx/ntxbexx.tfm
Requested font "ntxbexx" at 9.4pt
 -> d:/Program/texlive/2023/texmf-dist/fonts/tfm/public/newtx/ntxbexx.tfm
Requested font "msam10" at 17.28pt
 -> d:/Program/texlive/2023/texmf-dist/fonts/tfm/public/amsfonts/symbols/msam10
.tfm
Requested font "msam10" at 12.5pt
 -> d:/Program/texlive/2023/texmf-dist/fonts/tfm/public/amsfonts/symbols/msam10
.tfm
Requested font "msam10" at 9.4pt
 -> d:/Program/texlive/2023/texmf-dist/fonts/tfm/public/amsfonts/symbols/msam10
.tfm
Requested font "msbm10" at 17.28pt
 -> d:/Program/texlive/2023/texmf-dist/fonts/tfm/public/amsfonts/symbols/msbm10
.tfm
Requested font "msbm10" at 12.5pt
 -> d:/Program/texlive/2023/texmf-dist/fonts/tfm/public/amsfonts/symbols/msbm10
.tfm
Requested font "msbm10" at 9.4pt
 -> d:/Program/texlive/2023/texmf-dist/fonts/tfm/public/amsfonts/symbols/msbm10
.tfm
Requested font "ntxbmia" at 17.28pt
 -> d:/Program/texlive/2023/texmf-dist/fonts/tfm/public/newtx/ntxbmia.tfm
Requested font "ntxbmia" at 12.5pt
 -> d:/Program/texlive/2023/texmf-dist/fonts/tfm/public/newtx/ntxbmia.tfm
Requested font "ntxbmia" at 9.4pt
 -> d:/Program/texlive/2023/texmf-dist/fonts/tfm/public/newtx/ntxbmia.tfm
Requested font "ntxbsym" at 17.28pt
 -> d:/Program/texlive/2023/texmf-dist/fonts/tfm/public/newtx/ntxbsym.tfm
Requested font "ntxbsym" at 12.5pt
 -> d:/Program/texlive/2023/texmf-dist/fonts/tfm/public/newtx/ntxbsym.tfm
Requested font "ntxbsym" at 9.4pt
 -> d:/Program/texlive/2023/texmf-dist/fonts/tfm/public/newtx/ntxbsym.tfm
Requested font "ntxbsyc" at 17.28pt
 -> d:/Program/texlive/2023/texmf-dist/fonts/tfm/public/newtx/ntxbsyc.tfm
Requested font "ntxbsyc" at 12.5pt
 -> d:/Program/texlive/2023/texmf-dist/fonts/tfm/public/newtx/ntxbsyc.tfm
Requested font "ntxbsyc" at 9.4pt
 -> d:/Program/texlive/2023/texmf-dist/fonts/tfm/public/newtx/ntxbsyc.tfm
Requested font "ntxbexa" at 17.28pt
 -> d:/Program/texlive/2023/texmf-dist/fonts/tfm/public/newtx/ntxbexa.tfm
Requested font "ntxbexa" at 12.5pt
 -> d:/Program/texlive/2023/texmf-dist/fonts/tfm/public/newtx/ntxbexa.tfm
Requested font "ntxbexa" at 9.4pt
 -> d:/Program/texlive/2023/texmf-dist/fonts/tfm/public/newtx/ntxbexa.tfm
LaTeX Font Info:    Font shape `TU/TeXGyreTermesX(0)/b/n' will be
(Font)              scaled to size 12.5pt on input line 39.
Requested font "[TeXGyreTermesX-Bold.otf]/OT:script=latn;language=dflt;-ss05;+t
num;+lnum;mapping=tex-text;" at 12.5pt
 -> d:/Program/texlive/2023/texmf-dist/fonts/opentype/public/newtx/TeXGyreTerme
sX-Bold.otf
LaTeX Font Info:    Font shape `TU/TeXGyreTermesX(0)/b/n' will be
(Font)              scaled to size 9.4pt on input line 39.
Requested font "[TeXGyreTermesX-Bold.otf]/OT:script=latn;language=dflt;-ss05;+t
num;+lnum;mapping=tex-text;" at 9.4pt
 -> d:/Program/texlive/2023/texmf-dist/fonts/opentype/public/newtx/TeXGyreTerme
sX-Bold.otf
LaTeX Font Info:    Font shape `TU/TeXGyreTermesX(0)/b/it' will be
(Font)              scaled to size 17.28pt on input line 39.
Requested font "[TeXGyreTermesX-BoldItalic.otf]/OT:script=latn;language=dflt;-s
s05;+tnum;+lnum;mapping=tex-text;" at 17.28pt
 -> d:/Program/texlive/2023/texmf-dist/fonts/opentype/public/newtx/TeXGyreTerme
sX-BoldItalic.otf
LaTeX Font Info:    Font shape `TU/TeXGyreTermesX(0)/b/it' will be
(Font)              scaled to size 12.5pt on input line 39.
Requested font "[TeXGyreTermesX-BoldItalic.otf]/OT:script=latn;language=dflt;-s
s05;+tnum;+lnum;mapping=tex-text;" at 12.5pt
 -> d:/Program/texlive/2023/texmf-dist/fonts/opentype/public/newtx/TeXGyreTerme
sX-BoldItalic.otf
LaTeX Font Info:    Font shape `TU/TeXGyreTermesX(0)/b/it' will be
(Font)              scaled to size 9.4pt on input line 39.
Requested font "[TeXGyreTermesX-BoldItalic.otf]/OT:script=latn;language=dflt;-s
s05;+tnum;+lnum;mapping=tex-text;" at 9.4pt
 -> d:/Program/texlive/2023/texmf-dist/fonts/opentype/public/newtx/TeXGyreTerme
sX-BoldItalic.otf
 [3

]
File: figures/shuliedingyi1.png Graphic file (type bmp)
<figures/shuliedingyi1.png>
 [4

]
Requested font "[lmsans9-regular]:mapping=tex-text;" at 8.8pt
 -> d:/Program/texlive/2023/texmf-dist/fonts/opentype/public/lm/lmsans9-regular
.otf
Requested font "[FandolHei-Regular.otf]/OT:language=dflt;-ss05;mapping=tex-text
;" at 8.8pt
 -> d:/Program/texlive/2023/texmf-dist/fonts/opentype/public/fandol/FandolHei-R
egular.otf
Requested font "[lmsans8-regular]:mapping=tex-text;" at 6.6pt
 -> d:/Program/texlive/2023/texmf-dist/fonts/opentype/public/lm/lmsans8-regular
.otf
Requested font "[FandolHei-Regular.otf]/OT:language=dflt;-ss05;mapping=tex-text
;" at 6.6pt
 -> d:/Program/texlive/2023/texmf-dist/fonts/opentype/public/fandol/FandolHei-R
egular.otf

[5

]
LaTeX Font Info:    Font shape `TU/TeXGyreTermesX(0)/m/n' will be
(Font)              scaled to size 14.4pt on input line 86.
Requested font "[TeXGyreTermesX-Regular.otf]/OT:script=latn;language=dflt;-ss05
;+tnum;+lnum;mapping=tex-text;" at 14.4pt
 -> d:/Program/texlive/2023/texmf-dist/fonts/opentype/public/newtx/TeXGyreTerme
sX-Regular.otf
LaTeX Font Info:    Font shape `TU/FandolSong-Regular(0)/b/n' will be
(Font)              scaled to size 12.0pt on input line 86.
Requested font "[FandolSong-Bold.otf]/OT:language=dflt;-ss05;mapping=tex-text;"
 at 12.0pt
 -> d:/Program/texlive/2023/texmf-dist/fonts/opentype/public/fandol/FandolSong-
Bold.otf
Requested font "[FandolSong-Bold.otf]/OT:language=dflt;-ss05;mapping=tex-text;"
 at 8.8pt
 -> d:/Program/texlive/2023/texmf-dist/fonts/opentype/public/fandol/FandolSong-
Bold.otf
Requested font "[FandolSong-Bold.otf]/OT:language=dflt;-ss05;mapping=tex-text;"
 at 6.6pt
 -> d:/Program/texlive/2023/texmf-dist/fonts/opentype/public/fandol/FandolSong-
Bold.otf
 [6

]
File: figures/shuzhoushulie1.png Graphic file (type bmp)
<figures/shuzhoushulie1.png>
LaTeX Font Info:    Font shape `TU/TeXGyreTermesX(0)/b/n' will be
(Font)              scaled to size 14.4pt on input line 103.
Requested font "[TeXGyreTermesX-Bold.otf]/OT:script=latn;language=dflt;-ss05;+t
num;+lnum;mapping=tex-text;" at 14.4pt
 -> d:/Program/texlive/2023/texmf-dist/fonts/opentype/public/newtx/TeXGyreTerme
sX-Bold.otf
 [7

] [8

] [9

] [10

] [11

] [12

] [13

] [14

] [15

] [16

] [17

] [18

] [19

] [20

]
[21

]
Missing character: There is no  ("201D) in font ntx-Bold-tlf-ot1!
[22

]
\tf@nav=\write7
\openout7 = `2-1.nav'.

\tf@toc=\write8
\openout8 = `2-1.toc'.

\tf@snm=\write9
\openout9 = `2-1.snm'.

 (./2-1.aux)
Package rerunfilecheck Info: File `2-1.out' has not changed.
(rerunfilecheck)             Checksum: 9D1D64646CEE7E8C6C1FC0616012B7D7;115.
Package logreq Info: Writing requests to '2-1.run.xml'.
\openout1 = `2-1.run.xml'.

 ) 
Here is how much of TeX's memory you used:
 39791 strings out of 476683
 840417 string characters out of 5804047
 1860012 words of memory out of 5000000
 59254 multiletter control sequences out of 15000+600000
 543322 words of font info for 152 fonts, out of 8000000 for 9000
 1348 hyphenation exceptions out of 8191
 99i,18n,104p,676b,3956s stack positions out of 10000i,1000n,20000p,200000b,200000s

Output written on 2-1.pdf (22 pages).
